INFO - 2023-12-21 03:07:11 --> Session: Class initialized using 'CodeIgniter\Session\Handlers\FileHandler' driver.
CRITICAL - 2023-12-21 10:07:11 --> Attempt to read property "kategori_user" on null
in APPPATH\Controllers\Dashboard.php on line 33.
 1 APPPATH\Controllers\Dashboard.php(33): CodeIgniter\Debug\Exceptions->errorHandler(2, 'Attempt to read property "kategori_user" on null', 'C:\\laragon\\www\\dashboard\\app\\Controllers\\Dashboard.php', 33)
 2 SYSTEMPATH\CodeIgniter.php(932): App\Controllers\Dashboard->index()
 3 SYSTEMPATH\CodeIgniter.php(497): CodeIgniter\CodeIgniter->runController(Object(App\Controllers\Dashboard))
 4 SYSTEMPATH\CodeIgniter.php(366): CodeIgniter\CodeIgniter->handleRequest(null, Object(Config\Cache), false)
 5 FCPATH\index.php(67): CodeIgniter\CodeIgniter->run()
 6 SYSTEMPATH\Commands\Server\rewrite.php(47): require_once('C:\\laragon\\www\\dashboard\\public\\index.php')
INFO - 2023-12-21 04:02:09 --> Session: Class initialized using 'CodeIgniter\Session\Handlers\FileHandler' driver.
INFO - 2023-12-21 04:02:41 --> Session: Class initialized using 'CodeIgniter\Session\Handlers\FileHandler' driver.
INFO - 2023-12-21 04:02:45 --> Session: Class initialized using 'CodeIgniter\Session\Handlers\FileHandler' driver.
INFO - 2023-12-21 04:03:34 --> Session: Class initialized using 'CodeIgniter\Session\Handlers\FileHandler' driver.
INFO - 2023-12-21 04:03:34 --> Session: Class initialized using 'CodeIgniter\Session\Handlers\FileHandler' driver.
INFO - 2023-12-21 04:03:34 --> Session: Class initialized using 'CodeIgniter\Session\Handlers\FileHandler' driver.
INFO - 2023-12-21 04:03:34 --> Session: Class initialized using 'CodeIgniter\Session\Handlers\FileHandler' driver.
INFO - 2023-12-21 04:03:34 --> Session: Class initialized using 'CodeIgniter\Session\Handlers\FileHandler' driver.
INFO - 2023-12-21 04:03:34 --> Session: Class initialized using 'CodeIgniter\Session\Handlers\FileHandler' driver.
INFO - 2023-12-21 04:03:34 --> Session: Class initialized using 'CodeIgniter\Session\Handlers\FileHandler' driver.
INFO - 2023-12-21 04:03:35 --> Session: Class initialized using 'CodeIgniter\Session\Handlers\FileHandler' driver.
INFO - 2023-12-21 04:03:35 --> Session: Class initialized using 'CodeIgniter\Session\Handlers\FileHandler' driver.
INFO - 2023-12-21 04:03:35 --> Session: Class initialized using 'CodeIgniter\Session\Handlers\FileHandler' driver.
INFO - 2023-12-21 04:03:35 --> Session: Class initialized using 'CodeIgniter\Session\Handlers\FileHandler' driver.
INFO - 2023-12-21 04:03:35 --> Session: Class initialized using 'CodeIgniter\Session\Handlers\FileHandler' driver.
INFO - 2023-12-21 04:03:35 --> Session: Class initialized using 'CodeIgniter\Session\Handlers\FileHandler' driver.
INFO - 2023-12-21 04:03:35 --> Session: Class initialized using 'CodeIgniter\Session\Handlers\FileHandler' driver.
INFO - 2023-12-21 04:03:35 --> Session: Class initialized using 'CodeIgniter\Session\Handlers\FileHandler' driver.
INFO - 2023-12-21 04:03:35 --> Session: Class initialized using 'CodeIgniter\Session\Handlers\FileHandler' driver.
INFO - 2023-12-21 04:03:35 --> Session: Class initialized using 'CodeIgniter\Session\Handlers\FileHandler' driver.
INFO - 2023-12-21 04:03:36 --> Session: Class initialized using 'CodeIgniter\Session\Handlers\FileHandler' driver.
INFO - 2023-12-21 04:03:36 --> Session: Class initialized using 'CodeIgniter\Session\Handlers\FileHandler' driver.
INFO - 2023-12-21 04:03:36 --> Session: Class initialized using 'CodeIgniter\Session\Handlers\FileHandler' driver.
INFO - 2023-12-21 04:03:37 --> Session: Class initialized using 'CodeIgniter\Session\Handlers\FileHandler' driver.
INFO - 2023-12-21 04:03:37 --> Session: Class initialized using 'CodeIgniter\Session\Handlers\FileHandler' driver.
INFO - 2023-12-21 04:03:37 --> Session: Class initialized using 'CodeIgniter\Session\Handlers\FileHandler' driver.
INFO - 2023-12-21 04:03:37 --> Session: Class initialized using 'CodeIgniter\Session\Handlers\FileHandler' driver.
INFO - 2023-12-21 04:03:38 --> Session: Class initialized using 'CodeIgniter\Session\Handlers\FileHandler' driver.
INFO - 2023-12-21 04:03:38 --> Session: Class initialized using 'CodeIgniter\Session\Handlers\FileHandler' driver.
INFO - 2023-12-21 04:03:38 --> Session: Class initialized using 'CodeIgniter\Session\Handlers\FileHandler' driver.
INFO - 2023-12-21 04:03:38 --> Session: Class initialized using 'CodeIgniter\Session\Handlers\FileHandler' driver.
INFO - 2023-12-21 04:03:38 --> Session: Class initialized using 'CodeIgniter\Session\Handlers\FileHandler' driver.
INFO - 2023-12-21 04:03:38 --> Session: Class initialized using 'CodeIgniter\Session\Handlers\FileHandler' driver.
INFO - 2023-12-21 04:03:38 --> Session: Class initialized using 'CodeIgniter\Session\Handlers\FileHandler' driver.
INFO - 2023-12-21 04:03:38 --> Session: Class initialized using 'CodeIgniter\Session\Handlers\FileHandler' driver.
INFO - 2023-12-21 04:03:39 --> Session: Class initialized using 'CodeIgniter\Session\Handlers\FileHandler' driver.
INFO - 2023-12-21 04:03:39 --> Session: Class initialized using 'CodeIgniter\Session\Handlers\FileHandler' driver.
INFO - 2023-12-21 04:03:39 --> Session: Class initialized using 'CodeIgniter\Session\Handlers\FileHandler' driver.
INFO - 2023-12-21 04:03:39 --> Session: Class initialized using 'CodeIgniter\Session\Handlers\FileHandler' driver.
INFO - 2023-12-21 04:03:39 --> Session: Class initialized using 'CodeIgniter\Session\Handlers\FileHandler' driver.
INFO - 2023-12-21 04:03:39 --> Session: Class initialized using 'CodeIgniter\Session\Handlers\FileHandler' driver.
INFO - 2023-12-21 04:03:39 --> Session: Class initialized using 'CodeIgniter\Session\Handlers\FileHandler' driver.
INFO - 2023-12-21 04:03:40 --> Session: Class initialized using 'CodeIgniter\Session\Handlers\FileHandler' driver.
INFO - 2023-12-21 04:03:45 --> Session: Class initialized using 'CodeIgniter\Session\Handlers\FileHandler' driver.
INFO - 2023-12-21 04:03:45 --> Session: Class initialized using 'CodeIgniter\Session\Handlers\FileHandler' driver.
INFO - 2023-12-21 04:03:45 --> Session: Class initialized using 'CodeIgniter\Session\Handlers\FileHandler' driver.
INFO - 2023-12-21 04:03:45 --> Session: Class initialized using 'CodeIgniter\Session\Handlers\FileHandler' driver.
INFO - 2023-12-21 04:03:45 --> Session: Class initialized using 'CodeIgniter\Session\Handlers\FileHandler' driver.
INFO - 2023-12-21 04:03:45 --> Session: Class initialized using 'CodeIgniter\Session\Handlers\FileHandler' driver.
INFO - 2023-12-21 04:03:46 --> Session: Class initialized using 'CodeIgniter\Session\Handlers\FileHandler' driver.
INFO - 2023-12-21 04:03:46 --> Session: Class initialized using 'CodeIgniter\Session\Handlers\FileHandler' driver.
INFO - 2023-12-21 04:03:46 --> Session: Class initialized using 'CodeIgniter\Session\Handlers\FileHandler' driver.
INFO - 2023-12-21 04:03:46 --> Session: Class initialized using 'CodeIgniter\Session\Handlers\FileHandler' driver.
INFO - 2023-12-21 04:03:46 --> Session: Class initialized using 'CodeIgniter\Session\Handlers\FileHandler' driver.
INFO - 2023-12-21 04:03:46 --> Session: Class initialized using 'CodeIgniter\Session\Handlers\FileHandler' driver.
INFO - 2023-12-21 04:03:46 --> Session: Class initialized using 'CodeIgniter\Session\Handlers\FileHandler' driver.
INFO - 2023-12-21 04:03:46 --> Session: Class initialized using 'CodeIgniter\Session\Handlers\FileHandler' driver.
INFO - 2023-12-21 04:03:47 --> Session: Class initialized using 'CodeIgniter\Session\Handlers\FileHandler' driver.
INFO - 2023-12-21 04:03:47 --> Session: Class initialized using 'CodeIgniter\Session\Handlers\FileHandler' driver.
INFO - 2023-12-21 04:03:47 --> Session: Class initialized using 'CodeIgniter\Session\Handlers\FileHandler' driver.
INFO - 2023-12-21 04:03:47 --> Session: Class initialized using 'CodeIgniter\Session\Handlers\FileHandler' driver.
INFO - 2023-12-21 04:03:47 --> Session: Class initialized using 'CodeIgniter\Session\Handlers\FileHandler' driver.
INFO - 2023-12-21 04:03:47 --> Session: Class initialized using 'CodeIgniter\Session\Handlers\FileHandler' driver.
INFO - 2023-12-21 04:04:18 --> Session: Class initialized using 'CodeIgniter\Session\Handlers\FileHandler' driver.
INFO - 2023-12-21 04:04:18 --> Session: Class initialized using 'CodeIgniter\Session\Handlers\FileHandler' driver.
INFO - 2023-12-21 04:04:18 --> Session: Class initialized using 'CodeIgniter\Session\Handlers\FileHandler' driver.
INFO - 2023-12-21 04:04:18 --> Session: Class initialized using 'CodeIgniter\Session\Handlers\FileHandler' driver.
INFO - 2023-12-21 04:04:18 --> Session: Class initialized using 'CodeIgniter\Session\Handlers\FileHandler' driver.
INFO - 2023-12-21 04:04:18 --> Session: Class initialized using 'CodeIgniter\Session\Handlers\FileHandler' driver.
INFO - 2023-12-21 04:04:19 --> Session: Class initialized using 'CodeIgniter\Session\Handlers\FileHandler' driver.
INFO - 2023-12-21 04:04:19 --> Session: Class initialized using 'CodeIgniter\Session\Handlers\FileHandler' driver.
INFO - 2023-12-21 04:04:19 --> Session: Class initialized using 'CodeIgniter\Session\Handlers\FileHandler' driver.
INFO - 2023-12-21 04:04:19 --> Session: Class initialized using 'CodeIgniter\Session\Handlers\FileHandler' driver.
INFO - 2023-12-21 04:04:19 --> Session: Class initialized using 'CodeIgniter\Session\Handlers\FileHandler' driver.
INFO - 2023-12-21 04:04:20 --> Session: Class initialized using 'CodeIgniter\Session\Handlers\FileHandler' driver.
INFO - 2023-12-21 04:04:20 --> Session: Class initialized using 'CodeIgniter\Session\Handlers\FileHandler' driver.
INFO - 2023-12-21 04:04:20 --> Session: Class initialized using 'CodeIgniter\Session\Handlers\FileHandler' driver.
INFO - 2023-12-21 04:04:20 --> Session: Class initialized using 'CodeIgniter\Session\Handlers\FileHandler' driver.
INFO - 2023-12-21 04:04:20 --> Session: Class initialized using 'CodeIgniter\Session\Handlers\FileHandler' driver.
INFO - 2023-12-21 04:04:21 --> Session: Class initialized using 'CodeIgniter\Session\Handlers\FileHandler' driver.
INFO - 2023-12-21 04:04:21 --> Session: Class initialized using 'CodeIgniter\Session\Handlers\FileHandler' driver.
INFO - 2023-12-21 04:04:21 --> Session: Class initialized using 'CodeIgniter\Session\Handlers\FileHandler' driver.
INFO - 2023-12-21 04:04:21 --> Session: Class initialized using 'CodeIgniter\Session\Handlers\FileHandler' driver.
INFO - 2023-12-21 04:05:18 --> Session: Class initialized using 'CodeIgniter\Session\Handlers\FileHandler' driver.
INFO - 2023-12-21 04:05:22 --> Session: Class initialized using 'CodeIgniter\Session\Handlers\FileHandler' driver.
INFO - 2023-12-21 04:05:50 --> Session: Class initialized using 'CodeIgniter\Session\Handlers\FileHandler' driver.
INFO - 2023-12-21 04:05:57 --> Session: Class initialized using 'CodeIgniter\Session\Handlers\FileHandler' driver.
INFO - 2023-12-21 04:06:05 --> Session: Class initialized using 'CodeIgniter\Session\Handlers\FileHandler' driver.
INFO - 2023-12-21 04:16:51 --> Session: Class initialized using 'CodeIgniter\Session\Handlers\FileHandler' driver.
INFO - 2023-12-21 04:16:54 --> Session: Class initialized using 'CodeIgniter\Session\Handlers\FileHandler' driver.
ERROR - 2023-12-21 11:16:54 --> mysqli_sql_exception: Incorrect DATE value: '' in C:\laragon\www\dashboard\system\Database\MySQLi\Connection.php:295
Stack trace:
#0 C:\laragon\www\dashboard\system\Database\MySQLi\Connection.php(295): mysqli->query('SELECT *\nFROM `...', 0)
#1 C:\laragon\www\dashboard\system\Database\BaseConnection.php(692): CodeIgniter\Database\MySQLi\Connection->execute('SELECT *\nFROM `...')
#2 C:\laragon\www\dashboard\system\Database\BaseConnection.php(606): CodeIgniter\Database\BaseConnection->simpleQuery('SELECT *\nFROM `...')
#3 C:\laragon\www\dashboard\system\Database\BaseBuilder.php(1616): CodeIgniter\Database\BaseConnection->query('SELECT *\nFROM `...', Array, false)
#4 C:\laragon\www\dashboard\app\Controllers\Data.php(167): CodeIgniter\Database\BaseBuilder->get()
#5 C:\laragon\www\dashboard\system\CodeIgniter.php(932): App\Controllers\Data->mkt()
#6 C:\laragon\www\dashboard\system\CodeIgniter.php(497): CodeIgniter\CodeIgniter->runController(Object(App\Controllers\Data))
#7 C:\laragon\www\dashboard\system\CodeIgniter.php(366): CodeIgniter\CodeIgniter->handleRequest(NULL, Object(Config\Cache), false)
#8 C:\laragon\www\dashboard\public\index.php(67): CodeIgniter\CodeIgniter->run()
#9 C:\laragon\www\dashboard\system\Commands\Server\rewrite.php(47): require_once('C:\\laragon\\www\\...')
#10 {main}
CRITICAL - 2023-12-21 11:16:54 --> Incorrect DATE value: ''
in SYSTEMPATH\Database\MySQLi\Connection.php on line 295.
 1 SYSTEMPATH\Database\MySQLi\Connection.php(295): mysqli->query('SELECT *
FROM `data_marketing`
WHERE `tgl_addendum` != \'\'
AND `addendum_ke` != \'\'
ORDER BY `no_pkp`', 0)
 2 SYSTEMPATH\Database\BaseConnection.php(692): CodeIgniter\Database\MySQLi\Connection->execute('SELECT *
FROM `data_marketing`
WHERE `tgl_addendum` != \'\'
AND `addendum_ke` != \'\'
ORDER BY `no_pkp`')
 3 SYSTEMPATH\Database\BaseConnection.php(606): CodeIgniter\Database\BaseConnection->simpleQuery('SELECT *
FROM `data_marketing`
WHERE `tgl_addendum` != \'\'
AND `addendum_ke` != \'\'
ORDER BY `no_pkp`')
 4 SYSTEMPATH\Database\BaseBuilder.php(1616): CodeIgniter\Database\BaseConnection->query('SELECT *
FROM `data_marketing`
WHERE `tgl_addendum` != :tgl_addendum:
AND `addendum_ke` != :addendum_ke:
ORDER BY `no_pkp`', [...], false)
 5 APPPATH\Controllers\Data.php(167): CodeIgniter\Database\BaseBuilder->get()
 6 SYSTEMPATH\CodeIgniter.php(932): App\Controllers\Data->mkt()
 7 SYSTEMPATH\CodeIgniter.php(497): CodeIgniter\CodeIgniter->runController(Object(App\Controllers\Data))
 8 SYSTEMPATH\CodeIgniter.php(366): CodeIgniter\CodeIgniter->handleRequest(null, Object(Config\Cache), false)
 9 FCPATH\index.php(67): CodeIgniter\CodeIgniter->run()
10 SYSTEMPATH\Commands\Server\rewrite.php(47): require_once('C:\\laragon\\www\\dashboard\\public\\index.php')
INFO - 2023-12-21 04:20:17 --> Session: Class initialized using 'CodeIgniter\Session\Handlers\FileHandler' driver.
CRITICAL - 2023-12-21 11:20:17 --> Undefined variable $kategoriQNS
in APPPATH\Views\data\marketing\list.php on line 8.
 1 APPPATH\Views\data\marketing\list.php(8): CodeIgniter\Debug\Exceptions->errorHandler(2, 'Undefined variable $kategoriQNS', 'C:\\laragon\\www\\dashboard\\app\\Views\\data\\marketing\\list.php', 8)
 2 SYSTEMPATH\View\View.php(224): include('C:\\laragon\\www\\dashboard\\app\\Views\\data\\marketing\\list.php')
 3 SYSTEMPATH\View\View.php(227): CodeIgniter\View\View->CodeIgniter\View\{closure}()
 4 SYSTEMPATH\Common.php(1180): CodeIgniter\View\View->render('data/marketing/list', [], true)
 5 APPPATH\Controllers\Data.php(179): view('data/marketing/list', [...])
 6 SYSTEMPATH\CodeIgniter.php(932): App\Controllers\Data->mkt()
 7 SYSTEMPATH\CodeIgniter.php(497): CodeIgniter\CodeIgniter->runController(Object(App\Controllers\Data))
 8 SYSTEMPATH\CodeIgniter.php(366): CodeIgniter\CodeIgniter->handleRequest(null, Object(Config\Cache), false)
 9 FCPATH\index.php(67): CodeIgniter\CodeIgniter->run()
10 SYSTEMPATH\Commands\Server\rewrite.php(47): require_once('C:\\laragon\\www\\dashboard\\public\\index.php')
INFO - 2023-12-21 04:20:37 --> Session: Class initialized using 'CodeIgniter\Session\Handlers\FileHandler' driver.
ERROR - 2023-12-21 11:20:37 --> mysqli_sql_exception: Incorrect DATE value: '' in C:\laragon\www\dashboard\system\Database\MySQLi\Connection.php:295
Stack trace:
#0 C:\laragon\www\dashboard\system\Database\MySQLi\Connection.php(295): mysqli->query('SELECT *\nFROM `...', 0)
#1 C:\laragon\www\dashboard\system\Database\BaseConnection.php(692): CodeIgniter\Database\MySQLi\Connection->execute('SELECT *\nFROM `...')
#2 C:\laragon\www\dashboard\system\Database\BaseConnection.php(606): CodeIgniter\Database\BaseConnection->simpleQuery('SELECT *\nFROM `...')
#3 C:\laragon\www\dashboard\system\Database\BaseBuilder.php(1616): CodeIgniter\Database\BaseConnection->query('SELECT *\nFROM `...', Array, false)
#4 C:\laragon\www\dashboard\app\Controllers\Data.php(167): CodeIgniter\Database\BaseBuilder->get()
#5 C:\laragon\www\dashboard\system\CodeIgniter.php(932): App\Controllers\Data->mkt()
#6 C:\laragon\www\dashboard\system\CodeIgniter.php(497): CodeIgniter\CodeIgniter->runController(Object(App\Controllers\Data))
#7 C:\laragon\www\dashboard\system\CodeIgniter.php(366): CodeIgniter\CodeIgniter->handleRequest(NULL, Object(Config\Cache), false)
#8 C:\laragon\www\dashboard\public\index.php(67): CodeIgniter\CodeIgniter->run()
#9 C:\laragon\www\dashboard\system\Commands\Server\rewrite.php(47): require_once('C:\\laragon\\www\\...')
#10 {main}
CRITICAL - 2023-12-21 11:20:37 --> Incorrect DATE value: ''
in SYSTEMPATH\Database\MySQLi\Connection.php on line 295.
 1 SYSTEMPATH\Database\MySQLi\Connection.php(295): mysqli->query('SELECT *
FROM `data_marketing`
WHERE `tgl_addendum` != \'\'
AND `addendum_ke` != \'\'
ORDER BY `no_pkp`', 0)
 2 SYSTEMPATH\Database\BaseConnection.php(692): CodeIgniter\Database\MySQLi\Connection->execute('SELECT *
FROM `data_marketing`
WHERE `tgl_addendum` != \'\'
AND `addendum_ke` != \'\'
ORDER BY `no_pkp`')
 3 SYSTEMPATH\Database\BaseConnection.php(606): CodeIgniter\Database\BaseConnection->simpleQuery('SELECT *
FROM `data_marketing`
WHERE `tgl_addendum` != \'\'
AND `addendum_ke` != \'\'
ORDER BY `no_pkp`')
 4 SYSTEMPATH\Database\BaseBuilder.php(1616): CodeIgniter\Database\BaseConnection->query('SELECT *
FROM `data_marketing`
WHERE `tgl_addendum` != :tgl_addendum:
AND `addendum_ke` != :addendum_ke:
ORDER BY `no_pkp`', [...], false)
 5 APPPATH\Controllers\Data.php(167): CodeIgniter\Database\BaseBuilder->get()
 6 SYSTEMPATH\CodeIgniter.php(932): App\Controllers\Data->mkt()
 7 SYSTEMPATH\CodeIgniter.php(497): CodeIgniter\CodeIgniter->runController(Object(App\Controllers\Data))
 8 SYSTEMPATH\CodeIgniter.php(366): CodeIgniter\CodeIgniter->handleRequest(null, Object(Config\Cache), false)
 9 FCPATH\index.php(67): CodeIgniter\CodeIgniter->run()
10 SYSTEMPATH\Commands\Server\rewrite.php(47): require_once('C:\\laragon\\www\\dashboard\\public\\index.php')
INFO - 2023-12-21 04:23:58 --> Session: Class initialized using 'CodeIgniter\Session\Handlers\FileHandler' driver.
ERROR - 2023-12-21 11:23:58 --> mysqli_sql_exception: Incorrect DATE value: '' in C:\laragon\www\dashboard\system\Database\MySQLi\Connection.php:295
Stack trace:
#0 C:\laragon\www\dashboard\system\Database\MySQLi\Connection.php(295): mysqli->query('SELECT *\nFROM `...', 0)
#1 C:\laragon\www\dashboard\system\Database\BaseConnection.php(692): CodeIgniter\Database\MySQLi\Connection->execute('SELECT *\nFROM `...')
#2 C:\laragon\www\dashboard\system\Database\BaseConnection.php(606): CodeIgniter\Database\BaseConnection->simpleQuery('SELECT *\nFROM `...')
#3 C:\laragon\www\dashboard\system\Database\BaseBuilder.php(1616): CodeIgniter\Database\BaseConnection->query('SELECT *\nFROM `...', Array, false)
#4 C:\laragon\www\dashboard\app\Controllers\Data.php(167): CodeIgniter\Database\BaseBuilder->get()
#5 C:\laragon\www\dashboard\system\CodeIgniter.php(932): App\Controllers\Data->mkt()
#6 C:\laragon\www\dashboard\system\CodeIgniter.php(497): CodeIgniter\CodeIgniter->runController(Object(App\Controllers\Data))
#7 C:\laragon\www\dashboard\system\CodeIgniter.php(366): CodeIgniter\CodeIgniter->handleRequest(NULL, Object(Config\Cache), false)
#8 C:\laragon\www\dashboard\public\index.php(67): CodeIgniter\CodeIgniter->run()
#9 C:\laragon\www\dashboard\system\Commands\Server\rewrite.php(47): require_once('C:\\laragon\\www\\...')
#10 {main}
CRITICAL - 2023-12-21 11:23:58 --> Incorrect DATE value: ''
in SYSTEMPATH\Database\MySQLi\Connection.php on line 295.
 1 SYSTEMPATH\Database\MySQLi\Connection.php(295): mysqli->query('SELECT *
FROM `data_marketing`
WHERE `tgl_addendum` != \'\'
AND `addendum_ke` != \'\'
ORDER BY `no_pkp`', 0)
 2 SYSTEMPATH\Database\BaseConnection.php(692): CodeIgniter\Database\MySQLi\Connection->execute('SELECT *
FROM `data_marketing`
WHERE `tgl_addendum` != \'\'
AND `addendum_ke` != \'\'
ORDER BY `no_pkp`')
 3 SYSTEMPATH\Database\BaseConnection.php(606): CodeIgniter\Database\BaseConnection->simpleQuery('SELECT *
FROM `data_marketing`
WHERE `tgl_addendum` != \'\'
AND `addendum_ke` != \'\'
ORDER BY `no_pkp`')
 4 SYSTEMPATH\Database\BaseBuilder.php(1616): CodeIgniter\Database\BaseConnection->query('SELECT *
FROM `data_marketing`
WHERE `tgl_addendum` != :tgl_addendum:
AND `addendum_ke` != :addendum_ke:
ORDER BY `no_pkp`', [...], false)
 5 APPPATH\Controllers\Data.php(167): CodeIgniter\Database\BaseBuilder->get()
 6 SYSTEMPATH\CodeIgniter.php(932): App\Controllers\Data->mkt()
 7 SYSTEMPATH\CodeIgniter.php(497): CodeIgniter\CodeIgniter->runController(Object(App\Controllers\Data))
 8 SYSTEMPATH\CodeIgniter.php(366): CodeIgniter\CodeIgniter->handleRequest(null, Object(Config\Cache), false)
 9 FCPATH\index.php(67): CodeIgniter\CodeIgniter->run()
10 SYSTEMPATH\Commands\Server\rewrite.php(47): require_once('C:\\laragon\\www\\dashboard\\public\\index.php')
INFO - 2023-12-21 05:40:50 --> Session: Class initialized using 'CodeIgniter\Session\Handlers\FileHandler' driver.
ERROR - 2023-12-21 12:40:50 --> mysqli_sql_exception: Incorrect DATE value: '' in C:\laragon\www\dashboard\system\Database\MySQLi\Connection.php:295
Stack trace:
#0 C:\laragon\www\dashboard\system\Database\MySQLi\Connection.php(295): mysqli->query('SELECT *\nFROM `...', 0)
#1 C:\laragon\www\dashboard\system\Database\BaseConnection.php(692): CodeIgniter\Database\MySQLi\Connection->execute('SELECT *\nFROM `...')
#2 C:\laragon\www\dashboard\system\Database\BaseConnection.php(606): CodeIgniter\Database\BaseConnection->simpleQuery('SELECT *\nFROM `...')
#3 C:\laragon\www\dashboard\system\Database\BaseBuilder.php(1616): CodeIgniter\Database\BaseConnection->query('SELECT *\nFROM `...', Array, false)
#4 C:\laragon\www\dashboard\app\Controllers\Data.php(167): CodeIgniter\Database\BaseBuilder->get()
#5 C:\laragon\www\dashboard\system\CodeIgniter.php(932): App\Controllers\Data->mkt()
#6 C:\laragon\www\dashboard\system\CodeIgniter.php(497): CodeIgniter\CodeIgniter->runController(Object(App\Controllers\Data))
#7 C:\laragon\www\dashboard\system\CodeIgniter.php(366): CodeIgniter\CodeIgniter->handleRequest(NULL, Object(Config\Cache), false)
#8 C:\laragon\www\dashboard\public\index.php(67): CodeIgniter\CodeIgniter->run()
#9 C:\laragon\www\dashboard\system\Commands\Server\rewrite.php(47): require_once('C:\\laragon\\www\\...')
#10 {main}
CRITICAL - 2023-12-21 12:40:50 --> Incorrect DATE value: ''
in SYSTEMPATH\Database\MySQLi\Connection.php on line 295.
 1 SYSTEMPATH\Database\MySQLi\Connection.php(295): mysqli->query('SELECT *
FROM `data_marketing`
WHERE `tgl_addendum` != \'\'
AND `addendum_ke` != \'\'
ORDER BY `no_pkp`', 0)
 2 SYSTEMPATH\Database\BaseConnection.php(692): CodeIgniter\Database\MySQLi\Connection->execute('SELECT *
FROM `data_marketing`
WHERE `tgl_addendum` != \'\'
AND `addendum_ke` != \'\'
ORDER BY `no_pkp`')
 3 SYSTEMPATH\Database\BaseConnection.php(606): CodeIgniter\Database\BaseConnection->simpleQuery('SELECT *
FROM `data_marketing`
WHERE `tgl_addendum` != \'\'
AND `addendum_ke` != \'\'
ORDER BY `no_pkp`')
 4 SYSTEMPATH\Database\BaseBuilder.php(1616): CodeIgniter\Database\BaseConnection->query('SELECT *
FROM `data_marketing`
WHERE `tgl_addendum` != :tgl_addendum:
AND `addendum_ke` != :addendum_ke:
ORDER BY `no_pkp`', [...], false)
 5 APPPATH\Controllers\Data.php(167): CodeIgniter\Database\BaseBuilder->get()
 6 SYSTEMPATH\CodeIgniter.php(932): App\Controllers\Data->mkt()
 7 SYSTEMPATH\CodeIgniter.php(497): CodeIgniter\CodeIgniter->runController(Object(App\Controllers\Data))
 8 SYSTEMPATH\CodeIgniter.php(366): CodeIgniter\CodeIgniter->handleRequest(null, Object(Config\Cache), false)
 9 FCPATH\index.php(67): CodeIgniter\CodeIgniter->run()
10 SYSTEMPATH\Commands\Server\rewrite.php(47): require_once('C:\\laragon\\www\\dashboard\\public\\index.php')
INFO - 2023-12-21 05:45:24 --> Session: Class initialized using 'CodeIgniter\Session\Handlers\FileHandler' driver.
ERROR - 2023-12-21 12:45:24 --> mysqli_sql_exception: Incorrect DATE value: '' in C:\laragon\www\dashboard\system\Database\MySQLi\Connection.php:295
Stack trace:
#0 C:\laragon\www\dashboard\system\Database\MySQLi\Connection.php(295): mysqli->query('SELECT *\nFROM `...', 0)
#1 C:\laragon\www\dashboard\system\Database\BaseConnection.php(692): CodeIgniter\Database\MySQLi\Connection->execute('SELECT *\nFROM `...')
#2 C:\laragon\www\dashboard\system\Database\BaseConnection.php(606): CodeIgniter\Database\BaseConnection->simpleQuery('SELECT *\nFROM `...')
#3 C:\laragon\www\dashboard\system\Database\BaseBuilder.php(1616): CodeIgniter\Database\BaseConnection->query('SELECT *\nFROM `...', Array, false)
#4 C:\laragon\www\dashboard\app\Controllers\Data.php(167): CodeIgniter\Database\BaseBuilder->get()
#5 C:\laragon\www\dashboard\system\CodeIgniter.php(932): App\Controllers\Data->mkt()
#6 C:\laragon\www\dashboard\system\CodeIgniter.php(497): CodeIgniter\CodeIgniter->runController(Object(App\Controllers\Data))
#7 C:\laragon\www\dashboard\system\CodeIgniter.php(366): CodeIgniter\CodeIgniter->handleRequest(NULL, Object(Config\Cache), false)
#8 C:\laragon\www\dashboard\public\index.php(67): CodeIgniter\CodeIgniter->run()
#9 C:\laragon\www\dashboard\system\Commands\Server\rewrite.php(47): require_once('C:\\laragon\\www\\...')
#10 {main}
CRITICAL - 2023-12-21 12:45:24 --> Incorrect DATE value: ''
in SYSTEMPATH\Database\MySQLi\Connection.php on line 295.
 1 SYSTEMPATH\Database\MySQLi\Connection.php(295): mysqli->query('SELECT *
FROM `data_marketing`
WHERE `tgl_addendum` != \'\'
AND `addendum_ke` != \'\'
ORDER BY `no_pkp`', 0)
 2 SYSTEMPATH\Database\BaseConnection.php(692): CodeIgniter\Database\MySQLi\Connection->execute('SELECT *
FROM `data_marketing`
WHERE `tgl_addendum` != \'\'
AND `addendum_ke` != \'\'
ORDER BY `no_pkp`')
 3 SYSTEMPATH\Database\BaseConnection.php(606): CodeIgniter\Database\BaseConnection->simpleQuery('SELECT *
FROM `data_marketing`
WHERE `tgl_addendum` != \'\'
AND `addendum_ke` != \'\'
ORDER BY `no_pkp`')
 4 SYSTEMPATH\Database\BaseBuilder.php(1616): CodeIgniter\Database\BaseConnection->query('SELECT *
FROM `data_marketing`
WHERE `tgl_addendum` != :tgl_addendum:
AND `addendum_ke` != :addendum_ke:
ORDER BY `no_pkp`', [...], false)
 5 APPPATH\Controllers\Data.php(167): CodeIgniter\Database\BaseBuilder->get()
 6 SYSTEMPATH\CodeIgniter.php(932): App\Controllers\Data->mkt()
 7 SYSTEMPATH\CodeIgniter.php(497): CodeIgniter\CodeIgniter->runController(Object(App\Controllers\Data))
 8 SYSTEMPATH\CodeIgniter.php(366): CodeIgniter\CodeIgniter->handleRequest(null, Object(Config\Cache), false)
 9 FCPATH\index.php(67): CodeIgniter\CodeIgniter->run()
10 SYSTEMPATH\Commands\Server\rewrite.php(47): require_once('C:\\laragon\\www\\dashboard\\public\\index.php')
INFO - 2023-12-21 05:45:28 --> Session: Class initialized using 'CodeIgniter\Session\Handlers\FileHandler' driver.
ERROR - 2023-12-21 12:45:28 --> mysqli_sql_exception: Incorrect DATE value: '' in C:\laragon\www\dashboard\system\Database\MySQLi\Connection.php:295
Stack trace:
#0 C:\laragon\www\dashboard\system\Database\MySQLi\Connection.php(295): mysqli->query('SELECT *\nFROM `...', 0)
#1 C:\laragon\www\dashboard\system\Database\BaseConnection.php(692): CodeIgniter\Database\MySQLi\Connection->execute('SELECT *\nFROM `...')
#2 C:\laragon\www\dashboard\system\Database\BaseConnection.php(606): CodeIgniter\Database\BaseConnection->simpleQuery('SELECT *\nFROM `...')
#3 C:\laragon\www\dashboard\system\Database\BaseBuilder.php(1616): CodeIgniter\Database\BaseConnection->query('SELECT *\nFROM `...', Array, false)
#4 C:\laragon\www\dashboard\app\Controllers\Data.php(167): CodeIgniter\Database\BaseBuilder->get()
#5 C:\laragon\www\dashboard\system\CodeIgniter.php(932): App\Controllers\Data->mkt()
#6 C:\laragon\www\dashboard\system\CodeIgniter.php(497): CodeIgniter\CodeIgniter->runController(Object(App\Controllers\Data))
#7 C:\laragon\www\dashboard\system\CodeIgniter.php(366): CodeIgniter\CodeIgniter->handleRequest(NULL, Object(Config\Cache), false)
#8 C:\laragon\www\dashboard\public\index.php(67): CodeIgniter\CodeIgniter->run()
#9 C:\laragon\www\dashboard\system\Commands\Server\rewrite.php(47): require_once('C:\\laragon\\www\\...')
#10 {main}
CRITICAL - 2023-12-21 12:45:28 --> Incorrect DATE value: ''
in SYSTEMPATH\Database\MySQLi\Connection.php on line 295.
 1 SYSTEMPATH\Database\MySQLi\Connection.php(295): mysqli->query('SELECT *
FROM `data_marketing`
WHERE `tgl_addendum` != \'\'
AND `addendum_ke` != \'\'
ORDER BY `no_pkp`', 0)
 2 SYSTEMPATH\Database\BaseConnection.php(692): CodeIgniter\Database\MySQLi\Connection->execute('SELECT *
FROM `data_marketing`
WHERE `tgl_addendum` != \'\'
AND `addendum_ke` != \'\'
ORDER BY `no_pkp`')
 3 SYSTEMPATH\Database\BaseConnection.php(606): CodeIgniter\Database\BaseConnection->simpleQuery('SELECT *
FROM `data_marketing`
WHERE `tgl_addendum` != \'\'
AND `addendum_ke` != \'\'
ORDER BY `no_pkp`')
 4 SYSTEMPATH\Database\BaseBuilder.php(1616): CodeIgniter\Database\BaseConnection->query('SELECT *
FROM `data_marketing`
WHERE `tgl_addendum` != :tgl_addendum:
AND `addendum_ke` != :addendum_ke:
ORDER BY `no_pkp`', [...], false)
 5 APPPATH\Controllers\Data.php(167): CodeIgniter\Database\BaseBuilder->get()
 6 SYSTEMPATH\CodeIgniter.php(932): App\Controllers\Data->mkt()
 7 SYSTEMPATH\CodeIgniter.php(497): CodeIgniter\CodeIgniter->runController(Object(App\Controllers\Data))
 8 SYSTEMPATH\CodeIgniter.php(366): CodeIgniter\CodeIgniter->handleRequest(null, Object(Config\Cache), false)
 9 FCPATH\index.php(67): CodeIgniter\CodeIgniter->run()
10 SYSTEMPATH\Commands\Server\rewrite.php(47): require_once('C:\\laragon\\www\\dashboard\\public\\index.php')
INFO - 2023-12-21 05:46:47 --> Session: Class initialized using 'CodeIgniter\Session\Handlers\FileHandler' driver.
ERROR - 2023-12-21 12:46:47 --> mysqli_sql_exception: Incorrect DATE value: '' in C:\laragon\www\dashboard\system\Database\MySQLi\Connection.php:295
Stack trace:
#0 C:\laragon\www\dashboard\system\Database\MySQLi\Connection.php(295): mysqli->query('SELECT *\nFROM `...', 0)
#1 C:\laragon\www\dashboard\system\Database\BaseConnection.php(692): CodeIgniter\Database\MySQLi\Connection->execute('SELECT *\nFROM `...')
#2 C:\laragon\www\dashboard\system\Database\BaseConnection.php(606): CodeIgniter\Database\BaseConnection->simpleQuery('SELECT *\nFROM `...')
#3 C:\laragon\www\dashboard\system\Database\BaseBuilder.php(1616): CodeIgniter\Database\BaseConnection->query('SELECT *\nFROM `...', Array, false)
#4 C:\laragon\www\dashboard\app\Controllers\Data.php(167): CodeIgniter\Database\BaseBuilder->get()
#5 C:\laragon\www\dashboard\system\CodeIgniter.php(932): App\Controllers\Data->mkt()
#6 C:\laragon\www\dashboard\system\CodeIgniter.php(497): CodeIgniter\CodeIgniter->runController(Object(App\Controllers\Data))
#7 C:\laragon\www\dashboard\system\CodeIgniter.php(366): CodeIgniter\CodeIgniter->handleRequest(NULL, Object(Config\Cache), false)
#8 C:\laragon\www\dashboard\public\index.php(67): CodeIgniter\CodeIgniter->run()
#9 C:\laragon\www\dashboard\system\Commands\Server\rewrite.php(47): require_once('C:\\laragon\\www\\...')
#10 {main}
CRITICAL - 2023-12-21 12:46:47 --> Incorrect DATE value: ''
in SYSTEMPATH\Database\MySQLi\Connection.php on line 295.
 1 SYSTEMPATH\Database\MySQLi\Connection.php(295): mysqli->query('SELECT *
FROM `data_marketing`
WHERE `tgl_addendum` != \'\'
AND `addendum_ke` != \'\'
ORDER BY `no_pkp`', 0)
 2 SYSTEMPATH\Database\BaseConnection.php(692): CodeIgniter\Database\MySQLi\Connection->execute('SELECT *
FROM `data_marketing`
WHERE `tgl_addendum` != \'\'
AND `addendum_ke` != \'\'
ORDER BY `no_pkp`')
 3 SYSTEMPATH\Database\BaseConnection.php(606): CodeIgniter\Database\BaseConnection->simpleQuery('SELECT *
FROM `data_marketing`
WHERE `tgl_addendum` != \'\'
AND `addendum_ke` != \'\'
ORDER BY `no_pkp`')
 4 SYSTEMPATH\Database\BaseBuilder.php(1616): CodeIgniter\Database\BaseConnection->query('SELECT *
FROM `data_marketing`
WHERE `tgl_addendum` != :tgl_addendum:
AND `addendum_ke` != :addendum_ke:
ORDER BY `no_pkp`', [...], false)
 5 APPPATH\Controllers\Data.php(167): CodeIgniter\Database\BaseBuilder->get()
 6 SYSTEMPATH\CodeIgniter.php(932): App\Controllers\Data->mkt()
 7 SYSTEMPATH\CodeIgniter.php(497): CodeIgniter\CodeIgniter->runController(Object(App\Controllers\Data))
 8 SYSTEMPATH\CodeIgniter.php(366): CodeIgniter\CodeIgniter->handleRequest(null, Object(Config\Cache), false)
 9 FCPATH\index.php(67): CodeIgniter\CodeIgniter->run()
10 SYSTEMPATH\Commands\Server\rewrite.php(47): require_once('C:\\laragon\\www\\dashboard\\public\\index.php')
INFO - 2023-12-21 05:47:19 --> Session: Class initialized using 'CodeIgniter\Session\Handlers\FileHandler' driver.
ERROR - 2023-12-21 12:47:19 --> mysqli_sql_exception: Incorrect DATE value: '' in C:\laragon\www\dashboard\system\Database\MySQLi\Connection.php:295
Stack trace:
#0 C:\laragon\www\dashboard\system\Database\MySQLi\Connection.php(295): mysqli->query('SELECT *\nFROM `...', 0)
#1 C:\laragon\www\dashboard\system\Database\BaseConnection.php(692): CodeIgniter\Database\MySQLi\Connection->execute('SELECT *\nFROM `...')
#2 C:\laragon\www\dashboard\system\Database\BaseConnection.php(606): CodeIgniter\Database\BaseConnection->simpleQuery('SELECT *\nFROM `...')
#3 C:\laragon\www\dashboard\system\Database\BaseBuilder.php(1616): CodeIgniter\Database\BaseConnection->query('SELECT *\nFROM `...', Array, false)
#4 C:\laragon\www\dashboard\app\Controllers\Data.php(167): CodeIgniter\Database\BaseBuilder->get()
#5 C:\laragon\www\dashboard\system\CodeIgniter.php(932): App\Controllers\Data->mkt()
#6 C:\laragon\www\dashboard\system\CodeIgniter.php(497): CodeIgniter\CodeIgniter->runController(Object(App\Controllers\Data))
#7 C:\laragon\www\dashboard\system\CodeIgniter.php(366): CodeIgniter\CodeIgniter->handleRequest(NULL, Object(Config\Cache), false)
#8 C:\laragon\www\dashboard\public\index.php(67): CodeIgniter\CodeIgniter->run()
#9 C:\laragon\www\dashboard\system\Commands\Server\rewrite.php(47): require_once('C:\\laragon\\www\\...')
#10 {main}
CRITICAL - 2023-12-21 12:47:19 --> Incorrect DATE value: ''
in SYSTEMPATH\Database\MySQLi\Connection.php on line 295.
 1 SYSTEMPATH\Database\MySQLi\Connection.php(295): mysqli->query('SELECT *
FROM `data_marketing`
WHERE `tgl_addendum` != \'\'
AND `addendum_ke` != \'\'
ORDER BY `no_pkp`', 0)
 2 SYSTEMPATH\Database\BaseConnection.php(692): CodeIgniter\Database\MySQLi\Connection->execute('SELECT *
FROM `data_marketing`
WHERE `tgl_addendum` != \'\'
AND `addendum_ke` != \'\'
ORDER BY `no_pkp`')
 3 SYSTEMPATH\Database\BaseConnection.php(606): CodeIgniter\Database\BaseConnection->simpleQuery('SELECT *
FROM `data_marketing`
WHERE `tgl_addendum` != \'\'
AND `addendum_ke` != \'\'
ORDER BY `no_pkp`')
 4 SYSTEMPATH\Database\BaseBuilder.php(1616): CodeIgniter\Database\BaseConnection->query('SELECT *
FROM `data_marketing`
WHERE `tgl_addendum` != :tgl_addendum:
AND `addendum_ke` != :addendum_ke:
ORDER BY `no_pkp`', [...], false)
 5 APPPATH\Controllers\Data.php(167): CodeIgniter\Database\BaseBuilder->get()
 6 SYSTEMPATH\CodeIgniter.php(932): App\Controllers\Data->mkt()
 7 SYSTEMPATH\CodeIgniter.php(497): CodeIgniter\CodeIgniter->runController(Object(App\Controllers\Data))
 8 SYSTEMPATH\CodeIgniter.php(366): CodeIgniter\CodeIgniter->handleRequest(null, Object(Config\Cache), false)
 9 FCPATH\index.php(67): CodeIgniter\CodeIgniter->run()
10 SYSTEMPATH\Commands\Server\rewrite.php(47): require_once('C:\\laragon\\www\\dashboard\\public\\index.php')
INFO - 2023-12-21 05:49:25 --> Session: Class initialized using 'CodeIgniter\Session\Handlers\FileHandler' driver.
ERROR - 2023-12-21 12:49:25 --> mysqli_sql_exception: Incorrect DATE value: '' in C:\laragon\www\dashboard\system\Database\MySQLi\Connection.php:295
Stack trace:
#0 C:\laragon\www\dashboard\system\Database\MySQLi\Connection.php(295): mysqli->query('SELECT *\nFROM `...', 0)
#1 C:\laragon\www\dashboard\system\Database\BaseConnection.php(692): CodeIgniter\Database\MySQLi\Connection->execute('SELECT *\nFROM `...')
#2 C:\laragon\www\dashboard\system\Database\BaseConnection.php(606): CodeIgniter\Database\BaseConnection->simpleQuery('SELECT *\nFROM `...')
#3 C:\laragon\www\dashboard\system\Database\BaseBuilder.php(1616): CodeIgniter\Database\BaseConnection->query('SELECT *\nFROM `...', Array, false)
#4 C:\laragon\www\dashboard\app\Controllers\Data.php(167): CodeIgniter\Database\BaseBuilder->get()
#5 C:\laragon\www\dashboard\system\CodeIgniter.php(932): App\Controllers\Data->mkt()
#6 C:\laragon\www\dashboard\system\CodeIgniter.php(497): CodeIgniter\CodeIgniter->runController(Object(App\Controllers\Data))
#7 C:\laragon\www\dashboard\system\CodeIgniter.php(366): CodeIgniter\CodeIgniter->handleRequest(NULL, Object(Config\Cache), false)
#8 C:\laragon\www\dashboard\public\index.php(67): CodeIgniter\CodeIgniter->run()
#9 C:\laragon\www\dashboard\system\Commands\Server\rewrite.php(47): require_once('C:\\laragon\\www\\...')
#10 {main}
CRITICAL - 2023-12-21 12:49:25 --> Incorrect DATE value: ''
in SYSTEMPATH\Database\MySQLi\Connection.php on line 295.
 1 SYSTEMPATH\Database\MySQLi\Connection.php(295): mysqli->query('SELECT *
FROM `data_marketing`
WHERE `tgl_addendum` != \'\'
AND `addendum_ke` != \'\'
ORDER BY `no_pkp`', 0)
 2 SYSTEMPATH\Database\BaseConnection.php(692): CodeIgniter\Database\MySQLi\Connection->execute('SELECT *
FROM `data_marketing`
WHERE `tgl_addendum` != \'\'
AND `addendum_ke` != \'\'
ORDER BY `no_pkp`')
 3 SYSTEMPATH\Database\BaseConnection.php(606): CodeIgniter\Database\BaseConnection->simpleQuery('SELECT *
FROM `data_marketing`
WHERE `tgl_addendum` != \'\'
AND `addendum_ke` != \'\'
ORDER BY `no_pkp`')
 4 SYSTEMPATH\Database\BaseBuilder.php(1616): CodeIgniter\Database\BaseConnection->query('SELECT *
FROM `data_marketing`
WHERE `tgl_addendum` != :tgl_addendum:
AND `addendum_ke` != :addendum_ke:
ORDER BY `no_pkp`', [...], false)
 5 APPPATH\Controllers\Data.php(167): CodeIgniter\Database\BaseBuilder->get()
 6 SYSTEMPATH\CodeIgniter.php(932): App\Controllers\Data->mkt()
 7 SYSTEMPATH\CodeIgniter.php(497): CodeIgniter\CodeIgniter->runController(Object(App\Controllers\Data))
 8 SYSTEMPATH\CodeIgniter.php(366): CodeIgniter\CodeIgniter->handleRequest(null, Object(Config\Cache), false)
 9 FCPATH\index.php(67): CodeIgniter\CodeIgniter->run()
10 SYSTEMPATH\Commands\Server\rewrite.php(47): require_once('C:\\laragon\\www\\dashboard\\public\\index.php')
INFO - 2023-12-21 06:14:33 --> Session: Class initialized using 'CodeIgniter\Session\Handlers\FileHandler' driver.
ERROR - 2023-12-21 13:14:33 --> mysqli_sql_exception: Incorrect DATE value: '' in C:\laragon\www\dashboard\system\Database\MySQLi\Connection.php:295
Stack trace:
#0 C:\laragon\www\dashboard\system\Database\MySQLi\Connection.php(295): mysqli->query('SELECT *\nFROM `...', 0)
#1 C:\laragon\www\dashboard\system\Database\BaseConnection.php(692): CodeIgniter\Database\MySQLi\Connection->execute('SELECT *\nFROM `...')
#2 C:\laragon\www\dashboard\system\Database\BaseConnection.php(606): CodeIgniter\Database\BaseConnection->simpleQuery('SELECT *\nFROM `...')
#3 C:\laragon\www\dashboard\system\Database\BaseBuilder.php(1616): CodeIgniter\Database\BaseConnection->query('SELECT *\nFROM `...', Array, false)
#4 C:\laragon\www\dashboard\app\Controllers\Data.php(167): CodeIgniter\Database\BaseBuilder->get()
#5 C:\laragon\www\dashboard\system\CodeIgniter.php(932): App\Controllers\Data->mkt()
#6 C:\laragon\www\dashboard\system\CodeIgniter.php(497): CodeIgniter\CodeIgniter->runController(Object(App\Controllers\Data))
#7 C:\laragon\www\dashboard\system\CodeIgniter.php(366): CodeIgniter\CodeIgniter->handleRequest(NULL, Object(Config\Cache), false)
#8 C:\laragon\www\dashboard\public\index.php(67): CodeIgniter\CodeIgniter->run()
#9 C:\laragon\www\dashboard\system\Commands\Server\rewrite.php(47): require_once('C:\\laragon\\www\\...')
#10 {main}
CRITICAL - 2023-12-21 13:14:33 --> Incorrect DATE value: ''
in SYSTEMPATH\Database\MySQLi\Connection.php on line 295.
 1 SYSTEMPATH\Database\MySQLi\Connection.php(295): mysqli->query('SELECT *
FROM `data_marketing`
WHERE `tgl_addendum` != \'\'
AND `addendum_ke` != \'\'
ORDER BY `no_pkp`', 0)
 2 SYSTEMPATH\Database\BaseConnection.php(692): CodeIgniter\Database\MySQLi\Connection->execute('SELECT *
FROM `data_marketing`
WHERE `tgl_addendum` != \'\'
AND `addendum_ke` != \'\'
ORDER BY `no_pkp`')
 3 SYSTEMPATH\Database\BaseConnection.php(606): CodeIgniter\Database\BaseConnection->simpleQuery('SELECT *
FROM `data_marketing`
WHERE `tgl_addendum` != \'\'
AND `addendum_ke` != \'\'
ORDER BY `no_pkp`')
 4 SYSTEMPATH\Database\BaseBuilder.php(1616): CodeIgniter\Database\BaseConnection->query('SELECT *
FROM `data_marketing`
WHERE `tgl_addendum` != :tgl_addendum:
AND `addendum_ke` != :addendum_ke:
ORDER BY `no_pkp`', [...], false)
 5 APPPATH\Controllers\Data.php(167): CodeIgniter\Database\BaseBuilder->get()
 6 SYSTEMPATH\CodeIgniter.php(932): App\Controllers\Data->mkt()
 7 SYSTEMPATH\CodeIgniter.php(497): CodeIgniter\CodeIgniter->runController(Object(App\Controllers\Data))
 8 SYSTEMPATH\CodeIgniter.php(366): CodeIgniter\CodeIgniter->handleRequest(null, Object(Config\Cache), false)
 9 FCPATH\index.php(67): CodeIgniter\CodeIgniter->run()
10 SYSTEMPATH\Commands\Server\rewrite.php(47): require_once('C:\\laragon\\www\\dashboard\\public\\index.php')
INFO - 2023-12-21 06:14:34 --> Session: Class initialized using 'CodeIgniter\Session\Handlers\FileHandler' driver.
ERROR - 2023-12-21 13:14:34 --> mysqli_sql_exception: Incorrect DATE value: '' in C:\laragon\www\dashboard\system\Database\MySQLi\Connection.php:295
Stack trace:
#0 C:\laragon\www\dashboard\system\Database\MySQLi\Connection.php(295): mysqli->query('SELECT *\nFROM `...', 0)
#1 C:\laragon\www\dashboard\system\Database\BaseConnection.php(692): CodeIgniter\Database\MySQLi\Connection->execute('SELECT *\nFROM `...')
#2 C:\laragon\www\dashboard\system\Database\BaseConnection.php(606): CodeIgniter\Database\BaseConnection->simpleQuery('SELECT *\nFROM `...')
#3 C:\laragon\www\dashboard\system\Database\BaseBuilder.php(1616): CodeIgniter\Database\BaseConnection->query('SELECT *\nFROM `...', Array, false)
#4 C:\laragon\www\dashboard\app\Controllers\Data.php(167): CodeIgniter\Database\BaseBuilder->get()
#5 C:\laragon\www\dashboard\system\CodeIgniter.php(932): App\Controllers\Data->mkt()
#6 C:\laragon\www\dashboard\system\CodeIgniter.php(497): CodeIgniter\CodeIgniter->runController(Object(App\Controllers\Data))
#7 C:\laragon\www\dashboard\system\CodeIgniter.php(366): CodeIgniter\CodeIgniter->handleRequest(NULL, Object(Config\Cache), false)
#8 C:\laragon\www\dashboard\public\index.php(67): CodeIgniter\CodeIgniter->run()
#9 C:\laragon\www\dashboard\system\Commands\Server\rewrite.php(47): require_once('C:\\laragon\\www\\...')
#10 {main}
CRITICAL - 2023-12-21 13:14:34 --> Incorrect DATE value: ''
in SYSTEMPATH\Database\MySQLi\Connection.php on line 295.
 1 SYSTEMPATH\Database\MySQLi\Connection.php(295): mysqli->query('SELECT *
FROM `data_marketing`
WHERE `tgl_addendum` != \'\'
AND `addendum_ke` != \'\'
ORDER BY `no_pkp`', 0)
 2 SYSTEMPATH\Database\BaseConnection.php(692): CodeIgniter\Database\MySQLi\Connection->execute('SELECT *
FROM `data_marketing`
WHERE `tgl_addendum` != \'\'
AND `addendum_ke` != \'\'
ORDER BY `no_pkp`')
 3 SYSTEMPATH\Database\BaseConnection.php(606): CodeIgniter\Database\BaseConnection->simpleQuery('SELECT *
FROM `data_marketing`
WHERE `tgl_addendum` != \'\'
AND `addendum_ke` != \'\'
ORDER BY `no_pkp`')
 4 SYSTEMPATH\Database\BaseBuilder.php(1616): CodeIgniter\Database\BaseConnection->query('SELECT *
FROM `data_marketing`
WHERE `tgl_addendum` != :tgl_addendum:
AND `addendum_ke` != :addendum_ke:
ORDER BY `no_pkp`', [...], false)
 5 APPPATH\Controllers\Data.php(167): CodeIgniter\Database\BaseBuilder->get()
 6 SYSTEMPATH\CodeIgniter.php(932): App\Controllers\Data->mkt()
 7 SYSTEMPATH\CodeIgniter.php(497): CodeIgniter\CodeIgniter->runController(Object(App\Controllers\Data))
 8 SYSTEMPATH\CodeIgniter.php(366): CodeIgniter\CodeIgniter->handleRequest(null, Object(Config\Cache), false)
 9 FCPATH\index.php(67): CodeIgniter\CodeIgniter->run()
10 SYSTEMPATH\Commands\Server\rewrite.php(47): require_once('C:\\laragon\\www\\dashboard\\public\\index.php')
INFO - 2023-12-21 06:14:35 --> Session: Class initialized using 'CodeIgniter\Session\Handlers\FileHandler' driver.
ERROR - 2023-12-21 13:14:35 --> mysqli_sql_exception: Incorrect DATE value: '' in C:\laragon\www\dashboard\system\Database\MySQLi\Connection.php:295
Stack trace:
#0 C:\laragon\www\dashboard\system\Database\MySQLi\Connection.php(295): mysqli->query('SELECT *\nFROM `...', 0)
#1 C:\laragon\www\dashboard\system\Database\BaseConnection.php(692): CodeIgniter\Database\MySQLi\Connection->execute('SELECT *\nFROM `...')
#2 C:\laragon\www\dashboard\system\Database\BaseConnection.php(606): CodeIgniter\Database\BaseConnection->simpleQuery('SELECT *\nFROM `...')
#3 C:\laragon\www\dashboard\system\Database\BaseBuilder.php(1616): CodeIgniter\Database\BaseConnection->query('SELECT *\nFROM `...', Array, false)
#4 C:\laragon\www\dashboard\app\Controllers\Data.php(167): CodeIgniter\Database\BaseBuilder->get()
#5 C:\laragon\www\dashboard\system\CodeIgniter.php(932): App\Controllers\Data->mkt()
#6 C:\laragon\www\dashboard\system\CodeIgniter.php(497): CodeIgniter\CodeIgniter->runController(Object(App\Controllers\Data))
#7 C:\laragon\www\dashboard\system\CodeIgniter.php(366): CodeIgniter\CodeIgniter->handleRequest(NULL, Object(Config\Cache), false)
#8 C:\laragon\www\dashboard\public\index.php(67): CodeIgniter\CodeIgniter->run()
#9 C:\laragon\www\dashboard\system\Commands\Server\rewrite.php(47): require_once('C:\\laragon\\www\\...')
#10 {main}
CRITICAL - 2023-12-21 13:14:35 --> Incorrect DATE value: ''
in SYSTEMPATH\Database\MySQLi\Connection.php on line 295.
 1 SYSTEMPATH\Database\MySQLi\Connection.php(295): mysqli->query('SELECT *
FROM `data_marketing`
WHERE `tgl_addendum` != \'\'
AND `addendum_ke` != \'\'
ORDER BY `no_pkp`', 0)
 2 SYSTEMPATH\Database\BaseConnection.php(692): CodeIgniter\Database\MySQLi\Connection->execute('SELECT *
FROM `data_marketing`
WHERE `tgl_addendum` != \'\'
AND `addendum_ke` != \'\'
ORDER BY `no_pkp`')
 3 SYSTEMPATH\Database\BaseConnection.php(606): CodeIgniter\Database\BaseConnection->simpleQuery('SELECT *
FROM `data_marketing`
WHERE `tgl_addendum` != \'\'
AND `addendum_ke` != \'\'
ORDER BY `no_pkp`')
 4 SYSTEMPATH\Database\BaseBuilder.php(1616): CodeIgniter\Database\BaseConnection->query('SELECT *
FROM `data_marketing`
WHERE `tgl_addendum` != :tgl_addendum:
AND `addendum_ke` != :addendum_ke:
ORDER BY `no_pkp`', [...], false)
 5 APPPATH\Controllers\Data.php(167): CodeIgniter\Database\BaseBuilder->get()
 6 SYSTEMPATH\CodeIgniter.php(932): App\Controllers\Data->mkt()
 7 SYSTEMPATH\CodeIgniter.php(497): CodeIgniter\CodeIgniter->runController(Object(App\Controllers\Data))
 8 SYSTEMPATH\CodeIgniter.php(366): CodeIgniter\CodeIgniter->handleRequest(null, Object(Config\Cache), false)
 9 FCPATH\index.php(67): CodeIgniter\CodeIgniter->run()
10 SYSTEMPATH\Commands\Server\rewrite.php(47): require_once('C:\\laragon\\www\\dashboard\\public\\index.php')
INFO - 2023-12-21 06:14:35 --> Session: Class initialized using 'CodeIgniter\Session\Handlers\FileHandler' driver.
ERROR - 2023-12-21 13:14:35 --> mysqli_sql_exception: Incorrect DATE value: '' in C:\laragon\www\dashboard\system\Database\MySQLi\Connection.php:295
Stack trace:
#0 C:\laragon\www\dashboard\system\Database\MySQLi\Connection.php(295): mysqli->query('SELECT *\nFROM `...', 0)
#1 C:\laragon\www\dashboard\system\Database\BaseConnection.php(692): CodeIgniter\Database\MySQLi\Connection->execute('SELECT *\nFROM `...')
#2 C:\laragon\www\dashboard\system\Database\BaseConnection.php(606): CodeIgniter\Database\BaseConnection->simpleQuery('SELECT *\nFROM `...')
#3 C:\laragon\www\dashboard\system\Database\BaseBuilder.php(1616): CodeIgniter\Database\BaseConnection->query('SELECT *\nFROM `...', Array, false)
#4 C:\laragon\www\dashboard\app\Controllers\Data.php(167): CodeIgniter\Database\BaseBuilder->get()
#5 C:\laragon\www\dashboard\system\CodeIgniter.php(932): App\Controllers\Data->mkt()
#6 C:\laragon\www\dashboard\system\CodeIgniter.php(497): CodeIgniter\CodeIgniter->runController(Object(App\Controllers\Data))
#7 C:\laragon\www\dashboard\system\CodeIgniter.php(366): CodeIgniter\CodeIgniter->handleRequest(NULL, Object(Config\Cache), false)
#8 C:\laragon\www\dashboard\public\index.php(67): CodeIgniter\CodeIgniter->run()
#9 C:\laragon\www\dashboard\system\Commands\Server\rewrite.php(47): require_once('C:\\laragon\\www\\...')
#10 {main}
CRITICAL - 2023-12-21 13:14:35 --> Incorrect DATE value: ''
in SYSTEMPATH\Database\MySQLi\Connection.php on line 295.
 1 SYSTEMPATH\Database\MySQLi\Connection.php(295): mysqli->query('SELECT *
FROM `data_marketing`
WHERE `tgl_addendum` != \'\'
AND `addendum_ke` != \'\'
ORDER BY `no_pkp`', 0)
 2 SYSTEMPATH\Database\BaseConnection.php(692): CodeIgniter\Database\MySQLi\Connection->execute('SELECT *
FROM `data_marketing`
WHERE `tgl_addendum` != \'\'
AND `addendum_ke` != \'\'
ORDER BY `no_pkp`')
 3 SYSTEMPATH\Database\BaseConnection.php(606): CodeIgniter\Database\BaseConnection->simpleQuery('SELECT *
FROM `data_marketing`
WHERE `tgl_addendum` != \'\'
AND `addendum_ke` != \'\'
ORDER BY `no_pkp`')
 4 SYSTEMPATH\Database\BaseBuilder.php(1616): CodeIgniter\Database\BaseConnection->query('SELECT *
FROM `data_marketing`
WHERE `tgl_addendum` != :tgl_addendum:
AND `addendum_ke` != :addendum_ke:
ORDER BY `no_pkp`', [...], false)
 5 APPPATH\Controllers\Data.php(167): CodeIgniter\Database\BaseBuilder->get()
 6 SYSTEMPATH\CodeIgniter.php(932): App\Controllers\Data->mkt()
 7 SYSTEMPATH\CodeIgniter.php(497): CodeIgniter\CodeIgniter->runController(Object(App\Controllers\Data))
 8 SYSTEMPATH\CodeIgniter.php(366): CodeIgniter\CodeIgniter->handleRequest(null, Object(Config\Cache), false)
 9 FCPATH\index.php(67): CodeIgniter\CodeIgniter->run()
10 SYSTEMPATH\Commands\Server\rewrite.php(47): require_once('C:\\laragon\\www\\dashboard\\public\\index.php')
INFO - 2023-12-21 06:14:35 --> Session: Class initialized using 'CodeIgniter\Session\Handlers\FileHandler' driver.
ERROR - 2023-12-21 13:14:35 --> mysqli_sql_exception: Incorrect DATE value: '' in C:\laragon\www\dashboard\system\Database\MySQLi\Connection.php:295
Stack trace:
#0 C:\laragon\www\dashboard\system\Database\MySQLi\Connection.php(295): mysqli->query('SELECT *\nFROM `...', 0)
#1 C:\laragon\www\dashboard\system\Database\BaseConnection.php(692): CodeIgniter\Database\MySQLi\Connection->execute('SELECT *\nFROM `...')
#2 C:\laragon\www\dashboard\system\Database\BaseConnection.php(606): CodeIgniter\Database\BaseConnection->simpleQuery('SELECT *\nFROM `...')
#3 C:\laragon\www\dashboard\system\Database\BaseBuilder.php(1616): CodeIgniter\Database\BaseConnection->query('SELECT *\nFROM `...', Array, false)
#4 C:\laragon\www\dashboard\app\Controllers\Data.php(167): CodeIgniter\Database\BaseBuilder->get()
#5 C:\laragon\www\dashboard\system\CodeIgniter.php(932): App\Controllers\Data->mkt()
#6 C:\laragon\www\dashboard\system\CodeIgniter.php(497): CodeIgniter\CodeIgniter->runController(Object(App\Controllers\Data))
#7 C:\laragon\www\dashboard\system\CodeIgniter.php(366): CodeIgniter\CodeIgniter->handleRequest(NULL, Object(Config\Cache), false)
#8 C:\laragon\www\dashboard\public\index.php(67): CodeIgniter\CodeIgniter->run()
#9 C:\laragon\www\dashboard\system\Commands\Server\rewrite.php(47): require_once('C:\\laragon\\www\\...')
#10 {main}
CRITICAL - 2023-12-21 13:14:35 --> Incorrect DATE value: ''
in SYSTEMPATH\Database\MySQLi\Connection.php on line 295.
 1 SYSTEMPATH\Database\MySQLi\Connection.php(295): mysqli->query('SELECT *
FROM `data_marketing`
WHERE `tgl_addendum` != \'\'
AND `addendum_ke` != \'\'
ORDER BY `no_pkp`', 0)
 2 SYSTEMPATH\Database\BaseConnection.php(692): CodeIgniter\Database\MySQLi\Connection->execute('SELECT *
FROM `data_marketing`
WHERE `tgl_addendum` != \'\'
AND `addendum_ke` != \'\'
ORDER BY `no_pkp`')
 3 SYSTEMPATH\Database\BaseConnection.php(606): CodeIgniter\Database\BaseConnection->simpleQuery('SELECT *
FROM `data_marketing`
WHERE `tgl_addendum` != \'\'
AND `addendum_ke` != \'\'
ORDER BY `no_pkp`')
 4 SYSTEMPATH\Database\BaseBuilder.php(1616): CodeIgniter\Database\BaseConnection->query('SELECT *
FROM `data_marketing`
WHERE `tgl_addendum` != :tgl_addendum:
AND `addendum_ke` != :addendum_ke:
ORDER BY `no_pkp`', [...], false)
 5 APPPATH\Controllers\Data.php(167): CodeIgniter\Database\BaseBuilder->get()
 6 SYSTEMPATH\CodeIgniter.php(932): App\Controllers\Data->mkt()
 7 SYSTEMPATH\CodeIgniter.php(497): CodeIgniter\CodeIgniter->runController(Object(App\Controllers\Data))
 8 SYSTEMPATH\CodeIgniter.php(366): CodeIgniter\CodeIgniter->handleRequest(null, Object(Config\Cache), false)
 9 FCPATH\index.php(67): CodeIgniter\CodeIgniter->run()
10 SYSTEMPATH\Commands\Server\rewrite.php(47): require_once('C:\\laragon\\www\\dashboard\\public\\index.php')
INFO - 2023-12-21 06:14:35 --> Session: Class initialized using 'CodeIgniter\Session\Handlers\FileHandler' driver.
ERROR - 2023-12-21 13:14:35 --> mysqli_sql_exception: Incorrect DATE value: '' in C:\laragon\www\dashboard\system\Database\MySQLi\Connection.php:295
Stack trace:
#0 C:\laragon\www\dashboard\system\Database\MySQLi\Connection.php(295): mysqli->query('SELECT *\nFROM `...', 0)
#1 C:\laragon\www\dashboard\system\Database\BaseConnection.php(692): CodeIgniter\Database\MySQLi\Connection->execute('SELECT *\nFROM `...')
#2 C:\laragon\www\dashboard\system\Database\BaseConnection.php(606): CodeIgniter\Database\BaseConnection->simpleQuery('SELECT *\nFROM `...')
#3 C:\laragon\www\dashboard\system\Database\BaseBuilder.php(1616): CodeIgniter\Database\BaseConnection->query('SELECT *\nFROM `...', Array, false)
#4 C:\laragon\www\dashboard\app\Controllers\Data.php(167): CodeIgniter\Database\BaseBuilder->get()
#5 C:\laragon\www\dashboard\system\CodeIgniter.php(932): App\Controllers\Data->mkt()
#6 C:\laragon\www\dashboard\system\CodeIgniter.php(497): CodeIgniter\CodeIgniter->runController(Object(App\Controllers\Data))
#7 C:\laragon\www\dashboard\system\CodeIgniter.php(366): CodeIgniter\CodeIgniter->handleRequest(NULL, Object(Config\Cache), false)
#8 C:\laragon\www\dashboard\public\index.php(67): CodeIgniter\CodeIgniter->run()
#9 C:\laragon\www\dashboard\system\Commands\Server\rewrite.php(47): require_once('C:\\laragon\\www\\...')
#10 {main}
CRITICAL - 2023-12-21 13:14:35 --> Incorrect DATE value: ''
in SYSTEMPATH\Database\MySQLi\Connection.php on line 295.
 1 SYSTEMPATH\Database\MySQLi\Connection.php(295): mysqli->query('SELECT *
FROM `data_marketing`
WHERE `tgl_addendum` != \'\'
AND `addendum_ke` != \'\'
ORDER BY `no_pkp`', 0)
 2 SYSTEMPATH\Database\BaseConnection.php(692): CodeIgniter\Database\MySQLi\Connection->execute('SELECT *
FROM `data_marketing`
WHERE `tgl_addendum` != \'\'
AND `addendum_ke` != \'\'
ORDER BY `no_pkp`')
 3 SYSTEMPATH\Database\BaseConnection.php(606): CodeIgniter\Database\BaseConnection->simpleQuery('SELECT *
FROM `data_marketing`
WHERE `tgl_addendum` != \'\'
AND `addendum_ke` != \'\'
ORDER BY `no_pkp`')
 4 SYSTEMPATH\Database\BaseBuilder.php(1616): CodeIgniter\Database\BaseConnection->query('SELECT *
FROM `data_marketing`
WHERE `tgl_addendum` != :tgl_addendum:
AND `addendum_ke` != :addendum_ke:
ORDER BY `no_pkp`', [...], false)
 5 APPPATH\Controllers\Data.php(167): CodeIgniter\Database\BaseBuilder->get()
 6 SYSTEMPATH\CodeIgniter.php(932): App\Controllers\Data->mkt()
 7 SYSTEMPATH\CodeIgniter.php(497): CodeIgniter\CodeIgniter->runController(Object(App\Controllers\Data))
 8 SYSTEMPATH\CodeIgniter.php(366): CodeIgniter\CodeIgniter->handleRequest(null, Object(Config\Cache), false)
 9 FCPATH\index.php(67): CodeIgniter\CodeIgniter->run()
10 SYSTEMPATH\Commands\Server\rewrite.php(47): require_once('C:\\laragon\\www\\dashboard\\public\\index.php')
INFO - 2023-12-21 06:14:36 --> Session: Class initialized using 'CodeIgniter\Session\Handlers\FileHandler' driver.
ERROR - 2023-12-21 13:14:36 --> mysqli_sql_exception: Incorrect DATE value: '' in C:\laragon\www\dashboard\system\Database\MySQLi\Connection.php:295
Stack trace:
#0 C:\laragon\www\dashboard\system\Database\MySQLi\Connection.php(295): mysqli->query('SELECT *\nFROM `...', 0)
#1 C:\laragon\www\dashboard\system\Database\BaseConnection.php(692): CodeIgniter\Database\MySQLi\Connection->execute('SELECT *\nFROM `...')
#2 C:\laragon\www\dashboard\system\Database\BaseConnection.php(606): CodeIgniter\Database\BaseConnection->simpleQuery('SELECT *\nFROM `...')
#3 C:\laragon\www\dashboard\system\Database\BaseBuilder.php(1616): CodeIgniter\Database\BaseConnection->query('SELECT *\nFROM `...', Array, false)
#4 C:\laragon\www\dashboard\app\Controllers\Data.php(167): CodeIgniter\Database\BaseBuilder->get()
#5 C:\laragon\www\dashboard\system\CodeIgniter.php(932): App\Controllers\Data->mkt()
#6 C:\laragon\www\dashboard\system\CodeIgniter.php(497): CodeIgniter\CodeIgniter->runController(Object(App\Controllers\Data))
#7 C:\laragon\www\dashboard\system\CodeIgniter.php(366): CodeIgniter\CodeIgniter->handleRequest(NULL, Object(Config\Cache), false)
#8 C:\laragon\www\dashboard\public\index.php(67): CodeIgniter\CodeIgniter->run()
#9 C:\laragon\www\dashboard\system\Commands\Server\rewrite.php(47): require_once('C:\\laragon\\www\\...')
#10 {main}
CRITICAL - 2023-12-21 13:14:36 --> Incorrect DATE value: ''
in SYSTEMPATH\Database\MySQLi\Connection.php on line 295.
 1 SYSTEMPATH\Database\MySQLi\Connection.php(295): mysqli->query('SELECT *
FROM `data_marketing`
WHERE `tgl_addendum` != \'\'
AND `addendum_ke` != \'\'
ORDER BY `no_pkp`', 0)
 2 SYSTEMPATH\Database\BaseConnection.php(692): CodeIgniter\Database\MySQLi\Connection->execute('SELECT *
FROM `data_marketing`
WHERE `tgl_addendum` != \'\'
AND `addendum_ke` != \'\'
ORDER BY `no_pkp`')
 3 SYSTEMPATH\Database\BaseConnection.php(606): CodeIgniter\Database\BaseConnection->simpleQuery('SELECT *
FROM `data_marketing`
WHERE `tgl_addendum` != \'\'
AND `addendum_ke` != \'\'
ORDER BY `no_pkp`')
 4 SYSTEMPATH\Database\BaseBuilder.php(1616): CodeIgniter\Database\BaseConnection->query('SELECT *
FROM `data_marketing`
WHERE `tgl_addendum` != :tgl_addendum:
AND `addendum_ke` != :addendum_ke:
ORDER BY `no_pkp`', [...], false)
 5 APPPATH\Controllers\Data.php(167): CodeIgniter\Database\BaseBuilder->get()
 6 SYSTEMPATH\CodeIgniter.php(932): App\Controllers\Data->mkt()
 7 SYSTEMPATH\CodeIgniter.php(497): CodeIgniter\CodeIgniter->runController(Object(App\Controllers\Data))
 8 SYSTEMPATH\CodeIgniter.php(366): CodeIgniter\CodeIgniter->handleRequest(null, Object(Config\Cache), false)
 9 FCPATH\index.php(67): CodeIgniter\CodeIgniter->run()
10 SYSTEMPATH\Commands\Server\rewrite.php(47): require_once('C:\\laragon\\www\\dashboard\\public\\index.php')
INFO - 2023-12-21 06:19:16 --> Session: Class initialized using 'CodeIgniter\Session\Handlers\FileHandler' driver.
ERROR - 2023-12-21 13:19:16 --> mysqli_sql_exception: Incorrect DATE value: '' in C:\laragon\www\dashboard\system\Database\MySQLi\Connection.php:295
Stack trace:
#0 C:\laragon\www\dashboard\system\Database\MySQLi\Connection.php(295): mysqli->query('SELECT *\nFROM `...', 0)
#1 C:\laragon\www\dashboard\system\Database\BaseConnection.php(692): CodeIgniter\Database\MySQLi\Connection->execute('SELECT *\nFROM `...')
#2 C:\laragon\www\dashboard\system\Database\BaseConnection.php(606): CodeIgniter\Database\BaseConnection->simpleQuery('SELECT *\nFROM `...')
#3 C:\laragon\www\dashboard\system\Database\BaseBuilder.php(1616): CodeIgniter\Database\BaseConnection->query('SELECT *\nFROM `...', Array, false)
#4 C:\laragon\www\dashboard\app\Controllers\Data.php(167): CodeIgniter\Database\BaseBuilder->get()
#5 C:\laragon\www\dashboard\system\CodeIgniter.php(932): App\Controllers\Data->mkt()
#6 C:\laragon\www\dashboard\system\CodeIgniter.php(497): CodeIgniter\CodeIgniter->runController(Object(App\Controllers\Data))
#7 C:\laragon\www\dashboard\system\CodeIgniter.php(366): CodeIgniter\CodeIgniter->handleRequest(NULL, Object(Config\Cache), false)
#8 C:\laragon\www\dashboard\public\index.php(67): CodeIgniter\CodeIgniter->run()
#9 C:\laragon\www\dashboard\system\Commands\Server\rewrite.php(47): require_once('C:\\laragon\\www\\...')
#10 {main}
CRITICAL - 2023-12-21 13:19:16 --> Incorrect DATE value: ''
in SYSTEMPATH\Database\MySQLi\Connection.php on line 295.
 1 SYSTEMPATH\Database\MySQLi\Connection.php(295): mysqli->query('SELECT *
FROM `data_marketing`
WHERE `tgl_addendum` != \'\'
AND `addendum_ke` != \'\'
ORDER BY `no_pkp`', 0)
 2 SYSTEMPATH\Database\BaseConnection.php(692): CodeIgniter\Database\MySQLi\Connection->execute('SELECT *
FROM `data_marketing`
WHERE `tgl_addendum` != \'\'
AND `addendum_ke` != \'\'
ORDER BY `no_pkp`')
 3 SYSTEMPATH\Database\BaseConnection.php(606): CodeIgniter\Database\BaseConnection->simpleQuery('SELECT *
FROM `data_marketing`
WHERE `tgl_addendum` != \'\'
AND `addendum_ke` != \'\'
ORDER BY `no_pkp`')
 4 SYSTEMPATH\Database\BaseBuilder.php(1616): CodeIgniter\Database\BaseConnection->query('SELECT *
FROM `data_marketing`
WHERE `tgl_addendum` != :tgl_addendum:
AND `addendum_ke` != :addendum_ke:
ORDER BY `no_pkp`', [...], false)
 5 APPPATH\Controllers\Data.php(167): CodeIgniter\Database\BaseBuilder->get()
 6 SYSTEMPATH\CodeIgniter.php(932): App\Controllers\Data->mkt()
 7 SYSTEMPATH\CodeIgniter.php(497): CodeIgniter\CodeIgniter->runController(Object(App\Controllers\Data))
 8 SYSTEMPATH\CodeIgniter.php(366): CodeIgniter\CodeIgniter->handleRequest(null, Object(Config\Cache), false)
 9 FCPATH\index.php(67): CodeIgniter\CodeIgniter->run()
10 SYSTEMPATH\Commands\Server\rewrite.php(47): require_once('C:\\laragon\\www\\dashboard\\public\\index.php')
INFO - 2023-12-21 06:20:25 --> Session: Class initialized using 'CodeIgniter\Session\Handlers\FileHandler' driver.
ERROR - 2023-12-21 13:20:25 --> mysqli_sql_exception: Incorrect DATE value: '' in C:\laragon\www\dashboard\system\Database\MySQLi\Connection.php:295
Stack trace:
#0 C:\laragon\www\dashboard\system\Database\MySQLi\Connection.php(295): mysqli->query('SELECT *\nFROM `...', 0)
#1 C:\laragon\www\dashboard\system\Database\BaseConnection.php(692): CodeIgniter\Database\MySQLi\Connection->execute('SELECT *\nFROM `...')
#2 C:\laragon\www\dashboard\system\Database\BaseConnection.php(606): CodeIgniter\Database\BaseConnection->simpleQuery('SELECT *\nFROM `...')
#3 C:\laragon\www\dashboard\system\Database\BaseBuilder.php(1616): CodeIgniter\Database\BaseConnection->query('SELECT *\nFROM `...', Array, false)
#4 C:\laragon\www\dashboard\app\Controllers\Data.php(167): CodeIgniter\Database\BaseBuilder->get()
#5 C:\laragon\www\dashboard\system\CodeIgniter.php(932): App\Controllers\Data->mkt()
#6 C:\laragon\www\dashboard\system\CodeIgniter.php(497): CodeIgniter\CodeIgniter->runController(Object(App\Controllers\Data))
#7 C:\laragon\www\dashboard\system\CodeIgniter.php(366): CodeIgniter\CodeIgniter->handleRequest(NULL, Object(Config\Cache), false)
#8 C:\laragon\www\dashboard\public\index.php(67): CodeIgniter\CodeIgniter->run()
#9 C:\laragon\www\dashboard\system\Commands\Server\rewrite.php(47): require_once('C:\\laragon\\www\\...')
#10 {main}
CRITICAL - 2023-12-21 13:20:25 --> Incorrect DATE value: ''
in SYSTEMPATH\Database\MySQLi\Connection.php on line 295.
 1 SYSTEMPATH\Database\MySQLi\Connection.php(295): mysqli->query('SELECT *
FROM `data_marketing`
WHERE `tgl_addendum` != \'\'
AND `addendum_ke` != \'\'
ORDER BY `no_pkp`', 0)
 2 SYSTEMPATH\Database\BaseConnection.php(692): CodeIgniter\Database\MySQLi\Connection->execute('SELECT *
FROM `data_marketing`
WHERE `tgl_addendum` != \'\'
AND `addendum_ke` != \'\'
ORDER BY `no_pkp`')
 3 SYSTEMPATH\Database\BaseConnection.php(606): CodeIgniter\Database\BaseConnection->simpleQuery('SELECT *
FROM `data_marketing`
WHERE `tgl_addendum` != \'\'
AND `addendum_ke` != \'\'
ORDER BY `no_pkp`')
 4 SYSTEMPATH\Database\BaseBuilder.php(1616): CodeIgniter\Database\BaseConnection->query('SELECT *
FROM `data_marketing`
WHERE `tgl_addendum` != :tgl_addendum:
AND `addendum_ke` != :addendum_ke:
ORDER BY `no_pkp`', [...], false)
 5 APPPATH\Controllers\Data.php(167): CodeIgniter\Database\BaseBuilder->get()
 6 SYSTEMPATH\CodeIgniter.php(932): App\Controllers\Data->mkt()
 7 SYSTEMPATH\CodeIgniter.php(497): CodeIgniter\CodeIgniter->runController(Object(App\Controllers\Data))
 8 SYSTEMPATH\CodeIgniter.php(366): CodeIgniter\CodeIgniter->handleRequest(null, Object(Config\Cache), false)
 9 FCPATH\index.php(67): CodeIgniter\CodeIgniter->run()
10 SYSTEMPATH\Commands\Server\rewrite.php(47): require_once('C:\\laragon\\www\\dashboard\\public\\index.php')
INFO - 2023-12-21 06:20:59 --> Session: Class initialized using 'CodeIgniter\Session\Handlers\FileHandler' driver.
WARNING - 2023-12-21 13:20:59 --> [DEPRECATED] strtotime(): Passing null to parameter #1 ($datetime) of type string is deprecated in APPPATH\Views\data\marketing\list.php on line 290.
 1 APPPATH\Views\data\marketing\list.php(290): strtotime(null)
 2 SYSTEMPATH\View\View.php(224): include('C:\\laragon\\www\\dashboard\\app\\Views\\data\\marketing\\list.php')
 3 SYSTEMPATH\View\View.php(227): CodeIgniter\View\View->CodeIgniter\View\{closure}()
 4 SYSTEMPATH\Common.php(1180): CodeIgniter\View\View->render('data/marketing/list', [], true)
 5 APPPATH\Controllers\Data.php(184): view('data/marketing/list', [...])
 6 SYSTEMPATH\CodeIgniter.php(932): App\Controllers\Data->mkt()
 7 SYSTEMPATH\CodeIgniter.php(497): CodeIgniter\CodeIgniter->runController(Object(App\Controllers\Data))
 8 SYSTEMPATH\CodeIgniter.php(366): CodeIgniter\CodeIgniter->handleRequest(null, Object(Config\Cache), false)
 9 FCPATH\index.php(67): CodeIgniter\CodeIgniter->run()
10 SYSTEMPATH\Commands\Server\rewrite.php(47): require_once('C:\\laragon\\www\\dashboard\\public\\index.php')
WARNING - 2023-12-21 13:20:59 --> [DEPRECATED] strtotime(): Passing null to parameter #1 ($datetime) of type string is deprecated in APPPATH\Views\data\marketing\list.php on line 291.
 1 APPPATH\Views\data\marketing\list.php(291): strtotime(null)
 2 SYSTEMPATH\View\View.php(224): include('C:\\laragon\\www\\dashboard\\app\\Views\\data\\marketing\\list.php')
 3 SYSTEMPATH\View\View.php(227): CodeIgniter\View\View->CodeIgniter\View\{closure}()
 4 SYSTEMPATH\Common.php(1180): CodeIgniter\View\View->render('data/marketing/list', [], true)
 5 APPPATH\Controllers\Data.php(184): view('data/marketing/list', [...])
 6 SYSTEMPATH\CodeIgniter.php(932): App\Controllers\Data->mkt()
 7 SYSTEMPATH\CodeIgniter.php(497): CodeIgniter\CodeIgniter->runController(Object(App\Controllers\Data))
 8 SYSTEMPATH\CodeIgniter.php(366): CodeIgniter\CodeIgniter->handleRequest(null, Object(Config\Cache), false)
 9 FCPATH\index.php(67): CodeIgniter\CodeIgniter->run()
10 SYSTEMPATH\Commands\Server\rewrite.php(47): require_once('C:\\laragon\\www\\dashboard\\public\\index.php')
WARNING - 2023-12-21 13:20:59 --> [DEPRECATED] strtotime(): Passing null to parameter #1 ($datetime) of type string is deprecated in APPPATH\Views\data\marketing\list.php on line 290.
 1 APPPATH\Views\data\marketing\list.php(290): strtotime(null)
 2 SYSTEMPATH\View\View.php(224): include('C:\\laragon\\www\\dashboard\\app\\Views\\data\\marketing\\list.php')
 3 SYSTEMPATH\View\View.php(227): CodeIgniter\View\View->CodeIgniter\View\{closure}()
 4 SYSTEMPATH\Common.php(1180): CodeIgniter\View\View->render('data/marketing/list', [], true)
 5 APPPATH\Controllers\Data.php(184): view('data/marketing/list', [...])
 6 SYSTEMPATH\CodeIgniter.php(932): App\Controllers\Data->mkt()
 7 SYSTEMPATH\CodeIgniter.php(497): CodeIgniter\CodeIgniter->runController(Object(App\Controllers\Data))
 8 SYSTEMPATH\CodeIgniter.php(366): CodeIgniter\CodeIgniter->handleRequest(null, Object(Config\Cache), false)
 9 FCPATH\index.php(67): CodeIgniter\CodeIgniter->run()
10 SYSTEMPATH\Commands\Server\rewrite.php(47): require_once('C:\\laragon\\www\\dashboard\\public\\index.php')
WARNING - 2023-12-21 13:20:59 --> [DEPRECATED] strtotime(): Passing null to parameter #1 ($datetime) of type string is deprecated in APPPATH\Views\data\marketing\list.php on line 291.
 1 APPPATH\Views\data\marketing\list.php(291): strtotime(null)
 2 SYSTEMPATH\View\View.php(224): include('C:\\laragon\\www\\dashboard\\app\\Views\\data\\marketing\\list.php')
 3 SYSTEMPATH\View\View.php(227): CodeIgniter\View\View->CodeIgniter\View\{closure}()
 4 SYSTEMPATH\Common.php(1180): CodeIgniter\View\View->render('data/marketing/list', [], true)
 5 APPPATH\Controllers\Data.php(184): view('data/marketing/list', [...])
 6 SYSTEMPATH\CodeIgniter.php(932): App\Controllers\Data->mkt()
 7 SYSTEMPATH\CodeIgniter.php(497): CodeIgniter\CodeIgniter->runController(Object(App\Controllers\Data))
 8 SYSTEMPATH\CodeIgniter.php(366): CodeIgniter\CodeIgniter->handleRequest(null, Object(Config\Cache), false)
 9 FCPATH\index.php(67): CodeIgniter\CodeIgniter->run()
10 SYSTEMPATH\Commands\Server\rewrite.php(47): require_once('C:\\laragon\\www\\dashboard\\public\\index.php')
INFO - 2023-12-21 06:21:12 --> Session: Class initialized using 'CodeIgniter\Session\Handlers\FileHandler' driver.
WARNING - 2023-12-21 13:21:12 --> [DEPRECATED] strtotime(): Passing null to parameter #1 ($datetime) of type string is deprecated in APPPATH\Views\data\marketing\list.php on line 290.
 1 APPPATH\Views\data\marketing\list.php(290): strtotime(null)
 2 SYSTEMPATH\View\View.php(224): include('C:\\laragon\\www\\dashboard\\app\\Views\\data\\marketing\\list.php')
 3 SYSTEMPATH\View\View.php(227): CodeIgniter\View\View->CodeIgniter\View\{closure}()
 4 SYSTEMPATH\Common.php(1180): CodeIgniter\View\View->render('data/marketing/list', [], true)
 5 APPPATH\Controllers\Data.php(184): view('data/marketing/list', [...])
 6 SYSTEMPATH\CodeIgniter.php(932): App\Controllers\Data->mkt()
 7 SYSTEMPATH\CodeIgniter.php(497): CodeIgniter\CodeIgniter->runController(Object(App\Controllers\Data))
 8 SYSTEMPATH\CodeIgniter.php(366): CodeIgniter\CodeIgniter->handleRequest(null, Object(Config\Cache), false)
 9 FCPATH\index.php(67): CodeIgniter\CodeIgniter->run()
10 SYSTEMPATH\Commands\Server\rewrite.php(47): require_once('C:\\laragon\\www\\dashboard\\public\\index.php')
WARNING - 2023-12-21 13:21:12 --> [DEPRECATED] strtotime(): Passing null to parameter #1 ($datetime) of type string is deprecated in APPPATH\Views\data\marketing\list.php on line 291.
 1 APPPATH\Views\data\marketing\list.php(291): strtotime(null)
 2 SYSTEMPATH\View\View.php(224): include('C:\\laragon\\www\\dashboard\\app\\Views\\data\\marketing\\list.php')
 3 SYSTEMPATH\View\View.php(227): CodeIgniter\View\View->CodeIgniter\View\{closure}()
 4 SYSTEMPATH\Common.php(1180): CodeIgniter\View\View->render('data/marketing/list', [], true)
 5 APPPATH\Controllers\Data.php(184): view('data/marketing/list', [...])
 6 SYSTEMPATH\CodeIgniter.php(932): App\Controllers\Data->mkt()
 7 SYSTEMPATH\CodeIgniter.php(497): CodeIgniter\CodeIgniter->runController(Object(App\Controllers\Data))
 8 SYSTEMPATH\CodeIgniter.php(366): CodeIgniter\CodeIgniter->handleRequest(null, Object(Config\Cache), false)
 9 FCPATH\index.php(67): CodeIgniter\CodeIgniter->run()
10 SYSTEMPATH\Commands\Server\rewrite.php(47): require_once('C:\\laragon\\www\\dashboard\\public\\index.php')
WARNING - 2023-12-21 13:21:12 --> [DEPRECATED] strtotime(): Passing null to parameter #1 ($datetime) of type string is deprecated in APPPATH\Views\data\marketing\list.php on line 290.
 1 APPPATH\Views\data\marketing\list.php(290): strtotime(null)
 2 SYSTEMPATH\View\View.php(224): include('C:\\laragon\\www\\dashboard\\app\\Views\\data\\marketing\\list.php')
 3 SYSTEMPATH\View\View.php(227): CodeIgniter\View\View->CodeIgniter\View\{closure}()
 4 SYSTEMPATH\Common.php(1180): CodeIgniter\View\View->render('data/marketing/list', [], true)
 5 APPPATH\Controllers\Data.php(184): view('data/marketing/list', [...])
 6 SYSTEMPATH\CodeIgniter.php(932): App\Controllers\Data->mkt()
 7 SYSTEMPATH\CodeIgniter.php(497): CodeIgniter\CodeIgniter->runController(Object(App\Controllers\Data))
 8 SYSTEMPATH\CodeIgniter.php(366): CodeIgniter\CodeIgniter->handleRequest(null, Object(Config\Cache), false)
 9 FCPATH\index.php(67): CodeIgniter\CodeIgniter->run()
10 SYSTEMPATH\Commands\Server\rewrite.php(47): require_once('C:\\laragon\\www\\dashboard\\public\\index.php')
WARNING - 2023-12-21 13:21:12 --> [DEPRECATED] strtotime(): Passing null to parameter #1 ($datetime) of type string is deprecated in APPPATH\Views\data\marketing\list.php on line 291.
 1 APPPATH\Views\data\marketing\list.php(291): strtotime(null)
 2 SYSTEMPATH\View\View.php(224): include('C:\\laragon\\www\\dashboard\\app\\Views\\data\\marketing\\list.php')
 3 SYSTEMPATH\View\View.php(227): CodeIgniter\View\View->CodeIgniter\View\{closure}()
 4 SYSTEMPATH\Common.php(1180): CodeIgniter\View\View->render('data/marketing/list', [], true)
 5 APPPATH\Controllers\Data.php(184): view('data/marketing/list', [...])
 6 SYSTEMPATH\CodeIgniter.php(932): App\Controllers\Data->mkt()
 7 SYSTEMPATH\CodeIgniter.php(497): CodeIgniter\CodeIgniter->runController(Object(App\Controllers\Data))
 8 SYSTEMPATH\CodeIgniter.php(366): CodeIgniter\CodeIgniter->handleRequest(null, Object(Config\Cache), false)
 9 FCPATH\index.php(67): CodeIgniter\CodeIgniter->run()
10 SYSTEMPATH\Commands\Server\rewrite.php(47): require_once('C:\\laragon\\www\\dashboard\\public\\index.php')
INFO - 2023-12-21 06:27:03 --> Session: Class initialized using 'CodeIgniter\Session\Handlers\FileHandler' driver.
WARNING - 2023-12-21 13:27:03 --> [DEPRECATED] strtotime(): Passing null to parameter #1 ($datetime) of type string is deprecated in APPPATH\Views\data\marketing\list.php on line 290.
 1 APPPATH\Views\data\marketing\list.php(290): strtotime(null)
 2 SYSTEMPATH\View\View.php(224): include('C:\\laragon\\www\\dashboard\\app\\Views\\data\\marketing\\list.php')
 3 SYSTEMPATH\View\View.php(227): CodeIgniter\View\View->CodeIgniter\View\{closure}()
 4 SYSTEMPATH\Common.php(1180): CodeIgniter\View\View->render('data/marketing/list', [], true)
 5 APPPATH\Controllers\Data.php(191): view('data/marketing/list', [...])
 6 SYSTEMPATH\CodeIgniter.php(932): App\Controllers\Data->mkt()
 7 SYSTEMPATH\CodeIgniter.php(497): CodeIgniter\CodeIgniter->runController(Object(App\Controllers\Data))
 8 SYSTEMPATH\CodeIgniter.php(366): CodeIgniter\CodeIgniter->handleRequest(null, Object(Config\Cache), false)
 9 FCPATH\index.php(67): CodeIgniter\CodeIgniter->run()
10 SYSTEMPATH\Commands\Server\rewrite.php(47): require_once('C:\\laragon\\www\\dashboard\\public\\index.php')
WARNING - 2023-12-21 13:27:03 --> [DEPRECATED] strtotime(): Passing null to parameter #1 ($datetime) of type string is deprecated in APPPATH\Views\data\marketing\list.php on line 291.
 1 APPPATH\Views\data\marketing\list.php(291): strtotime(null)
 2 SYSTEMPATH\View\View.php(224): include('C:\\laragon\\www\\dashboard\\app\\Views\\data\\marketing\\list.php')
 3 SYSTEMPATH\View\View.php(227): CodeIgniter\View\View->CodeIgniter\View\{closure}()
 4 SYSTEMPATH\Common.php(1180): CodeIgniter\View\View->render('data/marketing/list', [], true)
 5 APPPATH\Controllers\Data.php(191): view('data/marketing/list', [...])
 6 SYSTEMPATH\CodeIgniter.php(932): App\Controllers\Data->mkt()
 7 SYSTEMPATH\CodeIgniter.php(497): CodeIgniter\CodeIgniter->runController(Object(App\Controllers\Data))
 8 SYSTEMPATH\CodeIgniter.php(366): CodeIgniter\CodeIgniter->handleRequest(null, Object(Config\Cache), false)
 9 FCPATH\index.php(67): CodeIgniter\CodeIgniter->run()
10 SYSTEMPATH\Commands\Server\rewrite.php(47): require_once('C:\\laragon\\www\\dashboard\\public\\index.php')
WARNING - 2023-12-21 13:27:03 --> [DEPRECATED] strtotime(): Passing null to parameter #1 ($datetime) of type string is deprecated in APPPATH\Views\data\marketing\list.php on line 290.
 1 APPPATH\Views\data\marketing\list.php(290): strtotime(null)
 2 SYSTEMPATH\View\View.php(224): include('C:\\laragon\\www\\dashboard\\app\\Views\\data\\marketing\\list.php')
 3 SYSTEMPATH\View\View.php(227): CodeIgniter\View\View->CodeIgniter\View\{closure}()
 4 SYSTEMPATH\Common.php(1180): CodeIgniter\View\View->render('data/marketing/list', [], true)
 5 APPPATH\Controllers\Data.php(191): view('data/marketing/list', [...])
 6 SYSTEMPATH\CodeIgniter.php(932): App\Controllers\Data->mkt()
 7 SYSTEMPATH\CodeIgniter.php(497): CodeIgniter\CodeIgniter->runController(Object(App\Controllers\Data))
 8 SYSTEMPATH\CodeIgniter.php(366): CodeIgniter\CodeIgniter->handleRequest(null, Object(Config\Cache), false)
 9 FCPATH\index.php(67): CodeIgniter\CodeIgniter->run()
10 SYSTEMPATH\Commands\Server\rewrite.php(47): require_once('C:\\laragon\\www\\dashboard\\public\\index.php')
WARNING - 2023-12-21 13:27:03 --> [DEPRECATED] strtotime(): Passing null to parameter #1 ($datetime) of type string is deprecated in APPPATH\Views\data\marketing\list.php on line 291.
 1 APPPATH\Views\data\marketing\list.php(291): strtotime(null)
 2 SYSTEMPATH\View\View.php(224): include('C:\\laragon\\www\\dashboard\\app\\Views\\data\\marketing\\list.php')
 3 SYSTEMPATH\View\View.php(227): CodeIgniter\View\View->CodeIgniter\View\{closure}()
 4 SYSTEMPATH\Common.php(1180): CodeIgniter\View\View->render('data/marketing/list', [], true)
 5 APPPATH\Controllers\Data.php(191): view('data/marketing/list', [...])
 6 SYSTEMPATH\CodeIgniter.php(932): App\Controllers\Data->mkt()
 7 SYSTEMPATH\CodeIgniter.php(497): CodeIgniter\CodeIgniter->runController(Object(App\Controllers\Data))
 8 SYSTEMPATH\CodeIgniter.php(366): CodeIgniter\CodeIgniter->handleRequest(null, Object(Config\Cache), false)
 9 FCPATH\index.php(67): CodeIgniter\CodeIgniter->run()
10 SYSTEMPATH\Commands\Server\rewrite.php(47): require_once('C:\\laragon\\www\\dashboard\\public\\index.php')
INFO - 2023-12-21 06:27:24 --> Session: Class initialized using 'CodeIgniter\Session\Handlers\FileHandler' driver.
INFO - 2023-12-21 06:39:00 --> Session: Class initialized using 'CodeIgniter\Session\Handlers\FileHandler' driver.
INFO - 2023-12-21 06:39:02 --> Session: Class initialized using 'CodeIgniter\Session\Handlers\FileHandler' driver.
INFO - 2023-12-21 06:43:55 --> Session: Class initialized using 'CodeIgniter\Session\Handlers\FileHandler' driver.
CRITICAL - 2023-12-21 06:43:55 --> Undefined property: CodeIgniter\View\View::$db
in APPPATH\Views\data\qs\index.php on line 79.
 1 APPPATH\Views\data\qs\index.php(79): CodeIgniter\Debug\Exceptions->errorHandler(2, 'Undefined property: CodeIgniter\\View\\View::$db', 'C:\\laragon\\www\\dashboard\\app\\Views\\data\\qs\\index.php', 79)
 2 SYSTEMPATH\View\View.php(224): include('C:\\laragon\\www\\dashboard\\app\\Views\\data\\qs\\index.php')
 3 SYSTEMPATH\View\View.php(227): CodeIgniter\View\View->CodeIgniter\View\{closure}()
 4 SYSTEMPATH\Common.php(1180): CodeIgniter\View\View->render('data/qs/index', [], true)
 5 APPPATH\Controllers\Data.php(213): view('data/qs/index', [...])
 6 SYSTEMPATH\CodeIgniter.php(932): App\Controllers\Data->qs()
 7 SYSTEMPATH\CodeIgniter.php(497): CodeIgniter\CodeIgniter->runController(Object(App\Controllers\Data))
 8 SYSTEMPATH\CodeIgniter.php(366): CodeIgniter\CodeIgniter->handleRequest(null, Object(Config\Cache), false)
 9 FCPATH\index.php(67): CodeIgniter\CodeIgniter->run()
10 SYSTEMPATH\Commands\Server\rewrite.php(47): require_once('C:\\laragon\\www\\dashboard\\public\\index.php')
INFO - 2023-12-21 07:05:54 --> Session: Class initialized using 'CodeIgniter\Session\Handlers\FileHandler' driver.
CRITICAL - 2023-12-21 07:05:54 --> Attempt to read property "id_pkp" on array
in APPPATH\Controllers\Data.php on line 212.
 1 APPPATH\Controllers\Data.php(212): CodeIgniter\Debug\Exceptions->errorHandler(2, 'Attempt to read property "id_pkp" on array', 'C:\\laragon\\www\\dashboard\\app\\Controllers\\Data.php', 212)
 2 SYSTEMPATH\CodeIgniter.php(932): App\Controllers\Data->qs()
 3 SYSTEMPATH\CodeIgniter.php(497): CodeIgniter\CodeIgniter->runController(Object(App\Controllers\Data))
 4 SYSTEMPATH\CodeIgniter.php(366): CodeIgniter\CodeIgniter->handleRequest(null, Object(Config\Cache), false)
 5 FCPATH\index.php(67): CodeIgniter\CodeIgniter->run()
 6 SYSTEMPATH\Commands\Server\rewrite.php(47): require_once('C:\\laragon\\www\\dashboard\\public\\index.php')
INFO - 2023-12-21 07:06:25 --> Session: Class initialized using 'CodeIgniter\Session\Handlers\FileHandler' driver.
CRITICAL - 2023-12-21 07:06:25 --> Undefined property: mysqli::$file
in APPPATH\Views\data\qs\index.php on line 85.
 1 APPPATH\Views\data\qs\index.php(85): CodeIgniter\Debug\Exceptions->errorHandler(2, 'Undefined property: mysqli::$file', 'C:\\laragon\\www\\dashboard\\app\\Views\\data\\qs\\index.php', 85)
 2 SYSTEMPATH\View\View.php(224): include('C:\\laragon\\www\\dashboard\\app\\Views\\data\\qs\\index.php')
 3 SYSTEMPATH\View\View.php(227): CodeIgniter\View\View->CodeIgniter\View\{closure}()
 4 SYSTEMPATH\Common.php(1180): CodeIgniter\View\View->render('data/qs/index', [], true)
 5 APPPATH\Controllers\Data.php(216): view('data/qs/index', [...])
 6 SYSTEMPATH\CodeIgniter.php(932): App\Controllers\Data->qs()
 7 SYSTEMPATH\CodeIgniter.php(497): CodeIgniter\CodeIgniter->runController(Object(App\Controllers\Data))
 8 SYSTEMPATH\CodeIgniter.php(366): CodeIgniter\CodeIgniter->handleRequest(null, Object(Config\Cache), false)
 9 FCPATH\index.php(67): CodeIgniter\CodeIgniter->run()
10 SYSTEMPATH\Commands\Server\rewrite.php(47): require_once('C:\\laragon\\www\\dashboard\\public\\index.php')
INFO - 2023-12-21 07:14:53 --> Session: Class initialized using 'CodeIgniter\Session\Handlers\FileHandler' driver.
CRITICAL - 2023-12-21 07:14:53 --> Undefined property: mysqli::$file
in APPPATH\Views\data\qs\index.php on line 85.
 1 APPPATH\Views\data\qs\index.php(85): CodeIgniter\Debug\Exceptions->errorHandler(2, 'Undefined property: mysqli::$file', 'C:\\laragon\\www\\dashboard\\app\\Views\\data\\qs\\index.php', 85)
 2 SYSTEMPATH\View\View.php(224): include('C:\\laragon\\www\\dashboard\\app\\Views\\data\\qs\\index.php')
 3 SYSTEMPATH\View\View.php(227): CodeIgniter\View\View->CodeIgniter\View\{closure}()
 4 SYSTEMPATH\Common.php(1180): CodeIgniter\View\View->render('data/qs/index', [], true)
 5 APPPATH\Controllers\Data.php(216): view('data/qs/index', [...])
 6 SYSTEMPATH\CodeIgniter.php(932): App\Controllers\Data->qs()
 7 SYSTEMPATH\CodeIgniter.php(497): CodeIgniter\CodeIgniter->runController(Object(App\Controllers\Data))
 8 SYSTEMPATH\CodeIgniter.php(366): CodeIgniter\CodeIgniter->handleRequest(null, Object(Config\Cache), false)
 9 FCPATH\index.php(67): CodeIgniter\CodeIgniter->run()
10 SYSTEMPATH\Commands\Server\rewrite.php(47): require_once('C:\\laragon\\www\\dashboard\\public\\index.php')
INFO - 2023-12-21 07:21:42 --> Session: Class initialized using 'CodeIgniter\Session\Handlers\FileHandler' driver.
CRITICAL - 2023-12-21 07:21:42 --> Undefined property: CodeIgniter\View\View::$load
in APPPATH\Views\data\qs\index.php on line 104.
 1 APPPATH\Views\data\qs\index.php(104): CodeIgniter\Debug\Exceptions->errorHandler(2, 'Undefined property: CodeIgniter\\View\\View::$load', 'C:\\laragon\\www\\dashboard\\app\\Views\\data\\qs\\index.php', 104)
 2 SYSTEMPATH\View\View.php(224): include('C:\\laragon\\www\\dashboard\\app\\Views\\data\\qs\\index.php')
 3 SYSTEMPATH\View\View.php(227): CodeIgniter\View\View->CodeIgniter\View\{closure}()
 4 SYSTEMPATH\Common.php(1180): CodeIgniter\View\View->render('data/qs/index', [], true)
 5 APPPATH\Controllers\Data.php(219): view('data/qs/index', [...])
 6 SYSTEMPATH\CodeIgniter.php(932): App\Controllers\Data->qs()
 7 SYSTEMPATH\CodeIgniter.php(497): CodeIgniter\CodeIgniter->runController(Object(App\Controllers\Data))
 8 SYSTEMPATH\CodeIgniter.php(366): CodeIgniter\CodeIgniter->handleRequest(null, Object(Config\Cache), false)
 9 FCPATH\index.php(67): CodeIgniter\CodeIgniter->run()
10 SYSTEMPATH\Commands\Server\rewrite.php(47): require_once('C:\\laragon\\www\\dashboard\\public\\index.php')
INFO - 2023-12-21 07:21:54 --> Session: Class initialized using 'CodeIgniter\Session\Handlers\FileHandler' driver.
CRITICAL - 2023-12-21 07:21:54 --> Undefined property: CodeIgniter\View\View::$security
in APPPATH\Views\data\qs\index.php on line 318.
 1 APPPATH\Views\data\qs\index.php(318): CodeIgniter\Debug\Exceptions->errorHandler(2, 'Undefined property: CodeIgniter\\View\\View::$security', 'C:\\laragon\\www\\dashboard\\app\\Views\\data\\qs\\index.php', 318)
 2 SYSTEMPATH\View\View.php(224): include('C:\\laragon\\www\\dashboard\\app\\Views\\data\\qs\\index.php')
 3 SYSTEMPATH\View\View.php(227): CodeIgniter\View\View->CodeIgniter\View\{closure}()
 4 SYSTEMPATH\Common.php(1180): CodeIgniter\View\View->render('data/qs/index', [], true)
 5 APPPATH\Controllers\Data.php(219): view('data/qs/index', [...])
 6 SYSTEMPATH\CodeIgniter.php(932): App\Controllers\Data->qs()
 7 SYSTEMPATH\CodeIgniter.php(497): CodeIgniter\CodeIgniter->runController(Object(App\Controllers\Data))
 8 SYSTEMPATH\CodeIgniter.php(366): CodeIgniter\CodeIgniter->handleRequest(null, Object(Config\Cache), false)
 9 FCPATH\index.php(67): CodeIgniter\CodeIgniter->run()
10 SYSTEMPATH\Commands\Server\rewrite.php(47): require_once('C:\\laragon\\www\\dashboard\\public\\index.php')
INFO - 2023-12-21 07:22:09 --> Session: Class initialized using 'CodeIgniter\Session\Handlers\FileHandler' driver.
INFO - 2023-12-21 07:22:20 --> Session: Class initialized using 'CodeIgniter\Session\Handlers\FileHandler' driver.
INFO - 2023-12-21 07:22:22 --> Session: Class initialized using 'CodeIgniter\Session\Handlers\FileHandler' driver.
INFO - 2023-12-21 07:27:24 --> Session: Class initialized using 'CodeIgniter\Session\Handlers\FileHandler' driver.
INFO - 2023-12-21 07:51:59 --> Session: Class initialized using 'CodeIgniter\Session\Handlers\FileHandler' driver.
INFO - 2023-12-21 07:52:03 --> Session: Class initialized using 'CodeIgniter\Session\Handlers\FileHandler' driver.
INFO - 2023-12-21 09:01:31 --> Session: Class initialized using 'CodeIgniter\Session\Handlers\FileHandler' driver.
INFO - 2023-12-21 09:02:28 --> Session: Class initialized using 'CodeIgniter\Session\Handlers\FileHandler' driver.
CRITICAL - 2023-12-21 09:02:28 --> Call to undefined method CodeIgniter\Database\MySQLi\Connection::get()
in APPPATH\Controllers\Data.php on line 230.
 1 SYSTEMPATH\CodeIgniter.php(932): App\Controllers\Data->masalah_qs()
 2 SYSTEMPATH\CodeIgniter.php(497): CodeIgniter\CodeIgniter->runController(Object(App\Controllers\Data))
 3 SYSTEMPATH\CodeIgniter.php(366): CodeIgniter\CodeIgniter->handleRequest(null, Object(Config\Cache), false)
 4 FCPATH\index.php(67): CodeIgniter\CodeIgniter->run()
 5 SYSTEMPATH\Commands\Server\rewrite.php(47): require_once('C:\\laragon\\www\\dashboard\\public\\index.php')
INFO - 2023-12-21 09:09:58 --> Session: Class initialized using 'CodeIgniter\Session\Handlers\FileHandler' driver.
CRITICAL - 2023-12-21 09:09:58 --> Invalid file: "laporan/qs/masalah.php"
in SYSTEMPATH\Exceptions\FrameworkException.php on line 33.
 1 SYSTEMPATH\View\View.php(212): CodeIgniter\Exceptions\FrameworkException::forInvalidFile('laporan/qs/masalah.php')
 2 SYSTEMPATH\Common.php(1180): CodeIgniter\View\View->render('laporan/qs/masalah', [], true)
 3 APPPATH\Controllers\Data.php(311): view('laporan/qs/masalah', [...])
 4 SYSTEMPATH\CodeIgniter.php(932): App\Controllers\Data->masalah_qs()
 5 SYSTEMPATH\CodeIgniter.php(497): CodeIgniter\CodeIgniter->runController(Object(App\Controllers\Data))
 6 SYSTEMPATH\CodeIgniter.php(366): CodeIgniter\CodeIgniter->handleRequest(null, Object(Config\Cache), false)
 7 FCPATH\index.php(67): CodeIgniter\CodeIgniter->run()
 8 SYSTEMPATH\Commands\Server\rewrite.php(47): require_once('C:\\laragon\\www\\dashboard\\public\\index.php')
INFO - 2023-12-21 09:10:17 --> Session: Class initialized using 'CodeIgniter\Session\Handlers\FileHandler' driver.
CRITICAL - 2023-12-21 09:10:17 --> Invalid file: "laporan/qs/permasalahan.php"
in SYSTEMPATH\Exceptions\FrameworkException.php on line 33.
 1 SYSTEMPATH\View\View.php(212): CodeIgniter\Exceptions\FrameworkException::forInvalidFile('laporan/qs/permasalahan.php')
 2 SYSTEMPATH\Common.php(1180): CodeIgniter\View\View->render('laporan/qs/permasalahan', [], true)
 3 APPPATH\Controllers\Data.php(311): view('laporan/qs/permasalahan', [...])
 4 SYSTEMPATH\CodeIgniter.php(932): App\Controllers\Data->masalah_qs()
 5 SYSTEMPATH\CodeIgniter.php(497): CodeIgniter\CodeIgniter->runController(Object(App\Controllers\Data))
 6 SYSTEMPATH\CodeIgniter.php(366): CodeIgniter\CodeIgniter->handleRequest(null, Object(Config\Cache), false)
 7 FCPATH\index.php(67): CodeIgniter\CodeIgniter->run()
 8 SYSTEMPATH\Commands\Server\rewrite.php(47): require_once('C:\\laragon\\www\\dashboard\\public\\index.php')
INFO - 2023-12-21 09:10:20 --> Session: Class initialized using 'CodeIgniter\Session\Handlers\FileHandler' driver.
CRITICAL - 2023-12-21 09:10:20 --> Invalid file: "laporan/qs/permasalahan.php"
in SYSTEMPATH\Exceptions\FrameworkException.php on line 33.
 1 SYSTEMPATH\View\View.php(212): CodeIgniter\Exceptions\FrameworkException::forInvalidFile('laporan/qs/permasalahan.php')
 2 SYSTEMPATH\Common.php(1180): CodeIgniter\View\View->render('laporan/qs/permasalahan', [], true)
 3 APPPATH\Controllers\Data.php(311): view('laporan/qs/permasalahan', [...])
 4 SYSTEMPATH\CodeIgniter.php(932): App\Controllers\Data->masalah_qs()
 5 SYSTEMPATH\CodeIgniter.php(497): CodeIgniter\CodeIgniter->runController(Object(App\Controllers\Data))
 6 SYSTEMPATH\CodeIgniter.php(366): CodeIgniter\CodeIgniter->handleRequest(null, Object(Config\Cache), false)
 7 FCPATH\index.php(67): CodeIgniter\CodeIgniter->run()
 8 SYSTEMPATH\Commands\Server\rewrite.php(47): require_once('C:\\laragon\\www\\dashboard\\public\\index.php')
INFO - 2023-12-21 09:10:28 --> Session: Class initialized using 'CodeIgniter\Session\Handlers\FileHandler' driver.
CRITICAL - 2023-12-21 09:10:28 --> Call to undefined method stdClass::getRow()
in APPPATH\Views\data\qs\permasalahan.php on line 30.
 1 SYSTEMPATH\View\View.php(224): include()
 2 SYSTEMPATH\View\View.php(227): CodeIgniter\View\View->CodeIgniter\View\{closure}()
 3 SYSTEMPATH\Common.php(1180): CodeIgniter\View\View->render('data/qs/permasalahan', [], true)
 4 APPPATH\Controllers\Data.php(311): view('data/qs/permasalahan', [...])
 5 SYSTEMPATH\CodeIgniter.php(932): App\Controllers\Data->masalah_qs()
 6 SYSTEMPATH\CodeIgniter.php(497): CodeIgniter\CodeIgniter->runController(Object(App\Controllers\Data))
 7 SYSTEMPATH\CodeIgniter.php(366): CodeIgniter\CodeIgniter->handleRequest(null, Object(Config\Cache), false)
 8 FCPATH\index.php(67): CodeIgniter\CodeIgniter->run()
 9 SYSTEMPATH\Commands\Server\rewrite.php(47): require_once('C:\\laragon\\www\\dashboard\\public\\index.php')
INFO - 2023-12-21 09:10:54 --> Session: Class initialized using 'CodeIgniter\Session\Handlers\FileHandler' driver.
CRITICAL - 2023-12-21 09:10:54 --> Call to undefined method stdClass::getRow()
in APPPATH\Views\data\qs\permasalahan.php on line 30.
 1 SYSTEMPATH\View\View.php(224): include()
 2 SYSTEMPATH\View\View.php(227): CodeIgniter\View\View->CodeIgniter\View\{closure}()
 3 SYSTEMPATH\Common.php(1180): CodeIgniter\View\View->render('data/qs/permasalahan', [], true)
 4 APPPATH\Controllers\Data.php(311): view('data/qs/permasalahan', [...])
 5 SYSTEMPATH\CodeIgniter.php(932): App\Controllers\Data->masalah_qs()
 6 SYSTEMPATH\CodeIgniter.php(497): CodeIgniter\CodeIgniter->runController(Object(App\Controllers\Data))
 7 SYSTEMPATH\CodeIgniter.php(366): CodeIgniter\CodeIgniter->handleRequest(null, Object(Config\Cache), false)
 8 FCPATH\index.php(67): CodeIgniter\CodeIgniter->run()
 9 SYSTEMPATH\Commands\Server\rewrite.php(47): require_once('C:\\laragon\\www\\dashboard\\public\\index.php')
INFO - 2023-12-21 09:10:55 --> Session: Class initialized using 'CodeIgniter\Session\Handlers\FileHandler' driver.
CRITICAL - 2023-12-21 09:10:55 --> Call to undefined method stdClass::getRow()
in APPPATH\Views\data\qs\permasalahan.php on line 30.
 1 SYSTEMPATH\View\View.php(224): include()
 2 SYSTEMPATH\View\View.php(227): CodeIgniter\View\View->CodeIgniter\View\{closure}()
 3 SYSTEMPATH\Common.php(1180): CodeIgniter\View\View->render('data/qs/permasalahan', [], true)
 4 APPPATH\Controllers\Data.php(311): view('data/qs/permasalahan', [...])
 5 SYSTEMPATH\CodeIgniter.php(932): App\Controllers\Data->masalah_qs()
 6 SYSTEMPATH\CodeIgniter.php(497): CodeIgniter\CodeIgniter->runController(Object(App\Controllers\Data))
 7 SYSTEMPATH\CodeIgniter.php(366): CodeIgniter\CodeIgniter->handleRequest(null, Object(Config\Cache), false)
 8 FCPATH\index.php(67): CodeIgniter\CodeIgniter->run()
 9 SYSTEMPATH\Commands\Server\rewrite.php(47): require_once('C:\\laragon\\www\\dashboard\\public\\index.php')
INFO - 2023-12-21 09:11:14 --> Session: Class initialized using 'CodeIgniter\Session\Handlers\FileHandler' driver.
CRITICAL - 2023-12-21 09:11:14 --> Undefined variable $kategoriQNS
in APPPATH\Views\data\qs\permasalahan.php on line 35.
 1 APPPATH\Views\data\qs\permasalahan.php(35): CodeIgniter\Debug\Exceptions->errorHandler(2, 'Undefined variable $kategoriQNS', 'C:\\laragon\\www\\dashboard\\app\\Views\\data\\qs\\permasalahan.php', 35)
 2 SYSTEMPATH\View\View.php(224): include('C:\\laragon\\www\\dashboard\\app\\Views\\data\\qs\\permasalahan.php')
 3 SYSTEMPATH\View\View.php(227): CodeIgniter\View\View->CodeIgniter\View\{closure}()
 4 SYSTEMPATH\Common.php(1180): CodeIgniter\View\View->render('data/qs/permasalahan', [], true)
 5 APPPATH\Controllers\Data.php(311): view('data/qs/permasalahan', [...])
 6 SYSTEMPATH\CodeIgniter.php(932): App\Controllers\Data->masalah_qs()
 7 SYSTEMPATH\CodeIgniter.php(497): CodeIgniter\CodeIgniter->runController(Object(App\Controllers\Data))
 8 SYSTEMPATH\CodeIgniter.php(366): CodeIgniter\CodeIgniter->handleRequest(null, Object(Config\Cache), false)
 9 FCPATH\index.php(67): CodeIgniter\CodeIgniter->run()
10 SYSTEMPATH\Commands\Server\rewrite.php(47): require_once('C:\\laragon\\www\\dashboard\\public\\index.php')
INFO - 2023-12-21 09:11:30 --> Session: Class initialized using 'CodeIgniter\Session\Handlers\FileHandler' driver.
CRITICAL - 2023-12-21 09:11:30 --> Undefined property: CodeIgniter\View\View::$security
in APPPATH\Views\data\qs\permasalahan.php on line 219.
 1 APPPATH\Views\data\qs\permasalahan.php(219): CodeIgniter\Debug\Exceptions->errorHandler(2, 'Undefined property: CodeIgniter\\View\\View::$security', 'C:\\laragon\\www\\dashboard\\app\\Views\\data\\qs\\permasalahan.php', 219)
 2 SYSTEMPATH\View\View.php(224): include('C:\\laragon\\www\\dashboard\\app\\Views\\data\\qs\\permasalahan.php')
 3 SYSTEMPATH\View\View.php(227): CodeIgniter\View\View->CodeIgniter\View\{closure}()
 4 SYSTEMPATH\Common.php(1180): CodeIgniter\View\View->render('data/qs/permasalahan', [], true)
 5 APPPATH\Controllers\Data.php(316): view('data/qs/permasalahan', [...])
 6 SYSTEMPATH\CodeIgniter.php(932): App\Controllers\Data->masalah_qs()
 7 SYSTEMPATH\CodeIgniter.php(497): CodeIgniter\CodeIgniter->runController(Object(App\Controllers\Data))
 8 SYSTEMPATH\CodeIgniter.php(366): CodeIgniter\CodeIgniter->handleRequest(null, Object(Config\Cache), false)
 9 FCPATH\index.php(67): CodeIgniter\CodeIgniter->run()
10 SYSTEMPATH\Commands\Server\rewrite.php(47): require_once('C:\\laragon\\www\\dashboard\\public\\index.php')
INFO - 2023-12-21 09:11:31 --> Session: Class initialized using 'CodeIgniter\Session\Handlers\FileHandler' driver.
CRITICAL - 2023-12-21 09:11:31 --> Undefined property: CodeIgniter\View\View::$security
in APPPATH\Views\data\qs\permasalahan.php on line 219.
 1 APPPATH\Views\data\qs\permasalahan.php(219): CodeIgniter\Debug\Exceptions->errorHandler(2, 'Undefined property: CodeIgniter\\View\\View::$security', 'C:\\laragon\\www\\dashboard\\app\\Views\\data\\qs\\permasalahan.php', 219)
 2 SYSTEMPATH\View\View.php(224): include('C:\\laragon\\www\\dashboard\\app\\Views\\data\\qs\\permasalahan.php')
 3 SYSTEMPATH\View\View.php(227): CodeIgniter\View\View->CodeIgniter\View\{closure}()
 4 SYSTEMPATH\Common.php(1180): CodeIgniter\View\View->render('data/qs/permasalahan', [], true)
 5 APPPATH\Controllers\Data.php(316): view('data/qs/permasalahan', [...])
 6 SYSTEMPATH\CodeIgniter.php(932): App\Controllers\Data->masalah_qs()
 7 SYSTEMPATH\CodeIgniter.php(497): CodeIgniter\CodeIgniter->runController(Object(App\Controllers\Data))
 8 SYSTEMPATH\CodeIgniter.php(366): CodeIgniter\CodeIgniter->handleRequest(null, Object(Config\Cache), false)
 9 FCPATH\index.php(67): CodeIgniter\CodeIgniter->run()
10 SYSTEMPATH\Commands\Server\rewrite.php(47): require_once('C:\\laragon\\www\\dashboard\\public\\index.php')
INFO - 2023-12-21 09:11:48 --> Session: Class initialized using 'CodeIgniter\Session\Handlers\FileHandler' driver.
