INFO - 2024-01-03 02:40:04 --> Session: Class initialized using 'CodeIgniter\Session\Handlers\FileHandler' driver.
INFO - 2024-01-03 02:40:13 --> Session: Class initialized using 'CodeIgniter\Session\Handlers\FileHandler' driver.
ERROR - 2024-01-03 02:40:17 --> Error connecting to the database: mysqli_sql_exception: No connection could be made because the target machine actively refused it in C:\laragon\www\dashboard\system\Database\MySQLi\Connection.php:174
Stack trace:
#0 C:\laragon\www\dashboard\system\Database\MySQLi\Connection.php(174): mysqli->real_connect('localhost', 'root', '', 'qns_dashv7', 3306, '', 0)
#1 C:\laragon\www\dashboard\system\Database\BaseConnection.php(391): CodeIgniter\Database\MySQLi\Connection->connect(false)
#2 C:\laragon\www\dashboard\system\Database\BaseConnection.php(574): CodeIgniter\Database\BaseConnection->initialize()
#3 C:\laragon\www\dashboard\system\Database\BaseBuilder.php(1700): CodeIgniter\Database\BaseConnection->query('SELECT COUNT(*)...', Array, false)
#4 C:\laragon\www\dashboard\system\Model.php(606): CodeIgniter\Database\BaseBuilder->countAllResults(true)
#5 C:\laragon\www\dashboard\app\Controllers\Login.php(48): CodeIgniter\Model->countAllResults()
#6 C:\laragon\www\dashboard\system\CodeIgniter.php(932): App\Controllers\Login->authLogin()
#7 C:\laragon\www\dashboard\system\CodeIgniter.php(497): CodeIgniter\CodeIgniter->runController(Object(App\Controllers\Login))
#8 C:\laragon\www\dashboard\system\CodeIgniter.php(366): CodeIgniter\CodeIgniter->handleRequest(NULL, Object(Config\Cache), false)
#9 C:\laragon\www\dashboard\public\index.php(67): CodeIgniter\CodeIgniter->run()
#10 C:\laragon\www\dashboard\system\Commands\Server\rewrite.php(47): require_once('C:\\laragon\\www\\...')
#11 {main}

Next CodeIgniter\Database\Exceptions\DatabaseException: No connection could be made because the target machine actively refused it in C:\laragon\www\dashboard\system\Database\MySQLi\Connection.php:218
Stack trace:
#0 C:\laragon\www\dashboard\system\Database\BaseConnection.php(391): CodeIgniter\Database\MySQLi\Connection->connect(false)
#1 C:\laragon\www\dashboard\system\Database\BaseConnection.php(574): CodeIgniter\Database\BaseConnection->initialize()
#2 C:\laragon\www\dashboard\system\Database\BaseBuilder.php(1700): CodeIgniter\Database\BaseConnection->query('SELECT COUNT(*)...', Array, false)
#3 C:\laragon\www\dashboard\system\Model.php(606): CodeIgniter\Database\BaseBuilder->countAllResults(true)
#4 C:\laragon\www\dashboard\app\Controllers\Login.php(48): CodeIgniter\Model->countAllResults()
#5 C:\laragon\www\dashboard\system\CodeIgniter.php(932): App\Controllers\Login->authLogin()
#6 C:\laragon\www\dashboard\system\CodeIgniter.php(497): CodeIgniter\CodeIgniter->runController(Object(App\Controllers\Login))
#7 C:\laragon\www\dashboard\system\CodeIgniter.php(366): CodeIgniter\CodeIgniter->handleRequest(NULL, Object(Config\Cache), false)
#8 C:\laragon\www\dashboard\public\index.php(67): CodeIgniter\CodeIgniter->run()
#9 C:\laragon\www\dashboard\system\Commands\Server\rewrite.php(47): require_once('C:\\laragon\\www\\...')
#10 {main}
CRITICAL - 2024-01-03 02:40:17 --> Unable to connect to the database.
Main connection [MySQLi]: No connection could be made because the target machine actively refused it
in SYSTEMPATH\Database\BaseConnection.php on line 427.
 1 SYSTEMPATH\Database\BaseConnection.php(574): CodeIgniter\Database\BaseConnection->initialize()
 2 SYSTEMPATH\Database\BaseBuilder.php(1700): CodeIgniter\Database\BaseConnection->query('SELECT COUNT(*) AS `numrows`
FROM `master_admin`
WHERE `username` = :username:', [...], false)
 3 SYSTEMPATH\Model.php(606): CodeIgniter\Database\BaseBuilder->countAllResults(true)
 4 APPPATH\Controllers\Login.php(48): CodeIgniter\Model->countAllResults()
 5 SYSTEMPATH\CodeIgniter.php(932): App\Controllers\Login->authLogin()
 6 SYSTEMPATH\CodeIgniter.php(497): CodeIgniter\CodeIgniter->runController(Object(App\Controllers\Login))
 7 SYSTEMPATH\CodeIgniter.php(366): CodeIgniter\CodeIgniter->handleRequest(null, Object(Config\Cache), false)
 8 FCPATH\index.php(67): CodeIgniter\CodeIgniter->run()
 9 SYSTEMPATH\Commands\Server\rewrite.php(47): require_once('C:\\laragon\\www\\dashboard\\public\\index.php')
INFO - 2024-01-03 02:40:17 --> Session: Class initialized using 'CodeIgniter\Session\Handlers\FileHandler' driver.
INFO - 2024-01-03 02:40:32 --> Session: Class initialized using 'CodeIgniter\Session\Handlers\FileHandler' driver.
INFO - 2024-01-03 02:40:32 --> Session: Class initialized using 'CodeIgniter\Session\Handlers\FileHandler' driver.
INFO - 2024-01-03 02:52:53 --> Session: Class initialized using 'CodeIgniter\Session\Handlers\FileHandler' driver.
INFO - 2024-01-03 03:05:07 --> Session: Class initialized using 'CodeIgniter\Session\Handlers\FileHandler' driver.
INFO - 2024-01-03 03:05:10 --> Session: Class initialized using 'CodeIgniter\Session\Handlers\FileHandler' driver.
INFO - 2024-01-03 03:05:12 --> Session: Class initialized using 'CodeIgniter\Session\Handlers\FileHandler' driver.
INFO - 2024-01-03 03:05:17 --> Session: Class initialized using 'CodeIgniter\Session\Handlers\FileHandler' driver.
WARNING - 2024-01-03 03:05:17 --> [DEPRECATED] iconv(): Passing null to parameter #3 ($string) of type string is deprecated in APPPATH\Libraries\FPDF.php on line 1108.
 1 APPPATH\Libraries\FPDF.php(1108): iconv('ISO-8859-1', 'UTF-8', null)
 2 APPPATH\Libraries\FPDF.php(232): App\Libraries\FPDF->_UTF8encode(null)
 3 APPPATH\Controllers\Proyek.php(1342): App\Libraries\FPDF->SetTitle(null)
 4 SYSTEMPATH\CodeIgniter.php(932): App\Controllers\Proyek->pdf1('PKP45afbd3f0497160394a14bdb6ac5a9e4e365093cQNS')
 5 SYSTEMPATH\CodeIgniter.php(497): CodeIgniter\CodeIgniter->runController(Object(App\Controllers\Proyek))
 6 SYSTEMPATH\CodeIgniter.php(366): CodeIgniter\CodeIgniter->handleRequest(null, Object(Config\Cache), false)
 7 FCPATH\index.php(67): CodeIgniter\CodeIgniter->run()
 8 SYSTEMPATH\Commands\Server\rewrite.php(47): require_once('C:\\laragon\\www\\dashboard\\public\\index.php')
INFO - 2024-01-03 03:13:12 --> Session: Class initialized using 'CodeIgniter\Session\Handlers\FileHandler' driver.
CRITICAL - 2024-01-03 03:13:12 --> Undefined variable $kode
in APPPATH\Controllers\Proyek.php on line 1333.
 1 APPPATH\Controllers\Proyek.php(1333): CodeIgniter\Debug\Exceptions->errorHandler(2, 'Undefined variable $kode', 'C:\\laragon\\www\\dashboard\\app\\Controllers\\Proyek.php', 1333)
 2 SYSTEMPATH\CodeIgniter.php(932): App\Controllers\Proyek->pdf1('PKP45afbd3f0497160394a14bdb6ac5a9e4e365093cQNS')
 3 SYSTEMPATH\CodeIgniter.php(497): CodeIgniter\CodeIgniter->runController(Object(App\Controllers\Proyek))
 4 SYSTEMPATH\CodeIgniter.php(366): CodeIgniter\CodeIgniter->handleRequest(null, Object(Config\Cache), false)
 5 FCPATH\index.php(67): CodeIgniter\CodeIgniter->run()
 6 SYSTEMPATH\Commands\Server\rewrite.php(47): require_once('C:\\laragon\\www\\dashboard\\public\\index.php')
INFO - 2024-01-03 03:13:28 --> Session: Class initialized using 'CodeIgniter\Session\Handlers\FileHandler' driver.
WARNING - 2024-01-03 03:13:28 --> [DEPRECATED] iconv(): Passing null to parameter #3 ($string) of type string is deprecated in APPPATH\Libraries\FPDF.php on line 1108.
 1 APPPATH\Libraries\FPDF.php(1108): iconv('ISO-8859-1', 'UTF-8', null)
 2 APPPATH\Libraries\FPDF.php(232): App\Libraries\FPDF->_UTF8encode(null)
 3 APPPATH\Controllers\Proyek.php(1343): App\Libraries\FPDF->SetTitle(null)
 4 SYSTEMPATH\CodeIgniter.php(932): App\Controllers\Proyek->pdf1('PKP45afbd3f0497160394a14bdb6ac5a9e4e365093cQNS')
 5 SYSTEMPATH\CodeIgniter.php(497): CodeIgniter\CodeIgniter->runController(Object(App\Controllers\Proyek))
 6 SYSTEMPATH\CodeIgniter.php(366): CodeIgniter\CodeIgniter->handleRequest(null, Object(Config\Cache), false)
 7 FCPATH\index.php(67): CodeIgniter\CodeIgniter->run()
 8 SYSTEMPATH\Commands\Server\rewrite.php(47): require_once('C:\\laragon\\www\\dashboard\\public\\index.php')
INFO - 2024-01-03 03:26:03 --> Session: Class initialized using 'CodeIgniter\Session\Handlers\FileHandler' driver.
WARNING - 2024-01-03 03:26:03 --> [DEPRECATED] iconv(): Passing null to parameter #3 ($string) of type string is deprecated in APPPATH\Libraries\FPDF.php on line 1108.
 1 APPPATH\Libraries\FPDF.php(1108): iconv('ISO-8859-1', 'UTF-8', null)
 2 APPPATH\Libraries\FPDF.php(232): App\Libraries\FPDF->_UTF8encode(null)
 3 APPPATH\Controllers\Proyek.php(1342): App\Libraries\FPDF->SetTitle(null)
 4 SYSTEMPATH\CodeIgniter.php(932): App\Controllers\Proyek->pdf1('PKP45afbd3f0497160394a14bdb6ac5a9e4e365093cQNS')
 5 SYSTEMPATH\CodeIgniter.php(497): CodeIgniter\CodeIgniter->runController(Object(App\Controllers\Proyek))
 6 SYSTEMPATH\CodeIgniter.php(366): CodeIgniter\CodeIgniter->handleRequest(null, Object(Config\Cache), false)
 7 FCPATH\index.php(67): CodeIgniter\CodeIgniter->run()
 8 SYSTEMPATH\Commands\Server\rewrite.php(47): require_once('C:\\laragon\\www\\dashboard\\public\\index.php')
INFO - 2024-01-03 03:34:23 --> Session: Class initialized using 'CodeIgniter\Session\Handlers\FileHandler' driver.
INFO - 2024-01-03 03:34:29 --> Session: Class initialized using 'CodeIgniter\Session\Handlers\FileHandler' driver.
WARNING - 2024-01-03 03:34:29 --> [DEPRECATED] iconv(): Passing null to parameter #3 ($string) of type string is deprecated in APPPATH\Libraries\FPDF.php on line 1108.
 1 APPPATH\Libraries\FPDF.php(1108): iconv('ISO-8859-1', 'UTF-8', null)
 2 APPPATH\Libraries\FPDF.php(232): App\Libraries\FPDF->_UTF8encode(null)
 3 APPPATH\Controllers\Proyek.php(1342): App\Libraries\FPDF->SetTitle(null)
 4 SYSTEMPATH\CodeIgniter.php(932): App\Controllers\Proyek->pdf1('PKP26d15ff3c92750977def7f18b99efb14bf11bb2bQNS')
 5 SYSTEMPATH\CodeIgniter.php(497): CodeIgniter\CodeIgniter->runController(Object(App\Controllers\Proyek))
 6 SYSTEMPATH\CodeIgniter.php(366): CodeIgniter\CodeIgniter->handleRequest(null, Object(Config\Cache), false)
 7 FCPATH\index.php(67): CodeIgniter\CodeIgniter->run()
 8 SYSTEMPATH\Commands\Server\rewrite.php(47): require_once('C:\\laragon\\www\\dashboard\\public\\index.php')
INFO - 2024-01-03 03:34:41 --> Session: Class initialized using 'CodeIgniter\Session\Handlers\FileHandler' driver.
WARNING - 2024-01-03 03:34:41 --> [DEPRECATED] iconv(): Passing null to parameter #3 ($string) of type string is deprecated in APPPATH\Libraries\FPDF.php on line 1108.
 1 APPPATH\Libraries\FPDF.php(1108): iconv('ISO-8859-1', 'UTF-8', null)
 2 APPPATH\Libraries\FPDF.php(232): App\Libraries\FPDF->_UTF8encode(null)
 3 APPPATH\Controllers\Proyek.php(1342): App\Libraries\FPDF->SetTitle(null)
 4 SYSTEMPATH\CodeIgniter.php(932): App\Controllers\Proyek->pdf1('PKP26d15ff3c92750977def7f18b99efb14bf11bb2bQNS')
 5 SYSTEMPATH\CodeIgniter.php(497): CodeIgniter\CodeIgniter->runController(Object(App\Controllers\Proyek))
 6 SYSTEMPATH\CodeIgniter.php(366): CodeIgniter\CodeIgniter->handleRequest(null, Object(Config\Cache), false)
 7 FCPATH\index.php(67): CodeIgniter\CodeIgniter->run()
 8 SYSTEMPATH\Commands\Server\rewrite.php(47): require_once('C:\\laragon\\www\\dashboard\\public\\index.php')
INFO - 2024-01-03 03:35:58 --> Session: Class initialized using 'CodeIgniter\Session\Handlers\FileHandler' driver.
WARNING - 2024-01-03 03:35:58 --> [DEPRECATED] iconv(): Passing null to parameter #3 ($string) of type string is deprecated in APPPATH\Libraries\FPDF.php on line 1108.
 1 APPPATH\Libraries\FPDF.php(1108): iconv('ISO-8859-1', 'UTF-8', null)
 2 APPPATH\Libraries\FPDF.php(232): App\Libraries\FPDF->_UTF8encode(null)
 3 APPPATH\Controllers\Proyek.php(1342): App\Libraries\FPDF->SetTitle(null)
 4 SYSTEMPATH\CodeIgniter.php(932): App\Controllers\Proyek->pdf1('PKP45afbd3f0497160394a14bdb6ac5a9e4e365093cQNS')
 5 SYSTEMPATH\CodeIgniter.php(497): CodeIgniter\CodeIgniter->runController(Object(App\Controllers\Proyek))
 6 SYSTEMPATH\CodeIgniter.php(366): CodeIgniter\CodeIgniter->handleRequest(null, Object(Config\Cache), false)
 7 FCPATH\index.php(67): CodeIgniter\CodeIgniter->run()
 8 SYSTEMPATH\Commands\Server\rewrite.php(47): require_once('C:\\laragon\\www\\dashboard\\public\\index.php')
INFO - 2024-01-03 03:36:10 --> Session: Class initialized using 'CodeIgniter\Session\Handlers\FileHandler' driver.
INFO - 2024-01-03 03:43:08 --> Session: Class initialized using 'CodeIgniter\Session\Handlers\FileHandler' driver.
INFO - 2024-01-03 03:54:17 --> Session: Class initialized using 'CodeIgniter\Session\Handlers\FileHandler' driver.
WARNING - 2024-01-03 03:54:17 --> [DEPRECATED] iconv(): Passing null to parameter #3 ($string) of type string is deprecated in APPPATH\Libraries\FPDF.php on line 1108.
 1 APPPATH\Libraries\FPDF.php(1108): iconv('ISO-8859-1', 'UTF-8', null)
 2 APPPATH\Libraries\FPDF.php(232): App\Libraries\FPDF->_UTF8encode(null)
 3 APPPATH\Controllers\Proyek.php(1342): App\Libraries\FPDF->SetTitle(null)
 4 SYSTEMPATH\CodeIgniter.php(932): App\Controllers\Proyek->pdf1('PKP45afbd3f0497160394a14bdb6ac5a9e4e365093cQNS')
 5 SYSTEMPATH\CodeIgniter.php(497): CodeIgniter\CodeIgniter->runController(Object(App\Controllers\Proyek))
 6 SYSTEMPATH\CodeIgniter.php(366): CodeIgniter\CodeIgniter->handleRequest(null, Object(Config\Cache), false)
 7 FCPATH\index.php(67): CodeIgniter\CodeIgniter->run()
 8 SYSTEMPATH\Commands\Server\rewrite.php(47): require_once('C:\\laragon\\www\\dashboard\\public\\index.php')
CRITICAL - 2024-01-03 03:54:17 --> Call to undefined method CodeIgniter\Database\MySQLi\Result::get()
in APPPATH\Controllers\Proyek.php on line 1379.
 1 SYSTEMPATH\CodeIgniter.php(932): App\Controllers\Proyek->pdf1('PKP45afbd3f0497160394a14bdb6ac5a9e4e365093cQNS')
 2 SYSTEMPATH\CodeIgniter.php(497): CodeIgniter\CodeIgniter->runController(Object(App\Controllers\Proyek))
 3 SYSTEMPATH\CodeIgniter.php(366): CodeIgniter\CodeIgniter->handleRequest(null, Object(Config\Cache), false)
 4 FCPATH\index.php(67): CodeIgniter\CodeIgniter->run()
 5 SYSTEMPATH\Commands\Server\rewrite.php(47): require_once('C:\\laragon\\www\\dashboard\\public\\index.php')
INFO - 2024-01-03 03:55:36 --> Session: Class initialized using 'CodeIgniter\Session\Handlers\FileHandler' driver.
WARNING - 2024-01-03 03:55:36 --> [DEPRECATED] iconv(): Passing null to parameter #3 ($string) of type string is deprecated in APPPATH\Libraries\FPDF.php on line 1108.
 1 APPPATH\Libraries\FPDF.php(1108): iconv('ISO-8859-1', 'UTF-8', null)
 2 APPPATH\Libraries\FPDF.php(232): App\Libraries\FPDF->_UTF8encode(null)
 3 APPPATH\Controllers\Proyek.php(1342): App\Libraries\FPDF->SetTitle(null)
 4 SYSTEMPATH\CodeIgniter.php(932): App\Controllers\Proyek->pdf1('PKP45afbd3f0497160394a14bdb6ac5a9e4e365093cQNS')
 5 SYSTEMPATH\CodeIgniter.php(497): CodeIgniter\CodeIgniter->runController(Object(App\Controllers\Proyek))
 6 SYSTEMPATH\CodeIgniter.php(366): CodeIgniter\CodeIgniter->handleRequest(null, Object(Config\Cache), false)
 7 FCPATH\index.php(67): CodeIgniter\CodeIgniter->run()
 8 SYSTEMPATH\Commands\Server\rewrite.php(47): require_once('C:\\laragon\\www\\dashboard\\public\\index.php')
INFO - 2024-01-03 03:55:51 --> Session: Class initialized using 'CodeIgniter\Session\Handlers\FileHandler' driver.
INFO - 2024-01-03 03:55:54 --> Session: Class initialized using 'CodeIgniter\Session\Handlers\FileHandler' driver.
INFO - 2024-01-03 03:55:57 --> Session: Class initialized using 'CodeIgniter\Session\Handlers\FileHandler' driver.
INFO - 2024-01-03 03:56:01 --> Session: Class initialized using 'CodeIgniter\Session\Handlers\FileHandler' driver.
WARNING - 2024-01-03 03:56:01 --> [DEPRECATED] iconv(): Passing null to parameter #3 ($string) of type string is deprecated in APPPATH\Libraries\FPDF.php on line 1108.
 1 APPPATH\Libraries\FPDF.php(1108): iconv('ISO-8859-1', 'UTF-8', null)
 2 APPPATH\Libraries\FPDF.php(232): App\Libraries\FPDF->_UTF8encode(null)
 3 APPPATH\Controllers\Proyek.php(1342): App\Libraries\FPDF->SetTitle(null)
 4 SYSTEMPATH\CodeIgniter.php(932): App\Controllers\Proyek->pdf1('PKP093438bc49008ba064b11205fd979bdf86f491bdQNS')
 5 SYSTEMPATH\CodeIgniter.php(497): CodeIgniter\CodeIgniter->runController(Object(App\Controllers\Proyek))
 6 SYSTEMPATH\CodeIgniter.php(366): CodeIgniter\CodeIgniter->handleRequest(null, Object(Config\Cache), false)
 7 FCPATH\index.php(67): CodeIgniter\CodeIgniter->run()
 8 SYSTEMPATH\Commands\Server\rewrite.php(47): require_once('C:\\laragon\\www\\dashboard\\public\\index.php')
INFO - 2024-01-03 03:56:07 --> Session: Class initialized using 'CodeIgniter\Session\Handlers\FileHandler' driver.
INFO - 2024-01-03 03:56:10 --> Session: Class initialized using 'CodeIgniter\Session\Handlers\FileHandler' driver.
INFO - 2024-01-03 03:56:12 --> Session: Class initialized using 'CodeIgniter\Session\Handlers\FileHandler' driver.
INFO - 2024-01-03 03:56:13 --> Session: Class initialized using 'CodeIgniter\Session\Handlers\FileHandler' driver.
INFO - 2024-01-03 03:56:15 --> Session: Class initialized using 'CodeIgniter\Session\Handlers\FileHandler' driver.
INFO - 2024-01-03 03:56:18 --> Session: Class initialized using 'CodeIgniter\Session\Handlers\FileHandler' driver.
INFO - 2024-01-03 03:56:22 --> Session: Class initialized using 'CodeIgniter\Session\Handlers\FileHandler' driver.
WARNING - 2024-01-03 03:56:22 --> [DEPRECATED] iconv(): Passing null to parameter #3 ($string) of type string is deprecated in APPPATH\Libraries\FPDF.php on line 1108.
 1 APPPATH\Libraries\FPDF.php(1108): iconv('ISO-8859-1', 'UTF-8', null)
 2 APPPATH\Libraries\FPDF.php(232): App\Libraries\FPDF->_UTF8encode(null)
 3 APPPATH\Controllers\Proyek.php(1342): App\Libraries\FPDF->SetTitle(null)
 4 SYSTEMPATH\CodeIgniter.php(932): App\Controllers\Proyek->pdf1('PKP1cc56625f770aeaa1e5520a5cf1b8d865a64da67QNS')
 5 SYSTEMPATH\CodeIgniter.php(497): CodeIgniter\CodeIgniter->runController(Object(App\Controllers\Proyek))
 6 SYSTEMPATH\CodeIgniter.php(366): CodeIgniter\CodeIgniter->handleRequest(null, Object(Config\Cache), false)
 7 FCPATH\index.php(67): CodeIgniter\CodeIgniter->run()
 8 SYSTEMPATH\Commands\Server\rewrite.php(47): require_once('C:\\laragon\\www\\dashboard\\public\\index.php')
INFO - 2024-01-03 04:02:55 --> Session: Class initialized using 'CodeIgniter\Session\Handlers\FileHandler' driver.
INFO - 2024-01-03 04:03:50 --> Session: Class initialized using 'CodeIgniter\Session\Handlers\FileHandler' driver.
INFO - 2024-01-03 04:05:20 --> Session: Class initialized using 'CodeIgniter\Session\Handlers\FileHandler' driver.
INFO - 2024-01-03 04:05:22 --> Session: Class initialized using 'CodeIgniter\Session\Handlers\FileHandler' driver.
INFO - 2024-01-03 04:05:28 --> Session: Class initialized using 'CodeIgniter\Session\Handlers\FileHandler' driver.
CRITICAL - 2024-01-03 04:05:28 --> Call to a member function getPost() on null
in APPPATH\Models\ProyekModel.php on line 487.
 1 APPPATH\Controllers\Proyek.php(1447): App\Models\ProyekModel->simpantglclose()
 2 SYSTEMPATH\CodeIgniter.php(932): App\Controllers\Proyek->upd_close_pkp()
 3 SYSTEMPATH\CodeIgniter.php(497): CodeIgniter\CodeIgniter->runController(Object(App\Controllers\Proyek))
 4 SYSTEMPATH\CodeIgniter.php(366): CodeIgniter\CodeIgniter->handleRequest(null, Object(Config\Cache), false)
 5 FCPATH\index.php(67): CodeIgniter\CodeIgniter->run()
 6 SYSTEMPATH\Commands\Server\rewrite.php(47): require_once('C:\\laragon\\www\\dashboard\\public\\index.php')
INFO - 2024-01-03 04:08:03 --> Session: Class initialized using 'CodeIgniter\Session\Handlers\FileHandler' driver.
INFO - 2024-01-03 04:08:05 --> Session: Class initialized using 'CodeIgniter\Session\Handlers\FileHandler' driver.
INFO - 2024-01-03 04:08:13 --> Session: Class initialized using 'CodeIgniter\Session\Handlers\FileHandler' driver.
CRITICAL - 2024-01-03 04:08:13 --> Call to a member function getPost() on null
in APPPATH\Models\ProyekModel.php on line 487.
 1 APPPATH\Controllers\Proyek.php(1448): App\Models\ProyekModel->simpantglclose()
 2 SYSTEMPATH\CodeIgniter.php(932): App\Controllers\Proyek->upd_close_pkp()
 3 SYSTEMPATH\CodeIgniter.php(497): CodeIgniter\CodeIgniter->runController(Object(App\Controllers\Proyek))
 4 SYSTEMPATH\CodeIgniter.php(366): CodeIgniter\CodeIgniter->handleRequest(null, Object(Config\Cache), false)
 5 FCPATH\index.php(67): CodeIgniter\CodeIgniter->run()
 6 SYSTEMPATH\Commands\Server\rewrite.php(47): require_once('C:\\laragon\\www\\dashboard\\public\\index.php')
INFO - 2024-01-03 04:09:51 --> Session: Class initialized using 'CodeIgniter\Session\Handlers\FileHandler' driver.
INFO - 2024-01-03 04:09:53 --> Session: Class initialized using 'CodeIgniter\Session\Handlers\FileHandler' driver.
INFO - 2024-01-03 04:10:00 --> Session: Class initialized using 'CodeIgniter\Session\Handlers\FileHandler' driver.
CRITICAL - 2024-01-03 04:10:00 --> Cannot access offset of type string on string
in APPPATH\Models\ProyekModel.php on line 487.
 1 APPPATH\Controllers\Proyek.php(1449): App\Models\ProyekModel->simpantglclose('02-01-2024')
 2 SYSTEMPATH\CodeIgniter.php(932): App\Controllers\Proyek->upd_close_pkp()
 3 SYSTEMPATH\CodeIgniter.php(497): CodeIgniter\CodeIgniter->runController(Object(App\Controllers\Proyek))
 4 SYSTEMPATH\CodeIgniter.php(366): CodeIgniter\CodeIgniter->handleRequest(null, Object(Config\Cache), false)
 5 FCPATH\index.php(67): CodeIgniter\CodeIgniter->run()
 6 SYSTEMPATH\Commands\Server\rewrite.php(47): require_once('C:\\laragon\\www\\dashboard\\public\\index.php')
INFO - 2024-01-03 04:12:22 --> Session: Class initialized using 'CodeIgniter\Session\Handlers\FileHandler' driver.
INFO - 2024-01-03 04:12:24 --> Session: Class initialized using 'CodeIgniter\Session\Handlers\FileHandler' driver.
INFO - 2024-01-03 04:12:34 --> Session: Class initialized using 'CodeIgniter\Session\Handlers\FileHandler' driver.
CRITICAL - 2024-01-03 04:12:35 --> Undefined variable $id_pkp
in APPPATH\Controllers\Proyek.php on line 1458.
 1 APPPATH\Controllers\Proyek.php(1458): CodeIgniter\Debug\Exceptions->errorHandler(2, 'Undefined variable $id_pkp', 'C:\\laragon\\www\\dashboard\\app\\Controllers\\Proyek.php', 1458)
 2 SYSTEMPATH\CodeIgniter.php(932): App\Controllers\Proyek->upd_close_pkp()
 3 SYSTEMPATH\CodeIgniter.php(497): CodeIgniter\CodeIgniter->runController(Object(App\Controllers\Proyek))
 4 SYSTEMPATH\CodeIgniter.php(366): CodeIgniter\CodeIgniter->handleRequest(null, Object(Config\Cache), false)
 5 FCPATH\index.php(67): CodeIgniter\CodeIgniter->run()
 6 SYSTEMPATH\Commands\Server\rewrite.php(47): require_once('C:\\laragon\\www\\dashboard\\public\\index.php')
INFO - 2024-01-03 04:13:04 --> Session: Class initialized using 'CodeIgniter\Session\Handlers\FileHandler' driver.
INFO - 2024-01-03 04:13:08 --> Session: Class initialized using 'CodeIgniter\Session\Handlers\FileHandler' driver.
INFO - 2024-01-03 04:13:12 --> Session: Class initialized using 'CodeIgniter\Session\Handlers\FileHandler' driver.
INFO - 2024-01-03 04:13:13 --> Session: Class initialized using 'CodeIgniter\Session\Handlers\FileHandler' driver.
INFO - 2024-01-03 04:13:18 --> Session: Class initialized using 'CodeIgniter\Session\Handlers\FileHandler' driver.
INFO - 2024-01-03 04:13:20 --> Session: Class initialized using 'CodeIgniter\Session\Handlers\FileHandler' driver.
INFO - 2024-01-03 04:13:24 --> Session: Class initialized using 'CodeIgniter\Session\Handlers\FileHandler' driver.
INFO - 2024-01-03 04:13:30 --> Session: Class initialized using 'CodeIgniter\Session\Handlers\FileHandler' driver.
INFO - 2024-01-03 04:15:54 --> Session: Class initialized using 'CodeIgniter\Session\Handlers\FileHandler' driver.
INFO - 2024-01-03 04:16:08 --> Session: Class initialized using 'CodeIgniter\Session\Handlers\FileHandler' driver.
INFO - 2024-01-03 04:16:10 --> Session: Class initialized using 'CodeIgniter\Session\Handlers\FileHandler' driver.
INFO - 2024-01-03 04:16:15 --> Session: Class initialized using 'CodeIgniter\Session\Handlers\FileHandler' driver.
WARNING - 2024-01-03 04:16:15 --> [DEPRECATED] iconv(): Passing null to parameter #3 ($string) of type string is deprecated in APPPATH\Libraries\FPDF.php on line 1108.
 1 APPPATH\Libraries\FPDF.php(1108): iconv('ISO-8859-1', 'UTF-8', null)
 2 APPPATH\Libraries\FPDF.php(232): App\Libraries\FPDF->_UTF8encode(null)
 3 APPPATH\Controllers\Proyek.php(1343): App\Libraries\FPDF->SetTitle(null)
 4 SYSTEMPATH\CodeIgniter.php(932): App\Controllers\Proyek->pdf1('PKP1cc56625f770aeaa1e5520a5cf1b8d865a64da67QNS')
 5 SYSTEMPATH\CodeIgniter.php(497): CodeIgniter\CodeIgniter->runController(Object(App\Controllers\Proyek))
 6 SYSTEMPATH\CodeIgniter.php(366): CodeIgniter\CodeIgniter->handleRequest(null, Object(Config\Cache), false)
 7 FCPATH\index.php(67): CodeIgniter\CodeIgniter->run()
 8 SYSTEMPATH\Commands\Server\rewrite.php(47): require_once('C:\\laragon\\www\\dashboard\\public\\index.php')
INFO - 2024-01-03 04:17:54 --> Session: Class initialized using 'CodeIgniter\Session\Handlers\FileHandler' driver.
INFO - 2024-01-03 04:18:27 --> Session: Class initialized using 'CodeIgniter\Session\Handlers\FileHandler' driver.
INFO - 2024-01-03 04:30:08 --> Session: Class initialized using 'CodeIgniter\Session\Handlers\FileHandler' driver.
INFO - 2024-01-03 04:30:12 --> Session: Class initialized using 'CodeIgniter\Session\Handlers\FileHandler' driver.
INFO - 2024-01-03 04:30:21 --> Session: Class initialized using 'CodeIgniter\Session\Handlers\FileHandler' driver.
INFO - 2024-01-03 04:30:23 --> Session: Class initialized using 'CodeIgniter\Session\Handlers\FileHandler' driver.
INFO - 2024-01-03 04:34:55 --> Session: Class initialized using 'CodeIgniter\Session\Handlers\FileHandler' driver.
INFO - 2024-01-03 04:35:02 --> Session: Class initialized using 'CodeIgniter\Session\Handlers\FileHandler' driver.
INFO - 2024-01-03 04:35:02 --> Session: Class initialized using 'CodeIgniter\Session\Handlers\FileHandler' driver.
INFO - 2024-01-03 04:35:06 --> Session: Class initialized using 'CodeIgniter\Session\Handlers\FileHandler' driver.
INFO - 2024-01-03 04:35:07 --> Session: Class initialized using 'CodeIgniter\Session\Handlers\FileHandler' driver.
INFO - 2024-01-03 06:07:31 --> Session: Class initialized using 'CodeIgniter\Session\Handlers\FileHandler' driver.
INFO - 2024-01-03 06:07:33 --> Session: Class initialized using 'CodeIgniter\Session\Handlers\FileHandler' driver.
INFO - 2024-01-03 06:07:34 --> Session: Class initialized using 'CodeIgniter\Session\Handlers\FileHandler' driver.
INFO - 2024-01-03 06:07:36 --> Session: Class initialized using 'CodeIgniter\Session\Handlers\FileHandler' driver.
INFO - 2024-01-03 06:07:38 --> Session: Class initialized using 'CodeIgniter\Session\Handlers\FileHandler' driver.
INFO - 2024-01-03 06:07:41 --> Session: Class initialized using 'CodeIgniter\Session\Handlers\FileHandler' driver.
INFO - 2024-01-03 06:20:51 --> Session: Class initialized using 'CodeIgniter\Session\Handlers\FileHandler' driver.
ERROR - 2024-01-03 06:20:51 --> mysqli_sql_exception: Incorrect DATE value: '0000-00-00' in C:\laragon\www\dashboard\system\Database\MySQLi\Connection.php:295
Stack trace:
#0 C:\laragon\www\dashboard\system\Database\MySQLi\Connection.php(295): mysqli->query('SELECT * FROM d...', 0)
#1 C:\laragon\www\dashboard\system\Database\BaseConnection.php(692): CodeIgniter\Database\MySQLi\Connection->execute('SELECT * FROM d...')
#2 C:\laragon\www\dashboard\system\Database\BaseConnection.php(606): CodeIgniter\Database\BaseConnection->simpleQuery('SELECT * FROM d...')
#3 C:\laragon\www\dashboard\app\Controllers\Proyek.php(1515): CodeIgniter\Database\BaseConnection->query('SELECT * FROM d...')
#4 C:\laragon\www\dashboard\system\CodeIgniter.php(932): App\Controllers\Proyek->xls3('PKP02f35ecf1800...')
#5 C:\laragon\www\dashboard\system\CodeIgniter.php(497): CodeIgniter\CodeIgniter->runController(Object(App\Controllers\Proyek))
#6 C:\laragon\www\dashboard\system\CodeIgniter.php(366): CodeIgniter\CodeIgniter->handleRequest(NULL, Object(Config\Cache), false)
#7 C:\laragon\www\dashboard\public\index.php(67): CodeIgniter\CodeIgniter->run()
#8 C:\laragon\www\dashboard\system\Commands\Server\rewrite.php(47): require_once('C:\\laragon\\www\\...')
#9 {main}
CRITICAL - 2024-01-03 06:20:51 --> Incorrect DATE value: '0000-00-00'
in SYSTEMPATH\Database\MySQLi\Connection.php on line 295.
 1 SYSTEMPATH\Database\MySQLi\Connection.php(295): mysqli->query('SELECT * FROM detil_karyawan where id_pkp=\'PKP02f35ecf1800e65e51befdc6cccbf69ed5762b5aQNS\' and tgl_update=\'0000-00-00\' order by kode', 0)
 2 SYSTEMPATH\Database\BaseConnection.php(692): CodeIgniter\Database\MySQLi\Connection->execute('SELECT * FROM detil_karyawan where id_pkp=\'PKP02f35ecf1800e65e51befdc6cccbf69ed5762b5aQNS\' and tgl_update=\'0000-00-00\' order by kode')
 3 SYSTEMPATH\Database\BaseConnection.php(606): CodeIgniter\Database\BaseConnection->simpleQuery('SELECT * FROM detil_karyawan where id_pkp=\'PKP02f35ecf1800e65e51befdc6cccbf69ed5762b5aQNS\' and tgl_update=\'0000-00-00\' order by kode')
 4 APPPATH\Controllers\Proyek.php(1515): CodeIgniter\Database\BaseConnection->query('SELECT * FROM detil_karyawan where id_pkp=\'PKP02f35ecf1800e65e51befdc6cccbf69ed5762b5aQNS\' and tgl_update=\'0000-00-00\' order by kode')
 5 SYSTEMPATH\CodeIgniter.php(932): App\Controllers\Proyek->xls3('PKP02f35ecf1800e65e51befdc6cccbf69ed5762b5aQNS')
 6 SYSTEMPATH\CodeIgniter.php(497): CodeIgniter\CodeIgniter->runController(Object(App\Controllers\Proyek))
 7 SYSTEMPATH\CodeIgniter.php(366): CodeIgniter\CodeIgniter->handleRequest(null, Object(Config\Cache), false)
 8 FCPATH\index.php(67): CodeIgniter\CodeIgniter->run()
 9 SYSTEMPATH\Commands\Server\rewrite.php(47): require_once('C:\\laragon\\www\\dashboard\\public\\index.php')
INFO - 2024-01-03 06:20:56 --> Session: Class initialized using 'CodeIgniter\Session\Handlers\FileHandler' driver.
INFO - 2024-01-03 06:20:59 --> Session: Class initialized using 'CodeIgniter\Session\Handlers\FileHandler' driver.
INFO - 2024-01-03 06:21:04 --> Session: Class initialized using 'CodeIgniter\Session\Handlers\FileHandler' driver.
ERROR - 2024-01-03 06:21:05 --> mysqli_sql_exception: Incorrect DATE value: '0000-00-00' in C:\laragon\www\dashboard\system\Database\MySQLi\Connection.php:295
Stack trace:
#0 C:\laragon\www\dashboard\system\Database\MySQLi\Connection.php(295): mysqli->query('SELECT * FROM d...', 0)
#1 C:\laragon\www\dashboard\system\Database\BaseConnection.php(692): CodeIgniter\Database\MySQLi\Connection->execute('SELECT * FROM d...')
#2 C:\laragon\www\dashboard\system\Database\BaseConnection.php(606): CodeIgniter\Database\BaseConnection->simpleQuery('SELECT * FROM d...')
#3 C:\laragon\www\dashboard\app\Controllers\Proyek.php(1515): CodeIgniter\Database\BaseConnection->query('SELECT * FROM d...')
#4 C:\laragon\www\dashboard\system\CodeIgniter.php(932): App\Controllers\Proyek->xls3('PKP02f35ecf1800...')
#5 C:\laragon\www\dashboard\system\CodeIgniter.php(497): CodeIgniter\CodeIgniter->runController(Object(App\Controllers\Proyek))
#6 C:\laragon\www\dashboard\system\CodeIgniter.php(366): CodeIgniter\CodeIgniter->handleRequest(NULL, Object(Config\Cache), false)
#7 C:\laragon\www\dashboard\public\index.php(67): CodeIgniter\CodeIgniter->run()
#8 C:\laragon\www\dashboard\system\Commands\Server\rewrite.php(47): require_once('C:\\laragon\\www\\...')
#9 {main}
CRITICAL - 2024-01-03 06:21:05 --> Incorrect DATE value: '0000-00-00'
in SYSTEMPATH\Database\MySQLi\Connection.php on line 295.
 1 SYSTEMPATH\Database\MySQLi\Connection.php(295): mysqli->query('SELECT * FROM detil_karyawan where id_pkp=\'PKP02f35ecf1800e65e51befdc6cccbf69ed5762b5aQNS\' and tgl_update=\'0000-00-00\' order by kode', 0)
 2 SYSTEMPATH\Database\BaseConnection.php(692): CodeIgniter\Database\MySQLi\Connection->execute('SELECT * FROM detil_karyawan where id_pkp=\'PKP02f35ecf1800e65e51befdc6cccbf69ed5762b5aQNS\' and tgl_update=\'0000-00-00\' order by kode')
 3 SYSTEMPATH\Database\BaseConnection.php(606): CodeIgniter\Database\BaseConnection->simpleQuery('SELECT * FROM detil_karyawan where id_pkp=\'PKP02f35ecf1800e65e51befdc6cccbf69ed5762b5aQNS\' and tgl_update=\'0000-00-00\' order by kode')
 4 APPPATH\Controllers\Proyek.php(1515): CodeIgniter\Database\BaseConnection->query('SELECT * FROM detil_karyawan where id_pkp=\'PKP02f35ecf1800e65e51befdc6cccbf69ed5762b5aQNS\' and tgl_update=\'0000-00-00\' order by kode')
 5 SYSTEMPATH\CodeIgniter.php(932): App\Controllers\Proyek->xls3('PKP02f35ecf1800e65e51befdc6cccbf69ed5762b5aQNS')
 6 SYSTEMPATH\CodeIgniter.php(497): CodeIgniter\CodeIgniter->runController(Object(App\Controllers\Proyek))
 7 SYSTEMPATH\CodeIgniter.php(366): CodeIgniter\CodeIgniter->handleRequest(null, Object(Config\Cache), false)
 8 FCPATH\index.php(67): CodeIgniter\CodeIgniter->run()
 9 SYSTEMPATH\Commands\Server\rewrite.php(47): require_once('C:\\laragon\\www\\dashboard\\public\\index.php')
INFO - 2024-01-03 06:23:00 --> Session: Class initialized using 'CodeIgniter\Session\Handlers\FileHandler' driver.
ERROR - 2024-01-03 06:23:00 --> mysqli_sql_exception: Incorrect DATE value: '0000-00-00' in C:\laragon\www\dashboard\system\Database\MySQLi\Connection.php:295
Stack trace:
#0 C:\laragon\www\dashboard\system\Database\MySQLi\Connection.php(295): mysqli->query('SELECT * FROM d...', 0)
#1 C:\laragon\www\dashboard\system\Database\BaseConnection.php(692): CodeIgniter\Database\MySQLi\Connection->execute('SELECT * FROM d...')
#2 C:\laragon\www\dashboard\system\Database\BaseConnection.php(606): CodeIgniter\Database\BaseConnection->simpleQuery('SELECT * FROM d...')
#3 C:\laragon\www\dashboard\app\Controllers\Proyek.php(1515): CodeIgniter\Database\BaseConnection->query('SELECT * FROM d...')
#4 C:\laragon\www\dashboard\system\CodeIgniter.php(932): App\Controllers\Proyek->xls3('PKP02f35ecf1800...')
#5 C:\laragon\www\dashboard\system\CodeIgniter.php(497): CodeIgniter\CodeIgniter->runController(Object(App\Controllers\Proyek))
#6 C:\laragon\www\dashboard\system\CodeIgniter.php(366): CodeIgniter\CodeIgniter->handleRequest(NULL, Object(Config\Cache), false)
#7 C:\laragon\www\dashboard\public\index.php(67): CodeIgniter\CodeIgniter->run()
#8 C:\laragon\www\dashboard\system\Commands\Server\rewrite.php(47): require_once('C:\\laragon\\www\\...')
#9 {main}
CRITICAL - 2024-01-03 06:23:00 --> Incorrect DATE value: '0000-00-00'
in SYSTEMPATH\Database\MySQLi\Connection.php on line 295.
 1 SYSTEMPATH\Database\MySQLi\Connection.php(295): mysqli->query('SELECT * FROM detil_karyawan where id_pkp=\'PKP02f35ecf1800e65e51befdc6cccbf69ed5762b5aQNS\' and tgl_update=\'0000-00-00\' order by kode', 0)
 2 SYSTEMPATH\Database\BaseConnection.php(692): CodeIgniter\Database\MySQLi\Connection->execute('SELECT * FROM detil_karyawan where id_pkp=\'PKP02f35ecf1800e65e51befdc6cccbf69ed5762b5aQNS\' and tgl_update=\'0000-00-00\' order by kode')
 3 SYSTEMPATH\Database\BaseConnection.php(606): CodeIgniter\Database\BaseConnection->simpleQuery('SELECT * FROM detil_karyawan where id_pkp=\'PKP02f35ecf1800e65e51befdc6cccbf69ed5762b5aQNS\' and tgl_update=\'0000-00-00\' order by kode')
 4 APPPATH\Controllers\Proyek.php(1515): CodeIgniter\Database\BaseConnection->query('SELECT * FROM detil_karyawan where id_pkp=\'PKP02f35ecf1800e65e51befdc6cccbf69ed5762b5aQNS\' and tgl_update=\'0000-00-00\' order by kode')
 5 SYSTEMPATH\CodeIgniter.php(932): App\Controllers\Proyek->xls3('PKP02f35ecf1800e65e51befdc6cccbf69ed5762b5aQNS')
 6 SYSTEMPATH\CodeIgniter.php(497): CodeIgniter\CodeIgniter->runController(Object(App\Controllers\Proyek))
 7 SYSTEMPATH\CodeIgniter.php(366): CodeIgniter\CodeIgniter->handleRequest(null, Object(Config\Cache), false)
 8 FCPATH\index.php(67): CodeIgniter\CodeIgniter->run()
 9 SYSTEMPATH\Commands\Server\rewrite.php(47): require_once('C:\\laragon\\www\\dashboard\\public\\index.php')
INFO - 2024-01-03 06:30:41 --> Session: Class initialized using 'CodeIgniter\Session\Handlers\FileHandler' driver.
INFO - 2024-01-03 06:30:45 --> Session: Class initialized using 'CodeIgniter\Session\Handlers\FileHandler' driver.
INFO - 2024-01-03 06:30:46 --> Session: Class initialized using 'CodeIgniter\Session\Handlers\FileHandler' driver.
INFO - 2024-01-03 06:30:48 --> Session: Class initialized using 'CodeIgniter\Session\Handlers\FileHandler' driver.
INFO - 2024-01-03 06:30:50 --> Session: Class initialized using 'CodeIgniter\Session\Handlers\FileHandler' driver.
INFO - 2024-01-03 06:30:52 --> Session: Class initialized using 'CodeIgniter\Session\Handlers\FileHandler' driver.
INFO - 2024-01-03 06:30:57 --> Session: Class initialized using 'CodeIgniter\Session\Handlers\FileHandler' driver.
INFO - 2024-01-03 06:30:59 --> Session: Class initialized using 'CodeIgniter\Session\Handlers\FileHandler' driver.
INFO - 2024-01-03 06:31:02 --> Session: Class initialized using 'CodeIgniter\Session\Handlers\FileHandler' driver.
INFO - 2024-01-03 06:32:00 --> Session: Class initialized using 'CodeIgniter\Session\Handlers\FileHandler' driver.
INFO - 2024-01-03 06:33:05 --> Session: Class initialized using 'CodeIgniter\Session\Handlers\FileHandler' driver.
INFO - 2024-01-03 06:34:23 --> Session: Class initialized using 'CodeIgniter\Session\Handlers\FileHandler' driver.
INFO - 2024-01-03 06:42:59 --> Session: Class initialized using 'CodeIgniter\Session\Handlers\FileHandler' driver.
INFO - 2024-01-03 06:43:04 --> Session: Class initialized using 'CodeIgniter\Session\Handlers\FileHandler' driver.
INFO - 2024-01-03 06:43:44 --> Session: Class initialized using 'CodeIgniter\Session\Handlers\FileHandler' driver.
INFO - 2024-01-03 06:44:22 --> Session: Class initialized using 'CodeIgniter\Session\Handlers\FileHandler' driver.
INFO - 2024-01-03 06:44:28 --> Session: Class initialized using 'CodeIgniter\Session\Handlers\FileHandler' driver.
INFO - 2024-01-03 06:44:39 --> Session: Class initialized using 'CodeIgniter\Session\Handlers\FileHandler' driver.
INFO - 2024-01-03 06:44:43 --> Session: Class initialized using 'CodeIgniter\Session\Handlers\FileHandler' driver.
INFO - 2024-01-03 06:46:32 --> Session: Class initialized using 'CodeIgniter\Session\Handlers\FileHandler' driver.
WARNING - 2024-01-03 06:46:32 --> [DEPRECATED] iconv(): Passing null to parameter #3 ($string) of type string is deprecated in APPPATH\Libraries\FPDF.php on line 1108.
 1 APPPATH\Libraries\FPDF.php(1108): iconv('ISO-8859-1', 'UTF-8', null)
 2 APPPATH\Libraries\FPDF.php(232): App\Libraries\FPDF->_UTF8encode(null)
 3 APPPATH\Controllers\Proyek.php(1344): App\Libraries\FPDF->SetTitle(null)
 4 SYSTEMPATH\CodeIgniter.php(932): App\Controllers\Proyek->pdf1('PKP0f08672bb730e8243eaa44336c2184a1c89f7100QNS')
 5 SYSTEMPATH\CodeIgniter.php(497): CodeIgniter\CodeIgniter->runController(Object(App\Controllers\Proyek))
 6 SYSTEMPATH\CodeIgniter.php(366): CodeIgniter\CodeIgniter->handleRequest(null, Object(Config\Cache), false)
 7 FCPATH\index.php(67): CodeIgniter\CodeIgniter->run()
 8 SYSTEMPATH\Commands\Server\rewrite.php(47): require_once('C:\\laragon\\www\\dashboard\\public\\index.php')
INFO - 2024-01-03 06:47:02 --> Session: Class initialized using 'CodeIgniter\Session\Handlers\FileHandler' driver.
INFO - 2024-01-03 06:47:08 --> Session: Class initialized using 'CodeIgniter\Session\Handlers\FileHandler' driver.
WARNING - 2024-01-03 06:47:08 --> [DEPRECATED] iconv(): Passing null to parameter #3 ($string) of type string is deprecated in APPPATH\Libraries\FPDF.php on line 1108.
 1 APPPATH\Libraries\FPDF.php(1108): iconv('ISO-8859-1', 'UTF-8', null)
 2 APPPATH\Libraries\FPDF.php(232): App\Libraries\FPDF->_UTF8encode(null)
 3 APPPATH\Controllers\Proyek.php(1344): App\Libraries\FPDF->SetTitle(null)
 4 SYSTEMPATH\CodeIgniter.php(932): App\Controllers\Proyek->pdf1('PKP0f08672bb730e8243eaa44336c2184a1c89f7100QNS')
 5 SYSTEMPATH\CodeIgniter.php(497): CodeIgniter\CodeIgniter->runController(Object(App\Controllers\Proyek))
 6 SYSTEMPATH\CodeIgniter.php(366): CodeIgniter\CodeIgniter->handleRequest(null, Object(Config\Cache), false)
 7 FCPATH\index.php(67): CodeIgniter\CodeIgniter->run()
 8 SYSTEMPATH\Commands\Server\rewrite.php(47): require_once('C:\\laragon\\www\\dashboard\\public\\index.php')
INFO - 2024-01-03 06:47:32 --> Session: Class initialized using 'CodeIgniter\Session\Handlers\FileHandler' driver.
INFO - 2024-01-03 06:47:36 --> Session: Class initialized using 'CodeIgniter\Session\Handlers\FileHandler' driver.
INFO - 2024-01-03 06:49:41 --> Session: Class initialized using 'CodeIgniter\Session\Handlers\FileHandler' driver.
INFO - 2024-01-03 07:26:17 --> Session: Class initialized using 'CodeIgniter\Session\Handlers\FileHandler' driver.
INFO - 2024-01-03 07:31:57 --> Session: Class initialized using 'CodeIgniter\Session\Handlers\FileHandler' driver.
INFO - 2024-01-03 07:33:24 --> Session: Class initialized using 'CodeIgniter\Session\Handlers\FileHandler' driver.
INFO - 2024-01-03 07:33:25 --> Session: Class initialized using 'CodeIgniter\Session\Handlers\FileHandler' driver.
INFO - 2024-01-03 07:33:27 --> Session: Class initialized using 'CodeIgniter\Session\Handlers\FileHandler' driver.
INFO - 2024-01-03 07:33:28 --> Session: Class initialized using 'CodeIgniter\Session\Handlers\FileHandler' driver.
INFO - 2024-01-03 07:33:30 --> Session: Class initialized using 'CodeIgniter\Session\Handlers\FileHandler' driver.
INFO - 2024-01-03 07:33:31 --> Session: Class initialized using 'CodeIgniter\Session\Handlers\FileHandler' driver.
INFO - 2024-01-03 07:33:32 --> Session: Class initialized using 'CodeIgniter\Session\Handlers\FileHandler' driver.
INFO - 2024-01-03 07:33:33 --> Session: Class initialized using 'CodeIgniter\Session\Handlers\FileHandler' driver.
INFO - 2024-01-03 07:33:34 --> Session: Class initialized using 'CodeIgniter\Session\Handlers\FileHandler' driver.
INFO - 2024-01-03 07:33:36 --> Session: Class initialized using 'CodeIgniter\Session\Handlers\FileHandler' driver.
INFO - 2024-01-03 07:33:41 --> Session: Class initialized using 'CodeIgniter\Session\Handlers\FileHandler' driver.
INFO - 2024-01-03 07:34:12 --> Session: Class initialized using 'CodeIgniter\Session\Handlers\FileHandler' driver.
INFO - 2024-01-03 07:34:15 --> Session: Class initialized using 'CodeIgniter\Session\Handlers\FileHandler' driver.
INFO - 2024-01-03 07:34:26 --> Session: Class initialized using 'CodeIgniter\Session\Handlers\FileHandler' driver.
CRITICAL - 2024-01-03 14:34:26 --> Call to a member function getFile() on null
in APPPATH\Models\ProyekModel.php on line 524.
 1 APPPATH\Controllers\Proyek.php(1917): App\Models\ProyekModel->simpandatadtu('PKP41cf7fa29b083b47d03226853db0cc5a2918ac4dQNS')
 2 SYSTEMPATH\CodeIgniter.php(932): App\Controllers\Proyek->dtutambah()
 3 SYSTEMPATH\CodeIgniter.php(497): CodeIgniter\CodeIgniter->runController(Object(App\Controllers\Proyek))
 4 SYSTEMPATH\CodeIgniter.php(366): CodeIgniter\CodeIgniter->handleRequest(null, Object(Config\Cache), false)
 5 FCPATH\index.php(67): CodeIgniter\CodeIgniter->run()
 6 SYSTEMPATH\Commands\Server\rewrite.php(47): require_once('C:\\laragon\\www\\dashboard\\public\\index.php')
INFO - 2024-01-03 07:35:46 --> Session: Class initialized using 'CodeIgniter\Session\Handlers\FileHandler' driver.
INFO - 2024-01-03 07:35:49 --> Session: Class initialized using 'CodeIgniter\Session\Handlers\FileHandler' driver.
INFO - 2024-01-03 07:36:02 --> Session: Class initialized using 'CodeIgniter\Session\Handlers\FileHandler' driver.
CRITICAL - 2024-01-03 14:36:02 --> Call to a member function isValid() on null
in APPPATH\Models\ProyekModel.php on line 525.
 1 APPPATH\Controllers\Proyek.php(1918): App\Models\ProyekModel->simpandatadtu('PKP41cf7fa29b083b47d03226853db0cc5a2918ac4dQNS', null)
 2 SYSTEMPATH\CodeIgniter.php(932): App\Controllers\Proyek->dtutambah()
 3 SYSTEMPATH\CodeIgniter.php(497): CodeIgniter\CodeIgniter->runController(Object(App\Controllers\Proyek))
 4 SYSTEMPATH\CodeIgniter.php(366): CodeIgniter\CodeIgniter->handleRequest(null, Object(Config\Cache), false)
 5 FCPATH\index.php(67): CodeIgniter\CodeIgniter->run()
 6 SYSTEMPATH\Commands\Server\rewrite.php(47): require_once('C:\\laragon\\www\\dashboard\\public\\index.php')
INFO - 2024-01-03 07:54:18 --> Session: Class initialized using 'CodeIgniter\Session\Handlers\FileHandler' driver.
INFO - 2024-01-03 07:54:20 --> Session: Class initialized using 'CodeIgniter\Session\Handlers\FileHandler' driver.
INFO - 2024-01-03 07:54:29 --> Session: Class initialized using 'CodeIgniter\Session\Handlers\FileHandler' driver.
CRITICAL - 2024-01-03 07:54:29 --> Call to a member function isValid() on null
in APPPATH\Controllers\Proyek.php on line 1936.
 1 SYSTEMPATH\CodeIgniter.php(932): App\Controllers\Proyek->dtutambah()
 2 SYSTEMPATH\CodeIgniter.php(497): CodeIgniter\CodeIgniter->runController(Object(App\Controllers\Proyek))
 3 SYSTEMPATH\CodeIgniter.php(366): CodeIgniter\CodeIgniter->handleRequest(null, Object(Config\Cache), false)
 4 FCPATH\index.php(67): CodeIgniter\CodeIgniter->run()
 5 SYSTEMPATH\Commands\Server\rewrite.php(47): require_once('C:\\laragon\\www\\dashboard\\public\\index.php')
INFO - 2024-01-03 07:55:58 --> Session: Class initialized using 'CodeIgniter\Session\Handlers\FileHandler' driver.
INFO - 2024-01-03 07:56:00 --> Session: Class initialized using 'CodeIgniter\Session\Handlers\FileHandler' driver.
INFO - 2024-01-03 07:56:12 --> Session: Class initialized using 'CodeIgniter\Session\Handlers\FileHandler' driver.
INFO - 2024-01-03 07:56:12 --> Session: Class initialized using 'CodeIgniter\Session\Handlers\FileHandler' driver.
INFO - 2024-01-03 07:56:21 --> Session: Class initialized using 'CodeIgniter\Session\Handlers\FileHandler' driver.
INFO - 2024-01-03 07:56:21 --> Session: Class initialized using 'CodeIgniter\Session\Handlers\FileHandler' driver.
INFO - 2024-01-03 07:57:02 --> Session: Class initialized using 'CodeIgniter\Session\Handlers\FileHandler' driver.
INFO - 2024-01-03 07:57:02 --> Session: Class initialized using 'CodeIgniter\Session\Handlers\FileHandler' driver.
INFO - 2024-01-03 07:57:49 --> Session: Class initialized using 'CodeIgniter\Session\Handlers\FileHandler' driver.
INFO - 2024-01-03 07:57:57 --> Session: Class initialized using 'CodeIgniter\Session\Handlers\FileHandler' driver.
INFO - 2024-01-03 07:57:57 --> Session: Class initialized using 'CodeIgniter\Session\Handlers\FileHandler' driver.
INFO - 2024-01-03 07:59:50 --> Session: Class initialized using 'CodeIgniter\Session\Handlers\FileHandler' driver.
INFO - 2024-01-03 07:59:55 --> Session: Class initialized using 'CodeIgniter\Session\Handlers\FileHandler' driver.
INFO - 2024-01-03 07:59:55 --> Session: Class initialized using 'CodeIgniter\Session\Handlers\FileHandler' driver.
CRITICAL - 2024-01-03 08:03:42 --> syntax error, unexpected token "public", expecting ";" or "{"
in APPPATH\Controllers\Proyek.php on line 1913.
 1 SYSTEMPATH\Autoloader\Autoloader.php(289): CodeIgniter\Autoloader\Autoloader->includeFile('C:\\laragon\\www\\dashboard\\app\\Controllers\\Proyek.php')
 2 SYSTEMPATH\Autoloader\Autoloader.php(267): CodeIgniter\Autoloader\Autoloader->loadInNamespace('App\\Controllers\\Proyek')
 3 [internal function]: CodeIgniter\Autoloader\Autoloader->loadClass('App\\Controllers\\Proyek')
 4 SYSTEMPATH\CodeIgniter.php(890): class_exists('\\App\\Controllers\\Proyek', true)
 5 SYSTEMPATH\CodeIgniter.php(484): CodeIgniter\CodeIgniter->startController()
 6 SYSTEMPATH\CodeIgniter.php(366): CodeIgniter\CodeIgniter->handleRequest(null, Object(Config\Cache), false)
 7 FCPATH\index.php(67): CodeIgniter\CodeIgniter->run()
 8 SYSTEMPATH\Commands\Server\rewrite.php(47): require_once('C:\\laragon\\www\\dashboard\\public\\index.php')
INFO - 2024-01-03 08:03:55 --> Session: Class initialized using 'CodeIgniter\Session\Handlers\FileHandler' driver.
INFO - 2024-01-03 08:04:04 --> Session: Class initialized using 'CodeIgniter\Session\Handlers\FileHandler' driver.
CRITICAL - 2024-01-03 08:04:04 --> CodeIgniter\Validation\FileRules::uploaded(): Argument #1 ($blank) must be of type ?string, array given, called in C:\laragon\www\dashboard\system\Validation\Validation.php on line 278
in SYSTEMPATH\Validation\FileRules.php on line 51.
 1 SYSTEMPATH\Validation\Validation.php(278): CodeIgniter\Validation\FileRules->uploaded([...], 'berkas', [...], null, 'berkas')
 2 SYSTEMPATH\Validation\Validation.php(182): CodeIgniter\Validation\Validation->processRules('berkas', 'File', [...], [...], [...])
 3 SYSTEMPATH\Controller.php(140): CodeIgniter\Validation\Validation->run()
 4 APPPATH\Controllers\Proyek.php(1943): CodeIgniter\Controller->validate([...])
 5 SYSTEMPATH\CodeIgniter.php(932): App\Controllers\Proyek->dtutambah()
 6 SYSTEMPATH\CodeIgniter.php(497): CodeIgniter\CodeIgniter->runController(Object(App\Controllers\Proyek))
 7 SYSTEMPATH\CodeIgniter.php(366): CodeIgniter\CodeIgniter->handleRequest(null, Object(Config\Cache), false)
 8 FCPATH\index.php(67): CodeIgniter\CodeIgniter->run()
 9 SYSTEMPATH\Commands\Server\rewrite.php(47): require_once('C:\\laragon\\www\\dashboard\\public\\index.php')
INFO - 2024-01-03 08:05:06 --> Session: Class initialized using 'CodeIgniter\Session\Handlers\FileHandler' driver.
INFO - 2024-01-03 08:05:07 --> Session: Class initialized using 'CodeIgniter\Session\Handlers\FileHandler' driver.
INFO - 2024-01-03 08:05:17 --> Session: Class initialized using 'CodeIgniter\Session\Handlers\FileHandler' driver.
CRITICAL - 2024-01-03 08:05:17 --> Undefined variable $redirectUrl
in APPPATH\Controllers\Proyek.php on line 1983.
 1 APPPATH\Controllers\Proyek.php(1983): CodeIgniter\Debug\Exceptions->errorHandler(2, 'Undefined variable $redirectUrl', 'C:\\laragon\\www\\dashboard\\app\\Controllers\\Proyek.php', 1983)
 2 SYSTEMPATH\CodeIgniter.php(932): App\Controllers\Proyek->dtutambah()
 3 SYSTEMPATH\CodeIgniter.php(497): CodeIgniter\CodeIgniter->runController(Object(App\Controllers\Proyek))
 4 SYSTEMPATH\CodeIgniter.php(366): CodeIgniter\CodeIgniter->handleRequest(null, Object(Config\Cache), false)
 5 FCPATH\index.php(67): CodeIgniter\CodeIgniter->run()
 6 SYSTEMPATH\Commands\Server\rewrite.php(47): require_once('C:\\laragon\\www\\dashboard\\public\\index.php')
INFO - 2024-01-03 08:05:46 --> Session: Class initialized using 'CodeIgniter\Session\Handlers\FileHandler' driver.
INFO - 2024-01-03 08:05:49 --> Session: Class initialized using 'CodeIgniter\Session\Handlers\FileHandler' driver.
INFO - 2024-01-03 08:05:56 --> Session: Class initialized using 'CodeIgniter\Session\Handlers\FileHandler' driver.
CRITICAL - 2024-01-03 08:05:56 --> Undefined variable $redirectUrl
in APPPATH\Controllers\Proyek.php on line 1983.
 1 APPPATH\Controllers\Proyek.php(1983): CodeIgniter\Debug\Exceptions->errorHandler(2, 'Undefined variable $redirectUrl', 'C:\\laragon\\www\\dashboard\\app\\Controllers\\Proyek.php', 1983)
 2 SYSTEMPATH\CodeIgniter.php(932): App\Controllers\Proyek->dtutambah()
 3 SYSTEMPATH\CodeIgniter.php(497): CodeIgniter\CodeIgniter->runController(Object(App\Controllers\Proyek))
 4 SYSTEMPATH\CodeIgniter.php(366): CodeIgniter\CodeIgniter->handleRequest(null, Object(Config\Cache), false)
 5 FCPATH\index.php(67): CodeIgniter\CodeIgniter->run()
 6 SYSTEMPATH\Commands\Server\rewrite.php(47): require_once('C:\\laragon\\www\\dashboard\\public\\index.php')
INFO - 2024-01-03 08:10:01 --> Session: Class initialized using 'CodeIgniter\Session\Handlers\FileHandler' driver.
INFO - 2024-01-03 08:10:03 --> Session: Class initialized using 'CodeIgniter\Session\Handlers\FileHandler' driver.
INFO - 2024-01-03 08:10:10 --> Session: Class initialized using 'CodeIgniter\Session\Handlers\FileHandler' driver.
INFO - 2024-01-03 08:10:10 --> Session: Class initialized using 'CodeIgniter\Session\Handlers\FileHandler' driver.
INFO - 2024-01-03 08:10:10 --> Session: Class initialized using 'CodeIgniter\Session\Handlers\FileHandler' driver.
INFO - 2024-01-03 08:10:10 --> Session: Class initialized using 'CodeIgniter\Session\Handlers\FileHandler' driver.
INFO - 2024-01-03 08:10:10 --> Session: Class initialized using 'CodeIgniter\Session\Handlers\FileHandler' driver.
INFO - 2024-01-03 08:10:10 --> Session: Class initialized using 'CodeIgniter\Session\Handlers\FileHandler' driver.
INFO - 2024-01-03 08:10:10 --> Session: Class initialized using 'CodeIgniter\Session\Handlers\FileHandler' driver.
INFO - 2024-01-03 08:10:10 --> Session: Class initialized using 'CodeIgniter\Session\Handlers\FileHandler' driver.
INFO - 2024-01-03 08:10:11 --> Session: Class initialized using 'CodeIgniter\Session\Handlers\FileHandler' driver.
INFO - 2024-01-03 08:10:11 --> Session: Class initialized using 'CodeIgniter\Session\Handlers\FileHandler' driver.
INFO - 2024-01-03 08:10:11 --> Session: Class initialized using 'CodeIgniter\Session\Handlers\FileHandler' driver.
INFO - 2024-01-03 08:10:11 --> Session: Class initialized using 'CodeIgniter\Session\Handlers\FileHandler' driver.
INFO - 2024-01-03 08:10:11 --> Session: Class initialized using 'CodeIgniter\Session\Handlers\FileHandler' driver.
INFO - 2024-01-03 08:10:11 --> Session: Class initialized using 'CodeIgniter\Session\Handlers\FileHandler' driver.
INFO - 2024-01-03 08:10:11 --> Session: Class initialized using 'CodeIgniter\Session\Handlers\FileHandler' driver.
INFO - 2024-01-03 08:10:11 --> Session: Class initialized using 'CodeIgniter\Session\Handlers\FileHandler' driver.
INFO - 2024-01-03 08:10:12 --> Session: Class initialized using 'CodeIgniter\Session\Handlers\FileHandler' driver.
INFO - 2024-01-03 08:10:12 --> Session: Class initialized using 'CodeIgniter\Session\Handlers\FileHandler' driver.
INFO - 2024-01-03 08:10:12 --> Session: Class initialized using 'CodeIgniter\Session\Handlers\FileHandler' driver.
INFO - 2024-01-03 08:10:12 --> Session: Class initialized using 'CodeIgniter\Session\Handlers\FileHandler' driver.
INFO - 2024-01-03 08:10:13 --> Session: Class initialized using 'CodeIgniter\Session\Handlers\FileHandler' driver.
INFO - 2024-01-03 08:10:13 --> Session: Class initialized using 'CodeIgniter\Session\Handlers\FileHandler' driver.
INFO - 2024-01-03 08:10:13 --> Session: Class initialized using 'CodeIgniter\Session\Handlers\FileHandler' driver.
INFO - 2024-01-03 08:10:13 --> Session: Class initialized using 'CodeIgniter\Session\Handlers\FileHandler' driver.
INFO - 2024-01-03 08:10:14 --> Session: Class initialized using 'CodeIgniter\Session\Handlers\FileHandler' driver.
INFO - 2024-01-03 08:10:14 --> Session: Class initialized using 'CodeIgniter\Session\Handlers\FileHandler' driver.
INFO - 2024-01-03 08:10:14 --> Session: Class initialized using 'CodeIgniter\Session\Handlers\FileHandler' driver.
INFO - 2024-01-03 08:10:14 --> Session: Class initialized using 'CodeIgniter\Session\Handlers\FileHandler' driver.
INFO - 2024-01-03 08:10:14 --> Session: Class initialized using 'CodeIgniter\Session\Handlers\FileHandler' driver.
INFO - 2024-01-03 08:10:14 --> Session: Class initialized using 'CodeIgniter\Session\Handlers\FileHandler' driver.
INFO - 2024-01-03 08:10:14 --> Session: Class initialized using 'CodeIgniter\Session\Handlers\FileHandler' driver.
INFO - 2024-01-03 08:10:14 --> Session: Class initialized using 'CodeIgniter\Session\Handlers\FileHandler' driver.
INFO - 2024-01-03 08:10:14 --> Session: Class initialized using 'CodeIgniter\Session\Handlers\FileHandler' driver.
INFO - 2024-01-03 08:10:15 --> Session: Class initialized using 'CodeIgniter\Session\Handlers\FileHandler' driver.
INFO - 2024-01-03 08:10:15 --> Session: Class initialized using 'CodeIgniter\Session\Handlers\FileHandler' driver.
INFO - 2024-01-03 08:10:15 --> Session: Class initialized using 'CodeIgniter\Session\Handlers\FileHandler' driver.
INFO - 2024-01-03 08:10:15 --> Session: Class initialized using 'CodeIgniter\Session\Handlers\FileHandler' driver.
INFO - 2024-01-03 08:10:15 --> Session: Class initialized using 'CodeIgniter\Session\Handlers\FileHandler' driver.
INFO - 2024-01-03 08:10:18 --> Session: Class initialized using 'CodeIgniter\Session\Handlers\FileHandler' driver.
INFO - 2024-01-03 08:10:47 --> Session: Class initialized using 'CodeIgniter\Session\Handlers\FileHandler' driver.
INFO - 2024-01-03 08:10:55 --> Session: Class initialized using 'CodeIgniter\Session\Handlers\FileHandler' driver.
CRITICAL - 2024-01-03 08:10:55 --> Undefined variable $redirectUrl
in APPPATH\Controllers\Proyek.php on line 1982.
 1 APPPATH\Controllers\Proyek.php(1982): CodeIgniter\Debug\Exceptions->errorHandler(2, 'Undefined variable $redirectUrl', 'C:\\laragon\\www\\dashboard\\app\\Controllers\\Proyek.php', 1982)
 2 SYSTEMPATH\CodeIgniter.php(932): App\Controllers\Proyek->dtutambah()
 3 SYSTEMPATH\CodeIgniter.php(497): CodeIgniter\CodeIgniter->runController(Object(App\Controllers\Proyek))
 4 SYSTEMPATH\CodeIgniter.php(366): CodeIgniter\CodeIgniter->handleRequest(null, Object(Config\Cache), false)
 5 FCPATH\index.php(67): CodeIgniter\CodeIgniter->run()
 6 SYSTEMPATH\Commands\Server\rewrite.php(47): require_once('C:\\laragon\\www\\dashboard\\public\\index.php')
INFO - 2024-01-03 08:12:02 --> Session: Class initialized using 'CodeIgniter\Session\Handlers\FileHandler' driver.
INFO - 2024-01-03 08:12:03 --> Session: Class initialized using 'CodeIgniter\Session\Handlers\FileHandler' driver.
INFO - 2024-01-03 08:12:11 --> Session: Class initialized using 'CodeIgniter\Session\Handlers\FileHandler' driver.
CRITICAL - 2024-01-03 08:12:11 --> Undefined array key "berkas"
in APPPATH\Controllers\Proyek.php on line 1936.
 1 APPPATH\Controllers\Proyek.php(1936): CodeIgniter\Debug\Exceptions->errorHandler(2, 'Undefined array key "berkas"', 'C:\\laragon\\www\\dashboard\\app\\Controllers\\Proyek.php', 1936)
 2 SYSTEMPATH\CodeIgniter.php(932): App\Controllers\Proyek->dtutambah()
 3 SYSTEMPATH\CodeIgniter.php(497): CodeIgniter\CodeIgniter->runController(Object(App\Controllers\Proyek))
 4 SYSTEMPATH\CodeIgniter.php(366): CodeIgniter\CodeIgniter->handleRequest(null, Object(Config\Cache), false)
 5 FCPATH\index.php(67): CodeIgniter\CodeIgniter->run()
 6 SYSTEMPATH\Commands\Server\rewrite.php(47): require_once('C:\\laragon\\www\\dashboard\\public\\index.php')
INFO - 2024-01-03 08:12:58 --> Session: Class initialized using 'CodeIgniter\Session\Handlers\FileHandler' driver.
INFO - 2024-01-03 08:13:00 --> Session: Class initialized using 'CodeIgniter\Session\Handlers\FileHandler' driver.
INFO - 2024-01-03 08:13:07 --> Session: Class initialized using 'CodeIgniter\Session\Handlers\FileHandler' driver.
CRITICAL - 2024-01-03 08:13:07 --> Undefined array key "berkas"
in APPPATH\Controllers\Proyek.php on line 1946.
 1 APPPATH\Controllers\Proyek.php(1946): CodeIgniter\Debug\Exceptions->errorHandler(2, 'Undefined array key "berkas"', 'C:\\laragon\\www\\dashboard\\app\\Controllers\\Proyek.php', 1946)
 2 SYSTEMPATH\CodeIgniter.php(932): App\Controllers\Proyek->dtutambah()
 3 SYSTEMPATH\CodeIgniter.php(497): CodeIgniter\CodeIgniter->runController(Object(App\Controllers\Proyek))
 4 SYSTEMPATH\CodeIgniter.php(366): CodeIgniter\CodeIgniter->handleRequest(null, Object(Config\Cache), false)
 5 FCPATH\index.php(67): CodeIgniter\CodeIgniter->run()
 6 SYSTEMPATH\Commands\Server\rewrite.php(47): require_once('C:\\laragon\\www\\dashboard\\public\\index.php')
INFO - 2024-01-03 08:14:13 --> Session: Class initialized using 'CodeIgniter\Session\Handlers\FileHandler' driver.
INFO - 2024-01-03 08:36:21 --> Session: Class initialized using 'CodeIgniter\Session\Handlers\FileHandler' driver.
CRITICAL - 2024-01-03 08:36:22 --> Call to a member function isValid() on null
in APPPATH\Controllers\Proyek.php on line 1917.
 1 SYSTEMPATH\CodeIgniter.php(932): App\Controllers\Proyek->dtutambah()
 2 SYSTEMPATH\CodeIgniter.php(497): CodeIgniter\CodeIgniter->runController(Object(App\Controllers\Proyek))
 3 SYSTEMPATH\CodeIgniter.php(366): CodeIgniter\CodeIgniter->handleRequest(null, Object(Config\Cache), false)
 4 FCPATH\index.php(67): CodeIgniter\CodeIgniter->run()
 5 SYSTEMPATH\Commands\Server\rewrite.php(47): require_once('C:\\laragon\\www\\dashboard\\public\\index.php')
INFO - 2024-01-03 09:46:30 --> Session: Class initialized using 'CodeIgniter\Session\Handlers\FileHandler' driver.
INFO - 2024-01-03 09:46:32 --> Session: Class initialized using 'CodeIgniter\Session\Handlers\FileHandler' driver.
INFO - 2024-01-03 09:49:55 --> Session: Class initialized using 'CodeIgniter\Session\Handlers\FileHandler' driver.
INFO - 2024-01-03 09:49:58 --> Session: Class initialized using 'CodeIgniter\Session\Handlers\FileHandler' driver.
INFO - 2024-01-03 09:51:12 --> Session: Class initialized using 'CodeIgniter\Session\Handlers\FileHandler' driver.
INFO - 2024-01-03 09:51:13 --> Session: Class initialized using 'CodeIgniter\Session\Handlers\FileHandler' driver.
INFO - 2024-01-03 09:51:15 --> Session: Class initialized using 'CodeIgniter\Session\Handlers\FileHandler' driver.
INFO - 2024-01-03 09:52:45 --> Session: Class initialized using 'CodeIgniter\Session\Handlers\FileHandler' driver.
INFO - 2024-01-03 09:52:48 --> Session: Class initialized using 'CodeIgniter\Session\Handlers\FileHandler' driver.
INFO - 2024-01-03 09:53:14 --> Session: Class initialized using 'CodeIgniter\Session\Handlers\FileHandler' driver.
INFO - 2024-01-03 09:54:27 --> Session: Class initialized using 'CodeIgniter\Session\Handlers\FileHandler' driver.
INFO - 2024-01-03 09:54:27 --> Session: Class initialized using 'CodeIgniter\Session\Handlers\FileHandler' driver.
INFO - 2024-01-03 09:54:27 --> Session: Class initialized using 'CodeIgniter\Session\Handlers\FileHandler' driver.
INFO - 2024-01-03 09:54:27 --> Session: Class initialized using 'CodeIgniter\Session\Handlers\FileHandler' driver.
INFO - 2024-01-03 09:54:28 --> Session: Class initialized using 'CodeIgniter\Session\Handlers\FileHandler' driver.
INFO - 2024-01-03 09:54:28 --> Session: Class initialized using 'CodeIgniter\Session\Handlers\FileHandler' driver.
INFO - 2024-01-03 09:54:28 --> Session: Class initialized using 'CodeIgniter\Session\Handlers\FileHandler' driver.
INFO - 2024-01-03 09:54:28 --> Session: Class initialized using 'CodeIgniter\Session\Handlers\FileHandler' driver.
INFO - 2024-01-03 09:54:28 --> Session: Class initialized using 'CodeIgniter\Session\Handlers\FileHandler' driver.
INFO - 2024-01-03 09:54:28 --> Session: Class initialized using 'CodeIgniter\Session\Handlers\FileHandler' driver.
INFO - 2024-01-03 09:54:28 --> Session: Class initialized using 'CodeIgniter\Session\Handlers\FileHandler' driver.
INFO - 2024-01-03 09:54:28 --> Session: Class initialized using 'CodeIgniter\Session\Handlers\FileHandler' driver.
INFO - 2024-01-03 09:54:29 --> Session: Class initialized using 'CodeIgniter\Session\Handlers\FileHandler' driver.
INFO - 2024-01-03 09:54:29 --> Session: Class initialized using 'CodeIgniter\Session\Handlers\FileHandler' driver.
INFO - 2024-01-03 09:54:29 --> Session: Class initialized using 'CodeIgniter\Session\Handlers\FileHandler' driver.
INFO - 2024-01-03 09:54:29 --> Session: Class initialized using 'CodeIgniter\Session\Handlers\FileHandler' driver.
INFO - 2024-01-03 09:54:29 --> Session: Class initialized using 'CodeIgniter\Session\Handlers\FileHandler' driver.
INFO - 2024-01-03 09:54:29 --> Session: Class initialized using 'CodeIgniter\Session\Handlers\FileHandler' driver.
INFO - 2024-01-03 09:54:29 --> Session: Class initialized using 'CodeIgniter\Session\Handlers\FileHandler' driver.
INFO - 2024-01-03 09:54:29 --> Session: Class initialized using 'CodeIgniter\Session\Handlers\FileHandler' driver.
INFO - 2024-01-03 09:54:31 --> Session: Class initialized using 'CodeIgniter\Session\Handlers\FileHandler' driver.
INFO - 2024-01-03 09:54:31 --> Session: Class initialized using 'CodeIgniter\Session\Handlers\FileHandler' driver.
INFO - 2024-01-03 09:54:31 --> Session: Class initialized using 'CodeIgniter\Session\Handlers\FileHandler' driver.
INFO - 2024-01-03 09:54:31 --> Session: Class initialized using 'CodeIgniter\Session\Handlers\FileHandler' driver.
INFO - 2024-01-03 09:54:31 --> Session: Class initialized using 'CodeIgniter\Session\Handlers\FileHandler' driver.
INFO - 2024-01-03 09:54:31 --> Session: Class initialized using 'CodeIgniter\Session\Handlers\FileHandler' driver.
INFO - 2024-01-03 09:54:31 --> Session: Class initialized using 'CodeIgniter\Session\Handlers\FileHandler' driver.
INFO - 2024-01-03 09:54:31 --> Session: Class initialized using 'CodeIgniter\Session\Handlers\FileHandler' driver.
INFO - 2024-01-03 09:54:31 --> Session: Class initialized using 'CodeIgniter\Session\Handlers\FileHandler' driver.
INFO - 2024-01-03 09:54:32 --> Session: Class initialized using 'CodeIgniter\Session\Handlers\FileHandler' driver.
INFO - 2024-01-03 09:54:32 --> Session: Class initialized using 'CodeIgniter\Session\Handlers\FileHandler' driver.
INFO - 2024-01-03 09:54:32 --> Session: Class initialized using 'CodeIgniter\Session\Handlers\FileHandler' driver.
INFO - 2024-01-03 09:54:32 --> Session: Class initialized using 'CodeIgniter\Session\Handlers\FileHandler' driver.
INFO - 2024-01-03 09:54:32 --> Session: Class initialized using 'CodeIgniter\Session\Handlers\FileHandler' driver.
INFO - 2024-01-03 09:54:32 --> Session: Class initialized using 'CodeIgniter\Session\Handlers\FileHandler' driver.
INFO - 2024-01-03 09:54:32 --> Session: Class initialized using 'CodeIgniter\Session\Handlers\FileHandler' driver.
INFO - 2024-01-03 09:54:32 --> Session: Class initialized using 'CodeIgniter\Session\Handlers\FileHandler' driver.
INFO - 2024-01-03 09:54:32 --> Session: Class initialized using 'CodeIgniter\Session\Handlers\FileHandler' driver.
INFO - 2024-01-03 09:54:33 --> Session: Class initialized using 'CodeIgniter\Session\Handlers\FileHandler' driver.
INFO - 2024-01-03 09:54:33 --> Session: Class initialized using 'CodeIgniter\Session\Handlers\FileHandler' driver.
INFO - 2024-01-03 09:54:33 --> Session: Class initialized using 'CodeIgniter\Session\Handlers\FileHandler' driver.
INFO - 2024-01-03 09:54:36 --> Session: Class initialized using 'CodeIgniter\Session\Handlers\FileHandler' driver.
INFO - 2024-01-03 09:55:07 --> Session: Class initialized using 'CodeIgniter\Session\Handlers\FileHandler' driver.
INFO - 2024-01-03 09:55:09 --> Session: Class initialized using 'CodeIgniter\Session\Handlers\FileHandler' driver.
INFO - 2024-01-03 09:55:13 --> Session: Class initialized using 'CodeIgniter\Session\Handlers\FileHandler' driver.
INFO - 2024-01-03 09:55:14 --> Session: Class initialized using 'CodeIgniter\Session\Handlers\FileHandler' driver.
INFO - 2024-01-03 09:55:17 --> Session: Class initialized using 'CodeIgniter\Session\Handlers\FileHandler' driver.
INFO - 2024-01-03 09:55:18 --> Session: Class initialized using 'CodeIgniter\Session\Handlers\FileHandler' driver.
INFO - 2024-01-03 09:55:20 --> Session: Class initialized using 'CodeIgniter\Session\Handlers\FileHandler' driver.
INFO - 2024-01-03 09:55:22 --> Session: Class initialized using 'CodeIgniter\Session\Handlers\FileHandler' driver.
INFO - 2024-01-03 09:55:24 --> Session: Class initialized using 'CodeIgniter\Session\Handlers\FileHandler' driver.
INFO - 2024-01-03 09:55:28 --> Session: Class initialized using 'CodeIgniter\Session\Handlers\FileHandler' driver.
INFO - 2024-01-03 09:55:30 --> Session: Class initialized using 'CodeIgniter\Session\Handlers\FileHandler' driver.
INFO - 2024-01-03 09:57:16 --> Session: Class initialized using 'CodeIgniter\Session\Handlers\FileHandler' driver.
INFO - 2024-01-03 09:57:19 --> Session: Class initialized using 'CodeIgniter\Session\Handlers\FileHandler' driver.
INFO - 2024-01-03 09:57:24 --> Session: Class initialized using 'CodeIgniter\Session\Handlers\FileHandler' driver.
CRITICAL - 2024-01-03 16:57:24 --> Call to a member function isValid() on null
in APPPATH\Models\ProyekModel.php on line 525.
 1 APPPATH\Controllers\Proyek.php(1919): App\Models\ProyekModel->simpandatadtu('PKP0f08672bb730e8243eaa44336c2184a1c89f7100QNS', null)
 2 SYSTEMPATH\CodeIgniter.php(932): App\Controllers\Proyek->dtutambah()
 3 SYSTEMPATH\CodeIgniter.php(497): CodeIgniter\CodeIgniter->runController(Object(App\Controllers\Proyek))
 4 SYSTEMPATH\CodeIgniter.php(366): CodeIgniter\CodeIgniter->handleRequest(null, Object(Config\Cache), false)
 5 FCPATH\index.php(67): CodeIgniter\CodeIgniter->run()
 6 SYSTEMPATH\Commands\Server\rewrite.php(47): require_once('C:\\laragon\\www\\dashboard\\public\\index.php')
INFO - 2024-01-03 09:57:52 --> Session: Class initialized using 'CodeIgniter\Session\Handlers\FileHandler' driver.
CRITICAL - 2024-01-03 16:57:52 --> Call to a member function isValid() on null
in APPPATH\Models\ProyekModel.php on line 525.
 1 APPPATH\Controllers\Proyek.php(1919): App\Models\ProyekModel->simpandatadtu('PKP0f08672bb730e8243eaa44336c2184a1c89f7100QNS', null)
 2 SYSTEMPATH\CodeIgniter.php(932): App\Controllers\Proyek->dtutambah()
 3 SYSTEMPATH\CodeIgniter.php(497): CodeIgniter\CodeIgniter->runController(Object(App\Controllers\Proyek))
 4 SYSTEMPATH\CodeIgniter.php(366): CodeIgniter\CodeIgniter->handleRequest(null, Object(Config\Cache), false)
 5 FCPATH\index.php(67): CodeIgniter\CodeIgniter->run()
 6 SYSTEMPATH\Commands\Server\rewrite.php(47): require_once('C:\\laragon\\www\\dashboard\\public\\index.php')
INFO - 2024-01-03 10:06:27 --> Session: Class initialized using 'CodeIgniter\Session\Handlers\FileHandler' driver.
INFO - 2024-01-03 10:06:36 --> Session: Class initialized using 'CodeIgniter\Session\Handlers\FileHandler' driver.
ERROR - 2024-01-03 17:06:36 --> mysqli_sql_exception: Table 'qns_dashv7.proyek' doesn't exist in C:\laragon\www\dashboard\system\Database\MySQLi\Connection.php:295
Stack trace:
#0 C:\laragon\www\dashboard\system\Database\MySQLi\Connection.php(295): mysqli->query('SELECT *\nFROM `...', 0)
#1 C:\laragon\www\dashboard\system\Database\BaseConnection.php(692): CodeIgniter\Database\MySQLi\Connection->execute('SELECT *\nFROM `...')
#2 C:\laragon\www\dashboard\system\Database\BaseConnection.php(606): CodeIgniter\Database\BaseConnection->simpleQuery('SELECT *\nFROM `...')
#3 C:\laragon\www\dashboard\system\Database\BaseBuilder.php(1616): CodeIgniter\Database\BaseConnection->query('SELECT *\nFROM `...', Array, false)
#4 C:\laragon\www\dashboard\system\Model.php(268): CodeIgniter\Database\BaseBuilder->get()
#5 C:\laragon\www\dashboard\system\BaseModel.php(656): CodeIgniter\Model->doFirst()
#6 C:\laragon\www\dashboard\app\Models\ProyekModel.php(506): CodeIgniter\BaseModel->first()
#7 C:\laragon\www\dashboard\app\Controllers\Proyek.php(1919): App\Models\ProyekModel->simpandatadtu('PKP41cf7fa29b08...', NULL)
#8 C:\laragon\www\dashboard\system\CodeIgniter.php(932): App\Controllers\Proyek->dtutambah()
#9 C:\laragon\www\dashboard\system\CodeIgniter.php(497): CodeIgniter\CodeIgniter->runController(Object(App\Controllers\Proyek))
#10 C:\laragon\www\dashboard\system\CodeIgniter.php(366): CodeIgniter\CodeIgniter->handleRequest(NULL, Object(Config\Cache), false)
#11 C:\laragon\www\dashboard\public\index.php(67): CodeIgniter\CodeIgniter->run()
#12 C:\laragon\www\dashboard\system\Commands\Server\rewrite.php(47): require_once('C:\\laragon\\www\\...')
#13 {main}
CRITICAL - 2024-01-03 17:06:36 --> Table 'qns_dashv7.proyek' doesn't exist
in SYSTEMPATH\Database\MySQLi\Connection.php on line 295.
 1 SYSTEMPATH\Database\MySQLi\Connection.php(295): mysqli->query('SELECT *
FROM `proyek`
WHERE `id_pkp` = \'PKP41cf7fa29b083b47d03226853db0cc5a2918ac4dQNS\'
 LIMIT 1', 0)
 2 SYSTEMPATH\Database\BaseConnection.php(692): CodeIgniter\Database\MySQLi\Connection->execute('SELECT *
FROM `proyek`
WHERE `id_pkp` = \'PKP41cf7fa29b083b47d03226853db0cc5a2918ac4dQNS\'
 LIMIT 1')
 3 SYSTEMPATH\Database\BaseConnection.php(606): CodeIgniter\Database\BaseConnection->simpleQuery('SELECT *
FROM `proyek`
WHERE `id_pkp` = \'PKP41cf7fa29b083b47d03226853db0cc5a2918ac4dQNS\'
 LIMIT 1')
 4 SYSTEMPATH\Database\BaseBuilder.php(1616): CodeIgniter\Database\BaseConnection->query('SELECT *
FROM `proyek`
WHERE `id_pkp` = :id_pkp:
 LIMIT 1', [...], false)
 5 SYSTEMPATH\Model.php(268): CodeIgniter\Database\BaseBuilder->get()
 6 SYSTEMPATH\BaseModel.php(656): CodeIgniter\Model->doFirst()
 7 APPPATH\Models\ProyekModel.php(506): CodeIgniter\BaseModel->first()
 8 APPPATH\Controllers\Proyek.php(1919): App\Models\ProyekModel->simpandatadtu('PKP41cf7fa29b083b47d03226853db0cc5a2918ac4dQNS', null)
 9 SYSTEMPATH\CodeIgniter.php(932): App\Controllers\Proyek->dtutambah()
10 SYSTEMPATH\CodeIgniter.php(497): CodeIgniter\CodeIgniter->runController(Object(App\Controllers\Proyek))
11 SYSTEMPATH\CodeIgniter.php(366): CodeIgniter\CodeIgniter->handleRequest(null, Object(Config\Cache), false)
12 FCPATH\index.php(67): CodeIgniter\CodeIgniter->run()
13 SYSTEMPATH\Commands\Server\rewrite.php(47): require_once('C:\\laragon\\www\\dashboard\\public\\index.php')
