INFO - 2024-01-04 02:35:06 --> Session: Class initialized using 'CodeIgniter\Session\Handlers\FileHandler' driver.
INFO - 2024-01-04 02:35:15 --> Session: Class initialized using 'CodeIgniter\Session\Handlers\FileHandler' driver.
INFO - 2024-01-04 02:35:16 --> Session: Class initialized using 'CodeIgniter\Session\Handlers\FileHandler' driver.
INFO - 2024-01-04 02:36:52 --> Session: Class initialized using 'CodeIgniter\Session\Handlers\FileHandler' driver.
INFO - 2024-01-04 02:39:11 --> Session: Class initialized using 'CodeIgniter\Session\Handlers\FileHandler' driver.
INFO - 2024-01-04 02:39:14 --> Session: Class initialized using 'CodeIgniter\Session\Handlers\FileHandler' driver.
INFO - 2024-01-04 02:39:18 --> Session: Class initialized using 'CodeIgniter\Session\Handlers\FileHandler' driver.
INFO - 2024-01-04 02:39:20 --> Session: Class initialized using 'CodeIgniter\Session\Handlers\FileHandler' driver.
INFO - 2024-01-04 02:39:21 --> Session: Class initialized using 'CodeIgniter\Session\Handlers\FileHandler' driver.
INFO - 2024-01-04 02:39:23 --> Session: Class initialized using 'CodeIgniter\Session\Handlers\FileHandler' driver.
INFO - 2024-01-04 02:39:23 --> Session: Class initialized using 'CodeIgniter\Session\Handlers\FileHandler' driver.
INFO - 2024-01-04 02:39:26 --> Session: Class initialized using 'CodeIgniter\Session\Handlers\FileHandler' driver.
INFO - 2024-01-04 02:39:26 --> Session: Class initialized using 'CodeIgniter\Session\Handlers\FileHandler' driver.
INFO - 2024-01-04 02:39:34 --> Session: Class initialized using 'CodeIgniter\Session\Handlers\FileHandler' driver.
INFO - 2024-01-04 02:39:47 --> Session: Class initialized using 'CodeIgniter\Session\Handlers\FileHandler' driver.
INFO - 2024-01-04 02:39:50 --> Session: Class initialized using 'CodeIgniter\Session\Handlers\FileHandler' driver.
WARNING - 2024-01-04 02:39:50 --> [DEPRECATED] iconv(): Passing null to parameter #3 ($string) of type string is deprecated in APPPATH\Libraries\FPDF.php on line 1108.
 1 APPPATH\Libraries\FPDF.php(1108): iconv('ISO-8859-1', 'UTF-8', null)
 2 APPPATH\Libraries\FPDF.php(232): App\Libraries\FPDF->_UTF8encode(null)
 3 APPPATH\Controllers\Proyek.php(1344): App\Libraries\FPDF->SetTitle(null)
 4 SYSTEMPATH\CodeIgniter.php(932): App\Controllers\Proyek->pdf1('PKP02f35ecf1800e65e51befdc6cccbf69ed5762b5aQNS')
 5 SYSTEMPATH\CodeIgniter.php(497): CodeIgniter\CodeIgniter->runController(Object(App\Controllers\Proyek))
 6 SYSTEMPATH\CodeIgniter.php(366): CodeIgniter\CodeIgniter->handleRequest(null, Object(Config\Cache), false)
 7 FCPATH\index.php(67): CodeIgniter\CodeIgniter->run()
 8 SYSTEMPATH\Commands\Server\rewrite.php(47): require_once('C:\\laragon\\www\\dashboard\\public\\index.php')
INFO - 2024-01-04 02:40:41 --> Session: Class initialized using 'CodeIgniter\Session\Handlers\FileHandler' driver.
INFO - 2024-01-04 02:40:44 --> Session: Class initialized using 'CodeIgniter\Session\Handlers\FileHandler' driver.
INFO - 2024-01-04 02:40:54 --> Session: Class initialized using 'CodeIgniter\Session\Handlers\FileHandler' driver.
ERROR - 2024-01-04 09:40:54 --> mysqli_sql_exception: Table 'qns_dashv7.proyek' doesn't exist in C:\laragon\www\dashboard\system\Database\MySQLi\Connection.php:295
Stack trace:
#0 C:\laragon\www\dashboard\system\Database\MySQLi\Connection.php(295): mysqli->query('SELECT *\nFROM `...', 0)
#1 C:\laragon\www\dashboard\system\Database\BaseConnection.php(692): CodeIgniter\Database\MySQLi\Connection->execute('SELECT *\nFROM `...')
#2 C:\laragon\www\dashboard\system\Database\BaseConnection.php(606): CodeIgniter\Database\BaseConnection->simpleQuery('SELECT *\nFROM `...')
#3 C:\laragon\www\dashboard\system\Database\BaseBuilder.php(1616): CodeIgniter\Database\BaseConnection->query('SELECT *\nFROM `...', Array, false)
#4 C:\laragon\www\dashboard\system\Model.php(268): CodeIgniter\Database\BaseBuilder->get()
#5 C:\laragon\www\dashboard\system\BaseModel.php(656): CodeIgniter\Model->doFirst()
#6 C:\laragon\www\dashboard\app\Models\ProyekModel.php(506): CodeIgniter\BaseModel->first()
#7 C:\laragon\www\dashboard\app\Controllers\Proyek.php(1919): App\Models\ProyekModel->simpandatadtu('PKP02f35ecf1800...', NULL)
#8 C:\laragon\www\dashboard\system\CodeIgniter.php(932): App\Controllers\Proyek->dtutambah()
#9 C:\laragon\www\dashboard\system\CodeIgniter.php(497): CodeIgniter\CodeIgniter->runController(Object(App\Controllers\Proyek))
#10 C:\laragon\www\dashboard\system\CodeIgniter.php(366): CodeIgniter\CodeIgniter->handleRequest(NULL, Object(Config\Cache), false)
#11 C:\laragon\www\dashboard\public\index.php(67): CodeIgniter\CodeIgniter->run()
#12 C:\laragon\www\dashboard\system\Commands\Server\rewrite.php(47): require_once('C:\\laragon\\www\\...')
#13 {main}
CRITICAL - 2024-01-04 09:40:54 --> Table 'qns_dashv7.proyek' doesn't exist
in SYSTEMPATH\Database\MySQLi\Connection.php on line 295.
 1 SYSTEMPATH\Database\MySQLi\Connection.php(295): mysqli->query('SELECT *
FROM `proyek`
WHERE `id_pkp` = \'PKP02f35ecf1800e65e51befdc6cccbf69ed5762b5aQNS\'
 LIMIT 1', 0)
 2 SYSTEMPATH\Database\BaseConnection.php(692): CodeIgniter\Database\MySQLi\Connection->execute('SELECT *
FROM `proyek`
WHERE `id_pkp` = \'PKP02f35ecf1800e65e51befdc6cccbf69ed5762b5aQNS\'
 LIMIT 1')
 3 SYSTEMPATH\Database\BaseConnection.php(606): CodeIgniter\Database\BaseConnection->simpleQuery('SELECT *
FROM `proyek`
WHERE `id_pkp` = \'PKP02f35ecf1800e65e51befdc6cccbf69ed5762b5aQNS\'
 LIMIT 1')
 4 SYSTEMPATH\Database\BaseBuilder.php(1616): CodeIgniter\Database\BaseConnection->query('SELECT *
FROM `proyek`
WHERE `id_pkp` = :id_pkp:
 LIMIT 1', [...], false)
 5 SYSTEMPATH\Model.php(268): CodeIgniter\Database\BaseBuilder->get()
 6 SYSTEMPATH\BaseModel.php(656): CodeIgniter\Model->doFirst()
 7 APPPATH\Models\ProyekModel.php(506): CodeIgniter\BaseModel->first()
 8 APPPATH\Controllers\Proyek.php(1919): App\Models\ProyekModel->simpandatadtu('PKP02f35ecf1800e65e51befdc6cccbf69ed5762b5aQNS', null)
 9 SYSTEMPATH\CodeIgniter.php(932): App\Controllers\Proyek->dtutambah()
10 SYSTEMPATH\CodeIgniter.php(497): CodeIgniter\CodeIgniter->runController(Object(App\Controllers\Proyek))
11 SYSTEMPATH\CodeIgniter.php(366): CodeIgniter\CodeIgniter->handleRequest(null, Object(Config\Cache), false)
12 FCPATH\index.php(67): CodeIgniter\CodeIgniter->run()
13 SYSTEMPATH\Commands\Server\rewrite.php(47): require_once('C:\\laragon\\www\\dashboard\\public\\index.php')
INFO - 2024-01-04 02:41:52 --> Session: Class initialized using 'CodeIgniter\Session\Handlers\FileHandler' driver.
INFO - 2024-01-04 02:41:54 --> Session: Class initialized using 'CodeIgniter\Session\Handlers\FileHandler' driver.
INFO - 2024-01-04 02:42:01 --> Session: Class initialized using 'CodeIgniter\Session\Handlers\FileHandler' driver.
CRITICAL - 2024-01-04 09:42:01 --> Allowed fields must be specified for model: "App\Models\ProyekModel"
in SYSTEMPATH\BaseModel.php on line 1242.
 1 SYSTEMPATH\BaseModel.php(1242): CodeIgniter\Database\Exceptions\DataException::forInvalidAllowedFields('App\\Models\\ProyekModel')
 2 SYSTEMPATH\BaseModel.php(919): CodeIgniter\BaseModel->doProtectFields([...])
 3 SYSTEMPATH\Model.php(756): CodeIgniter\BaseModel->update([...], [...])
 4 APPPATH\Models\ProyekModel.php(531): CodeIgniter\Model->update('PKP02f35ecf1800e65e51befdc6cccbf69ed5762b5aQNS', [...])
 5 APPPATH\Controllers\Proyek.php(1919): App\Models\ProyekModel->simpandatadtu('PKP02f35ecf1800e65e51befdc6cccbf69ed5762b5aQNS', null)
 6 SYSTEMPATH\CodeIgniter.php(932): App\Controllers\Proyek->dtutambah()
 7 SYSTEMPATH\CodeIgniter.php(497): CodeIgniter\CodeIgniter->runController(Object(App\Controllers\Proyek))
 8 SYSTEMPATH\CodeIgniter.php(366): CodeIgniter\CodeIgniter->handleRequest(null, Object(Config\Cache), false)
 9 FCPATH\index.php(67): CodeIgniter\CodeIgniter->run()
10 SYSTEMPATH\Commands\Server\rewrite.php(47): require_once('C:\\laragon\\www\\dashboard\\public\\index.php')
INFO - 2024-01-04 02:45:46 --> Session: Class initialized using 'CodeIgniter\Session\Handlers\FileHandler' driver.
INFO - 2024-01-04 02:45:47 --> Session: Class initialized using 'CodeIgniter\Session\Handlers\FileHandler' driver.
INFO - 2024-01-04 02:45:54 --> Session: Class initialized using 'CodeIgniter\Session\Handlers\FileHandler' driver.
ERROR - 2024-01-04 09:45:54 --> mysqli_sql_exception: Unknown column 'master_pkp.id' in 'where clause' in C:\laragon\www\dashboard\system\Database\MySQLi\Connection.php:295
Stack trace:
#0 C:\laragon\www\dashboard\system\Database\MySQLi\Connection.php(295): mysqli->query('UPDATE `master_...', 0)
#1 C:\laragon\www\dashboard\system\Database\BaseConnection.php(692): CodeIgniter\Database\MySQLi\Connection->execute('UPDATE `master_...')
#2 C:\laragon\www\dashboard\system\Database\BaseConnection.php(606): CodeIgniter\Database\BaseConnection->simpleQuery('UPDATE `master_...')
#3 C:\laragon\www\dashboard\system\Database\BaseBuilder.php(2476): CodeIgniter\Database\BaseConnection->query('UPDATE `master_...', Array, false)
#4 C:\laragon\www\dashboard\system\Model.php(396): CodeIgniter\Database\BaseBuilder->update()
#5 C:\laragon\www\dashboard\system\BaseModel.php(943): CodeIgniter\Model->doUpdate(Array, Array)
#6 C:\laragon\www\dashboard\system\Model.php(756): CodeIgniter\BaseModel->update(Array, Array)
#7 C:\laragon\www\dashboard\app\Models\ProyekModel.php(586): CodeIgniter\Model->update('PKP02f35ecf1800...', Array)
#8 C:\laragon\www\dashboard\app\Controllers\Proyek.php(1919): App\Models\ProyekModel->simpandatadtu('PKP02f35ecf1800...', NULL)
#9 C:\laragon\www\dashboard\system\CodeIgniter.php(932): App\Controllers\Proyek->dtutambah()
#10 C:\laragon\www\dashboard\system\CodeIgniter.php(497): CodeIgniter\CodeIgniter->runController(Object(App\Controllers\Proyek))
#11 C:\laragon\www\dashboard\system\CodeIgniter.php(366): CodeIgniter\CodeIgniter->handleRequest(NULL, Object(Config\Cache), false)
#12 C:\laragon\www\dashboard\public\index.php(67): CodeIgniter\CodeIgniter->run()
#13 C:\laragon\www\dashboard\system\Commands\Server\rewrite.php(47): require_once('C:\\laragon\\www\\...')
#14 {main}
CRITICAL - 2024-01-04 09:45:54 --> Unknown column 'master_pkp.id' in 'where clause'
in SYSTEMPATH\Database\MySQLi\Connection.php on line 295.
 1 SYSTEMPATH\Database\MySQLi\Connection.php(295): mysqli->query('UPDATE `master_pkp` SET `tgl_ubah_dtu` = \'2024-01-04\'
WHERE `master_pkp`.`id` IN (\'PKP02f35ecf1800e65e51befdc6cccbf69ed5762b5aQNS\')', 0)
 2 SYSTEMPATH\Database\BaseConnection.php(692): CodeIgniter\Database\MySQLi\Connection->execute('UPDATE `master_pkp` SET `tgl_ubah_dtu` = \'2024-01-04\'
WHERE `master_pkp`.`id` IN (\'PKP02f35ecf1800e65e51befdc6cccbf69ed5762b5aQNS\')')
 3 SYSTEMPATH\Database\BaseConnection.php(606): CodeIgniter\Database\BaseConnection->simpleQuery('UPDATE `master_pkp` SET `tgl_ubah_dtu` = \'2024-01-04\'
WHERE `master_pkp`.`id` IN (\'PKP02f35ecf1800e65e51befdc6cccbf69ed5762b5aQNS\')')
 4 SYSTEMPATH\Database\BaseBuilder.php(2476): CodeIgniter\Database\BaseConnection->query('UPDATE `master_pkp` SET `tgl_ubah_dtu` = :tgl_ubah_dtu:
WHERE `master_pkp`.`id` IN :master_pkp.id:', [...], false)
 5 SYSTEMPATH\Model.php(396): CodeIgniter\Database\BaseBuilder->update()
 6 SYSTEMPATH\BaseModel.php(943): CodeIgniter\Model->doUpdate([...], [...])
 7 SYSTEMPATH\Model.php(756): CodeIgniter\BaseModel->update([...], [...])
 8 APPPATH\Models\ProyekModel.php(586): CodeIgniter\Model->update('PKP02f35ecf1800e65e51befdc6cccbf69ed5762b5aQNS', [...])
 9 APPPATH\Controllers\Proyek.php(1919): App\Models\ProyekModel->simpandatadtu('PKP02f35ecf1800e65e51befdc6cccbf69ed5762b5aQNS', null)
10 SYSTEMPATH\CodeIgniter.php(932): App\Controllers\Proyek->dtutambah()
11 SYSTEMPATH\CodeIgniter.php(497): CodeIgniter\CodeIgniter->runController(Object(App\Controllers\Proyek))
12 SYSTEMPATH\CodeIgniter.php(366): CodeIgniter\CodeIgniter->handleRequest(null, Object(Config\Cache), false)
13 FCPATH\index.php(67): CodeIgniter\CodeIgniter->run()
14 SYSTEMPATH\Commands\Server\rewrite.php(47): require_once('C:\\laragon\\www\\dashboard\\public\\index.php')
INFO - 2024-01-04 02:46:14 --> Session: Class initialized using 'CodeIgniter\Session\Handlers\FileHandler' driver.
INFO - 2024-01-04 02:46:15 --> Session: Class initialized using 'CodeIgniter\Session\Handlers\FileHandler' driver.
INFO - 2024-01-04 02:46:23 --> Session: Class initialized using 'CodeIgniter\Session\Handlers\FileHandler' driver.
INFO - 2024-01-04 02:46:23 --> Session: Class initialized using 'CodeIgniter\Session\Handlers\FileHandler' driver.
INFO - 2024-01-04 02:47:17 --> Session: Class initialized using 'CodeIgniter\Session\Handlers\FileHandler' driver.
INFO - 2024-01-04 02:47:23 --> Session: Class initialized using 'CodeIgniter\Session\Handlers\FileHandler' driver.
INFO - 2024-01-04 02:47:24 --> Session: Class initialized using 'CodeIgniter\Session\Handlers\FileHandler' driver.
INFO - 2024-01-04 02:51:08 --> Session: Class initialized using 'CodeIgniter\Session\Handlers\FileHandler' driver.
INFO - 2024-01-04 02:51:19 --> Session: Class initialized using 'CodeIgniter\Session\Handlers\FileHandler' driver.
CRITICAL - 2024-01-04 02:51:19 --> Undefined variable $id_instansi
in APPPATH\Controllers\Proyek.php on line 1924.
 1 APPPATH\Controllers\Proyek.php(1924): CodeIgniter\Debug\Exceptions->errorHandler(2, 'Undefined variable $id_instansi', 'C:\\laragon\\www\\dashboard\\app\\Controllers\\Proyek.php', 1924)
 2 SYSTEMPATH\CodeIgniter.php(932): App\Controllers\Proyek->dtutambah()
 3 SYSTEMPATH\CodeIgniter.php(497): CodeIgniter\CodeIgniter->runController(Object(App\Controllers\Proyek))
 4 SYSTEMPATH\CodeIgniter.php(366): CodeIgniter\CodeIgniter->handleRequest(null, Object(Config\Cache), false)
 5 FCPATH\index.php(67): CodeIgniter\CodeIgniter->run()
 6 SYSTEMPATH\Commands\Server\rewrite.php(47): require_once('C:\\laragon\\www\\dashboard\\public\\index.php')
INFO - 2024-01-04 02:53:23 --> Session: Class initialized using 'CodeIgniter\Session\Handlers\FileHandler' driver.
INFO - 2024-01-04 02:53:24 --> Session: Class initialized using 'CodeIgniter\Session\Handlers\FileHandler' driver.
INFO - 2024-01-04 02:53:31 --> Session: Class initialized using 'CodeIgniter\Session\Handlers\FileHandler' driver.
CRITICAL - 2024-01-04 02:53:31 --> Call to a member function getSize() on null
in APPPATH\Controllers\Proyek.php on line 1943.
 1 SYSTEMPATH\CodeIgniter.php(932): App\Controllers\Proyek->dtutambah()
 2 SYSTEMPATH\CodeIgniter.php(497): CodeIgniter\CodeIgniter->runController(Object(App\Controllers\Proyek))
 3 SYSTEMPATH\CodeIgniter.php(366): CodeIgniter\CodeIgniter->handleRequest(null, Object(Config\Cache), false)
 4 FCPATH\index.php(67): CodeIgniter\CodeIgniter->run()
 5 SYSTEMPATH\Commands\Server\rewrite.php(47): require_once('C:\\laragon\\www\\dashboard\\public\\index.php')
INFO - 2024-01-04 02:53:49 --> Session: Class initialized using 'CodeIgniter\Session\Handlers\FileHandler' driver.
INFO - 2024-01-04 02:53:50 --> Session: Class initialized using 'CodeIgniter\Session\Handlers\FileHandler' driver.
INFO - 2024-01-04 02:53:56 --> Session: Class initialized using 'CodeIgniter\Session\Handlers\FileHandler' driver.
CRITICAL - 2024-01-04 02:53:56 --> Call to a member function getSize() on null
in APPPATH\Controllers\Proyek.php on line 1943.
 1 SYSTEMPATH\CodeIgniter.php(932): App\Controllers\Proyek->dtutambah()
 2 SYSTEMPATH\CodeIgniter.php(497): CodeIgniter\CodeIgniter->runController(Object(App\Controllers\Proyek))
 3 SYSTEMPATH\CodeIgniter.php(366): CodeIgniter\CodeIgniter->handleRequest(null, Object(Config\Cache), false)
 4 FCPATH\index.php(67): CodeIgniter\CodeIgniter->run()
 5 SYSTEMPATH\Commands\Server\rewrite.php(47): require_once('C:\\laragon\\www\\dashboard\\public\\index.php')
INFO - 2024-01-04 02:55:08 --> Session: Class initialized using 'CodeIgniter\Session\Handlers\FileHandler' driver.
INFO - 2024-01-04 02:55:09 --> Session: Class initialized using 'CodeIgniter\Session\Handlers\FileHandler' driver.
INFO - 2024-01-04 02:55:18 --> Session: Class initialized using 'CodeIgniter\Session\Handlers\FileHandler' driver.
CRITICAL - 2024-01-04 02:55:18 --> Call to a member function getSize() on null
in APPPATH\Controllers\Proyek.php on line 1943.
 1 SYSTEMPATH\CodeIgniter.php(932): App\Controllers\Proyek->dtutambah()
 2 SYSTEMPATH\CodeIgniter.php(497): CodeIgniter\CodeIgniter->runController(Object(App\Controllers\Proyek))
 3 SYSTEMPATH\CodeIgniter.php(366): CodeIgniter\CodeIgniter->handleRequest(null, Object(Config\Cache), false)
 4 FCPATH\index.php(67): CodeIgniter\CodeIgniter->run()
 5 SYSTEMPATH\Commands\Server\rewrite.php(47): require_once('C:\\laragon\\www\\dashboard\\public\\index.php')
INFO - 2024-01-04 02:57:12 --> Session: Class initialized using 'CodeIgniter\Session\Handlers\FileHandler' driver.
INFO - 2024-01-04 02:57:14 --> Session: Class initialized using 'CodeIgniter\Session\Handlers\FileHandler' driver.
INFO - 2024-01-04 02:57:25 --> Session: Class initialized using 'CodeIgniter\Session\Handlers\FileHandler' driver.
INFO - 2024-01-04 02:57:33 --> Session: Class initialized using 'CodeIgniter\Session\Handlers\FileHandler' driver.
CRITICAL - 2024-01-04 02:57:33 --> Call to a member function getSize() on null
in APPPATH\Controllers\Proyek.php on line 1943.
 1 SYSTEMPATH\CodeIgniter.php(932): App\Controllers\Proyek->dtutambah()
 2 SYSTEMPATH\CodeIgniter.php(497): CodeIgniter\CodeIgniter->runController(Object(App\Controllers\Proyek))
 3 SYSTEMPATH\CodeIgniter.php(366): CodeIgniter\CodeIgniter->handleRequest(null, Object(Config\Cache), false)
 4 FCPATH\index.php(67): CodeIgniter\CodeIgniter->run()
 5 SYSTEMPATH\Commands\Server\rewrite.php(47): require_once('C:\\laragon\\www\\dashboard\\public\\index.php')
INFO - 2024-01-04 02:58:00 --> Session: Class initialized using 'CodeIgniter\Session\Handlers\FileHandler' driver.
INFO - 2024-01-04 02:58:01 --> Session: Class initialized using 'CodeIgniter\Session\Handlers\FileHandler' driver.
INFO - 2024-01-04 02:58:07 --> Session: Class initialized using 'CodeIgniter\Session\Handlers\FileHandler' driver.
INFO - 2024-01-04 02:58:09 --> Session: Class initialized using 'CodeIgniter\Session\Handlers\FileHandler' driver.
INFO - 2024-01-04 02:58:12 --> Session: Class initialized using 'CodeIgniter\Session\Handlers\FileHandler' driver.
INFO - 2024-01-04 02:59:38 --> Session: Class initialized using 'CodeIgniter\Session\Handlers\FileHandler' driver.
INFO - 2024-01-04 02:59:43 --> Session: Class initialized using 'CodeIgniter\Session\Handlers\FileHandler' driver.
INFO - 2024-01-04 02:59:43 --> Session: Class initialized using 'CodeIgniter\Session\Handlers\FileHandler' driver.
INFO - 2024-01-04 03:03:31 --> Session: Class initialized using 'CodeIgniter\Session\Handlers\FileHandler' driver.
INFO - 2024-01-04 03:03:57 --> Session: Class initialized using 'CodeIgniter\Session\Handlers\FileHandler' driver.
INFO - 2024-01-04 03:04:04 --> Session: Class initialized using 'CodeIgniter\Session\Handlers\FileHandler' driver.
INFO - 2024-01-04 03:04:04 --> Session: Class initialized using 'CodeIgniter\Session\Handlers\FileHandler' driver.
INFO - 2024-01-04 03:10:12 --> Session: Class initialized using 'CodeIgniter\Session\Handlers\FileHandler' driver.
INFO - 2024-01-04 03:10:22 --> Session: Class initialized using 'CodeIgniter\Session\Handlers\FileHandler' driver.
INFO - 2024-01-04 03:10:23 --> Session: Class initialized using 'CodeIgniter\Session\Handlers\FileHandler' driver.
