INFO - 2023-12-20 01:52:37 --> Session: Class initialized using 'CodeIgniter\Session\Handlers\FileHandler' driver.
CRITICAL - 2023-12-20 08:52:37 --> Attempt to read property "kategori_user" on null
in APPPATH\Controllers\Dashboard.php on line 33.
 1 APPPATH\Controllers\Dashboard.php(33): CodeIgniter\Debug\Exceptions->errorHandler(2, 'Attempt to read property "kategori_user" on null', 'C:\\laragon\\www\\dashboard\\app\\Controllers\\Dashboard.php', 33)
 2 SYSTEMPATH\CodeIgniter.php(932): App\Controllers\Dashboard->index()
 3 SYSTEMPATH\CodeIgniter.php(497): CodeIgniter\CodeIgniter->runController(Object(App\Controllers\Dashboard))
 4 SYSTEMPATH\CodeIgniter.php(366): CodeIgniter\CodeIgniter->handleRequest(null, Object(Config\Cache), false)
 5 FCPATH\index.php(67): CodeIgniter\CodeIgniter->run()
 6 SYSTEMPATH\Commands\Server\rewrite.php(47): require_once('C:\\laragon\\www\\dashboard\\public\\index.php')
INFO - 2023-12-20 01:52:45 --> Session: Class initialized using 'CodeIgniter\Session\Handlers\FileHandler' driver.
INFO - 2023-12-20 01:52:54 --> Session: Class initialized using 'CodeIgniter\Session\Handlers\FileHandler' driver.
INFO - 2023-12-20 01:52:59 --> Session: Class initialized using 'CodeIgniter\Session\Handlers\FileHandler' driver.
INFO - 2023-12-20 01:53:03 --> Session: Class initialized using 'CodeIgniter\Session\Handlers\FileHandler' driver.
INFO - 2023-12-20 01:53:05 --> Session: Class initialized using 'CodeIgniter\Session\Handlers\FileHandler' driver.
INFO - 2023-12-20 01:53:06 --> Session: Class initialized using 'CodeIgniter\Session\Handlers\FileHandler' driver.
INFO - 2023-12-20 01:53:08 --> Session: Class initialized using 'CodeIgniter\Session\Handlers\FileHandler' driver.
INFO - 2023-12-20 01:53:10 --> Session: Class initialized using 'CodeIgniter\Session\Handlers\FileHandler' driver.
INFO - 2023-12-20 01:53:12 --> Session: Class initialized using 'CodeIgniter\Session\Handlers\FileHandler' driver.
INFO - 2023-12-20 01:53:14 --> Session: Class initialized using 'CodeIgniter\Session\Handlers\FileHandler' driver.
INFO - 2023-12-20 01:53:16 --> Session: Class initialized using 'CodeIgniter\Session\Handlers\FileHandler' driver.
INFO - 2023-12-20 01:53:18 --> Session: Class initialized using 'CodeIgniter\Session\Handlers\FileHandler' driver.
INFO - 2023-12-20 01:53:19 --> Session: Class initialized using 'CodeIgniter\Session\Handlers\FileHandler' driver.
INFO - 2023-12-20 01:53:21 --> Session: Class initialized using 'CodeIgniter\Session\Handlers\FileHandler' driver.
INFO - 2023-12-20 01:53:23 --> Session: Class initialized using 'CodeIgniter\Session\Handlers\FileHandler' driver.
INFO - 2023-12-20 01:53:26 --> Session: Class initialized using 'CodeIgniter\Session\Handlers\FileHandler' driver.
INFO - 2023-12-20 01:53:28 --> Session: Class initialized using 'CodeIgniter\Session\Handlers\FileHandler' driver.
INFO - 2023-12-20 01:53:31 --> Session: Class initialized using 'CodeIgniter\Session\Handlers\FileHandler' driver.
INFO - 2023-12-20 01:53:33 --> Session: Class initialized using 'CodeIgniter\Session\Handlers\FileHandler' driver.
CRITICAL - 2023-12-20 01:53:33 --> Call to undefined method App\Models\ProyekModel::getAllPKPKtl1
in SYSTEMPATH\Model.php on line 838.
 1 APPPATH\Controllers\Proyek.php(101): CodeIgniter\Model->__call('getAllPKPKtl1', [])
 2 SYSTEMPATH\CodeIgniter.php(932): App\Controllers\Proyek->gedung2()
 3 SYSTEMPATH\CodeIgniter.php(497): CodeIgniter\CodeIgniter->runController(Object(App\Controllers\Proyek))
 4 SYSTEMPATH\CodeIgniter.php(366): CodeIgniter\CodeIgniter->handleRequest(null, Object(Config\Cache), false)
 5 FCPATH\index.php(67): CodeIgniter\CodeIgniter->run()
 6 SYSTEMPATH\Commands\Server\rewrite.php(47): require_once('C:\\laragon\\www\\dashboard\\public\\index.php')
INFO - 2023-12-20 01:54:51 --> Session: Class initialized using 'CodeIgniter\Session\Handlers\FileHandler' driver.
INFO - 2023-12-20 01:54:57 --> Session: Class initialized using 'CodeIgniter\Session\Handlers\FileHandler' driver.
INFO - 2023-12-20 02:02:01 --> Session: Class initialized using 'CodeIgniter\Session\Handlers\FileHandler' driver.
INFO - 2023-12-20 02:02:11 --> Session: Class initialized using 'CodeIgniter\Session\Handlers\FileHandler' driver.
CRITICAL - 2023-12-20 02:02:11 --> Undefined variable $kategori
in APPPATH\Views\data\index.php on line 30.
 1 APPPATH\Views\data\index.php(30): CodeIgniter\Debug\Exceptions->errorHandler(2, 'Undefined variable $kategori', 'C:\\laragon\\www\\dashboard\\app\\Views\\data\\index.php', 30)
 2 SYSTEMPATH\View\View.php(224): include('C:\\laragon\\www\\dashboard\\app\\Views\\data\\index.php')
 3 SYSTEMPATH\View\View.php(227): CodeIgniter\View\View->CodeIgniter\View\{closure}()
 4 SYSTEMPATH\Common.php(1180): CodeIgniter\View\View->render('data/index', [], true)
 5 APPPATH\Controllers\Data.php(13): view('data/index', [...])
 6 SYSTEMPATH\CodeIgniter.php(932): App\Controllers\Data->index()
 7 SYSTEMPATH\CodeIgniter.php(497): CodeIgniter\CodeIgniter->runController(Object(App\Controllers\Data))
 8 SYSTEMPATH\CodeIgniter.php(366): CodeIgniter\CodeIgniter->handleRequest(null, Object(Config\Cache), false)
 9 FCPATH\index.php(67): CodeIgniter\CodeIgniter->run()
10 SYSTEMPATH\Commands\Server\rewrite.php(47): require_once('C:\\laragon\\www\\dashboard\\public\\index.php')
CRITICAL - 2023-12-20 02:03:18 --> Class "App\Controllers\LoginModel" not found
in APPPATH\Controllers\Data.php on line 13.
 1 SYSTEMPATH\CodeIgniter.php(904): App\Controllers\Data->__construct()
 2 SYSTEMPATH\CodeIgniter.php(488): CodeIgniter\CodeIgniter->createController()
 3 SYSTEMPATH\CodeIgniter.php(366): CodeIgniter\CodeIgniter->handleRequest(null, Object(Config\Cache), false)
 4 FCPATH\index.php(67): CodeIgniter\CodeIgniter->run()
 5 SYSTEMPATH\Commands\Server\rewrite.php(47): require_once('C:\\laragon\\www\\dashboard\\public\\index.php')
CRITICAL - 2023-12-20 02:03:50 --> Class "App\Controllers\ProyekModel" not found
in APPPATH\Controllers\Data.php on line 16.
 1 SYSTEMPATH\CodeIgniter.php(904): App\Controllers\Data->__construct()
 2 SYSTEMPATH\CodeIgniter.php(488): CodeIgniter\CodeIgniter->createController()
 3 SYSTEMPATH\CodeIgniter.php(366): CodeIgniter\CodeIgniter->handleRequest(null, Object(Config\Cache), false)
 4 FCPATH\index.php(67): CodeIgniter\CodeIgniter->run()
 5 SYSTEMPATH\Commands\Server\rewrite.php(47): require_once('C:\\laragon\\www\\dashboard\\public\\index.php')
CRITICAL - 2023-12-20 02:03:51 --> Class "App\Controllers\ProyekModel" not found
in APPPATH\Controllers\Data.php on line 16.
 1 SYSTEMPATH\CodeIgniter.php(904): App\Controllers\Data->__construct()
 2 SYSTEMPATH\CodeIgniter.php(488): CodeIgniter\CodeIgniter->createController()
 3 SYSTEMPATH\CodeIgniter.php(366): CodeIgniter\CodeIgniter->handleRequest(null, Object(Config\Cache), false)
 4 FCPATH\index.php(67): CodeIgniter\CodeIgniter->run()
 5 SYSTEMPATH\Commands\Server\rewrite.php(47): require_once('C:\\laragon\\www\\dashboard\\public\\index.php')
INFO - 2023-12-20 02:04:08 --> Session: Class initialized using 'CodeIgniter\Session\Handlers\FileHandler' driver.
CRITICAL - 2023-12-20 02:04:08 --> Undefined variable $kategoriQNS
in APPPATH\Controllers\Data.php on line 22.
 1 APPPATH\Controllers\Data.php(22): CodeIgniter\Debug\Exceptions->errorHandler(2, 'Undefined variable $kategoriQNS', 'C:\\laragon\\www\\dashboard\\app\\Controllers\\Data.php', 22)
 2 SYSTEMPATH\CodeIgniter.php(932): App\Controllers\Data->index()
 3 SYSTEMPATH\CodeIgniter.php(497): CodeIgniter\CodeIgniter->runController(Object(App\Controllers\Data))
 4 SYSTEMPATH\CodeIgniter.php(366): CodeIgniter\CodeIgniter->handleRequest(null, Object(Config\Cache), false)
 5 FCPATH\index.php(67): CodeIgniter\CodeIgniter->run()
 6 SYSTEMPATH\Commands\Server\rewrite.php(47): require_once('C:\\laragon\\www\\dashboard\\public\\index.php')
INFO - 2023-12-20 02:04:32 --> Session: Class initialized using 'CodeIgniter\Session\Handlers\FileHandler' driver.
INFO - 2023-12-20 02:19:59 --> Session: Class initialized using 'CodeIgniter\Session\Handlers\FileHandler' driver.
INFO - 2023-12-20 02:20:18 --> Session: Class initialized using 'CodeIgniter\Session\Handlers\FileHandler' driver.
INFO - 2023-12-20 02:20:31 --> Session: Class initialized using 'CodeIgniter\Session\Handlers\FileHandler' driver.
CRITICAL - 2023-12-20 02:20:31 --> Call to undefined method CodeIgniter\Database\MySQLi\Connection::orderBy()
in APPPATH\Controllers\Data.php on line 45.
 1 SYSTEMPATH\CodeIgniter.php(932): App\Controllers\Data->hcm()
 2 SYSTEMPATH\CodeIgniter.php(497): CodeIgniter\CodeIgniter->runController(Object(App\Controllers\Data))
 3 SYSTEMPATH\CodeIgniter.php(366): CodeIgniter\CodeIgniter->handleRequest(null, Object(Config\Cache), false)
 4 FCPATH\index.php(67): CodeIgniter\CodeIgniter->run()
 5 SYSTEMPATH\Commands\Server\rewrite.php(47): require_once('C:\\laragon\\www\\dashboard\\public\\index.php')
INFO - 2023-12-20 02:21:24 --> Session: Class initialized using 'CodeIgniter\Session\Handlers\FileHandler' driver.
CRITICAL - 2023-12-20 02:21:24 --> Call to undefined method CodeIgniter\Database\MySQLi\Builder::getResult()
in APPPATH\Controllers\Data.php on line 45.
 1 SYSTEMPATH\CodeIgniter.php(932): App\Controllers\Data->hcm()
 2 SYSTEMPATH\CodeIgniter.php(497): CodeIgniter\CodeIgniter->runController(Object(App\Controllers\Data))
 3 SYSTEMPATH\CodeIgniter.php(366): CodeIgniter\CodeIgniter->handleRequest(null, Object(Config\Cache), false)
 4 FCPATH\index.php(67): CodeIgniter\CodeIgniter->run()
 5 SYSTEMPATH\Commands\Server\rewrite.php(47): require_once('C:\\laragon\\www\\dashboard\\public\\index.php')
INFO - 2023-12-20 02:22:47 --> Session: Class initialized using 'CodeIgniter\Session\Handlers\FileHandler' driver.
CRITICAL - 2023-12-20 02:22:47 --> Undefined variable $kategoriQNS
in APPPATH\Views\data\hcm\index.php on line 17.
 1 APPPATH\Views\data\hcm\index.php(17): CodeIgniter\Debug\Exceptions->errorHandler(2, 'Undefined variable $kategoriQNS', 'C:\\laragon\\www\\dashboard\\app\\Views\\data\\hcm\\index.php', 17)
 2 SYSTEMPATH\View\View.php(224): include('C:\\laragon\\www\\dashboard\\app\\Views\\data\\hcm\\index.php')
 3 SYSTEMPATH\View\View.php(227): CodeIgniter\View\View->CodeIgniter\View\{closure}()
 4 SYSTEMPATH\Common.php(1180): CodeIgniter\View\View->render('data/hcm/index', [], true)
 5 APPPATH\Controllers\Data.php(51): view('data/hcm/index', [...])
 6 SYSTEMPATH\CodeIgniter.php(932): App\Controllers\Data->hcm()
 7 SYSTEMPATH\CodeIgniter.php(497): CodeIgniter\CodeIgniter->runController(Object(App\Controllers\Data))
 8 SYSTEMPATH\CodeIgniter.php(366): CodeIgniter\CodeIgniter->handleRequest(null, Object(Config\Cache), false)
 9 FCPATH\index.php(67): CodeIgniter\CodeIgniter->run()
10 SYSTEMPATH\Commands\Server\rewrite.php(47): require_once('C:\\laragon\\www\\dashboard\\public\\index.php')
INFO - 2023-12-20 02:23:02 --> Session: Class initialized using 'CodeIgniter\Session\Handlers\FileHandler' driver.
CRITICAL - 2023-12-20 02:23:03 --> Undefined property: CodeIgniter\View\View::$security
in APPPATH\Views\data\hcm\index.php on line 414.
 1 APPPATH\Views\data\hcm\index.php(414): CodeIgniter\Debug\Exceptions->errorHandler(2, 'Undefined property: CodeIgniter\\View\\View::$security', 'C:\\laragon\\www\\dashboard\\app\\Views\\data\\hcm\\index.php', 414)
 2 SYSTEMPATH\View\View.php(224): include('C:\\laragon\\www\\dashboard\\app\\Views\\data\\hcm\\index.php')
 3 SYSTEMPATH\View\View.php(227): CodeIgniter\View\View->CodeIgniter\View\{closure}()
 4 SYSTEMPATH\Common.php(1180): CodeIgniter\View\View->render('data/hcm/index', [], true)
 5 APPPATH\Controllers\Data.php(51): view('data/hcm/index', [...])
 6 SYSTEMPATH\CodeIgniter.php(932): App\Controllers\Data->hcm()
 7 SYSTEMPATH\CodeIgniter.php(497): CodeIgniter\CodeIgniter->runController(Object(App\Controllers\Data))
 8 SYSTEMPATH\CodeIgniter.php(366): CodeIgniter\CodeIgniter->handleRequest(null, Object(Config\Cache), false)
 9 FCPATH\index.php(67): CodeIgniter\CodeIgniter->run()
10 SYSTEMPATH\Commands\Server\rewrite.php(47): require_once('C:\\laragon\\www\\dashboard\\public\\index.php')
INFO - 2023-12-20 02:23:26 --> Session: Class initialized using 'CodeIgniter\Session\Handlers\FileHandler' driver.
INFO - 2023-12-20 02:49:26 --> Session: Class initialized using 'CodeIgniter\Session\Handlers\FileHandler' driver.
CRITICAL - 2023-12-20 02:49:26 --> Undefined property: App\Controllers\Data::$hcm
in APPPATH\Controllers\Data.php on line 59.
 1 APPPATH\Controllers\Data.php(59): CodeIgniter\Debug\Exceptions->errorHandler(2, 'Undefined property: App\\Controllers\\Data::$hcm', 'C:\\laragon\\www\\dashboard\\app\\Controllers\\Data.php', 59)
 2 SYSTEMPATH\CodeIgniter.php(932): App\Controllers\Data->hcm()
 3 SYSTEMPATH\CodeIgniter.php(497): CodeIgniter\CodeIgniter->runController(Object(App\Controllers\Data))
 4 SYSTEMPATH\CodeIgniter.php(366): CodeIgniter\CodeIgniter->handleRequest(null, Object(Config\Cache), false)
 5 FCPATH\index.php(67): CodeIgniter\CodeIgniter->run()
 6 SYSTEMPATH\Commands\Server\rewrite.php(47): require_once('C:\\laragon\\www\\dashboard\\public\\index.php')
CRITICAL - 2023-12-20 02:53:38 --> Class "App\Models\HCMModel" not found
in APPPATH\Controllers\Data.php on line 17.
 1 SYSTEMPATH\CodeIgniter.php(904): App\Controllers\Data->__construct()
 2 SYSTEMPATH\CodeIgniter.php(488): CodeIgniter\CodeIgniter->createController()
 3 SYSTEMPATH\CodeIgniter.php(366): CodeIgniter\CodeIgniter->handleRequest(null, Object(Config\Cache), false)
 4 FCPATH\index.php(67): CodeIgniter\CodeIgniter->run()
 5 SYSTEMPATH\Commands\Server\rewrite.php(47): require_once('C:\\laragon\\www\\dashboard\\public\\index.php')
INFO - 2023-12-20 02:54:03 --> Session: Class initialized using 'CodeIgniter\Session\Handlers\FileHandler' driver.
INFO - 2023-12-20 02:54:16 --> Session: Class initialized using 'CodeIgniter\Session\Handlers\FileHandler' driver.
INFO - 2023-12-20 02:54:22 --> Session: Class initialized using 'CodeIgniter\Session\Handlers\FileHandler' driver.
INFO - 2023-12-20 02:54:49 --> Session: Class initialized using 'CodeIgniter\Session\Handlers\FileHandler' driver.
INFO - 2023-12-20 02:54:55 --> Session: Class initialized using 'CodeIgniter\Session\Handlers\FileHandler' driver.
INFO - 2023-12-20 02:55:01 --> Session: Class initialized using 'CodeIgniter\Session\Handlers\FileHandler' driver.
INFO - 2023-12-20 02:55:33 --> Session: Class initialized using 'CodeIgniter\Session\Handlers\FileHandler' driver.
INFO - 2023-12-20 03:03:50 --> Session: Class initialized using 'CodeIgniter\Session\Handlers\FileHandler' driver.
CRITICAL - 2023-12-20 03:03:50 --> Unclosed '{' on line 83
in APPPATH\Views\data\hcm\index.php on line 375.
 1 SYSTEMPATH\View\View.php(227): CodeIgniter\View\View->CodeIgniter\View\{closure}()
 2 SYSTEMPATH\Common.php(1180): CodeIgniter\View\View->render('data/hcm/index', [], true)
 3 APPPATH\Controllers\Data.php(69): view('data/hcm/index', [...])
 4 SYSTEMPATH\CodeIgniter.php(932): App\Controllers\Data->hcm()
 5 SYSTEMPATH\CodeIgniter.php(497): CodeIgniter\CodeIgniter->runController(Object(App\Controllers\Data))
 6 SYSTEMPATH\CodeIgniter.php(366): CodeIgniter\CodeIgniter->handleRequest(null, Object(Config\Cache), false)
 7 FCPATH\index.php(67): CodeIgniter\CodeIgniter->run()
 8 SYSTEMPATH\Commands\Server\rewrite.php(47): require_once('C:\\laragon\\www\\dashboard\\public\\index.php')
INFO - 2023-12-20 03:05:09 --> Session: Class initialized using 'CodeIgniter\Session\Handlers\FileHandler' driver.
CRITICAL - 2023-12-20 03:05:09 --> Undefined variable $r
in APPPATH\Views\data\hcm\index.php on line 72.
 1 APPPATH\Views\data\hcm\index.php(72): CodeIgniter\Debug\Exceptions->errorHandler(2, 'Undefined variable $r', 'C:\\laragon\\www\\dashboard\\app\\Views\\data\\hcm\\index.php', 72)
 2 SYSTEMPATH\View\View.php(224): include('C:\\laragon\\www\\dashboard\\app\\Views\\data\\hcm\\index.php')
 3 SYSTEMPATH\View\View.php(227): CodeIgniter\View\View->CodeIgniter\View\{closure}()
 4 SYSTEMPATH\Common.php(1180): CodeIgniter\View\View->render('data/hcm/index', [], true)
 5 APPPATH\Controllers\Data.php(69): view('data/hcm/index', [...])
 6 SYSTEMPATH\CodeIgniter.php(932): App\Controllers\Data->hcm()
 7 SYSTEMPATH\CodeIgniter.php(497): CodeIgniter\CodeIgniter->runController(Object(App\Controllers\Data))
 8 SYSTEMPATH\CodeIgniter.php(366): CodeIgniter\CodeIgniter->handleRequest(null, Object(Config\Cache), false)
 9 FCPATH\index.php(67): CodeIgniter\CodeIgniter->run()
10 SYSTEMPATH\Commands\Server\rewrite.php(47): require_once('C:\\laragon\\www\\dashboard\\public\\index.php')
INFO - 2023-12-20 03:05:32 --> Session: Class initialized using 'CodeIgniter\Session\Handlers\FileHandler' driver.
CRITICAL - 2023-12-20 03:05:32 --> Undefined variable $hcm
in APPPATH\Views\data\hcm\index.php on line 72.
 1 APPPATH\Views\data\hcm\index.php(72): CodeIgniter\Debug\Exceptions->errorHandler(2, 'Undefined variable $hcm', 'C:\\laragon\\www\\dashboard\\app\\Views\\data\\hcm\\index.php', 72)
 2 SYSTEMPATH\View\View.php(224): include('C:\\laragon\\www\\dashboard\\app\\Views\\data\\hcm\\index.php')
 3 SYSTEMPATH\View\View.php(227): CodeIgniter\View\View->CodeIgniter\View\{closure}()
 4 SYSTEMPATH\Common.php(1180): CodeIgniter\View\View->render('data/hcm/index', [], true)
 5 APPPATH\Controllers\Data.php(69): view('data/hcm/index', [...])
 6 SYSTEMPATH\CodeIgniter.php(932): App\Controllers\Data->hcm()
 7 SYSTEMPATH\CodeIgniter.php(497): CodeIgniter\CodeIgniter->runController(Object(App\Controllers\Data))
 8 SYSTEMPATH\CodeIgniter.php(366): CodeIgniter\CodeIgniter->handleRequest(null, Object(Config\Cache), false)
 9 FCPATH\index.php(67): CodeIgniter\CodeIgniter->run()
10 SYSTEMPATH\Commands\Server\rewrite.php(47): require_once('C:\\laragon\\www\\dashboard\\public\\index.php')
INFO - 2023-12-20 03:05:57 --> Session: Class initialized using 'CodeIgniter\Session\Handlers\FileHandler' driver.
CRITICAL - 2023-12-20 03:05:57 --> Undefined variable $hcm
in APPPATH\Views\data\hcm\index.php on line 72.
 1 APPPATH\Views\data\hcm\index.php(72): CodeIgniter\Debug\Exceptions->errorHandler(2, 'Undefined variable $hcm', 'C:\\laragon\\www\\dashboard\\app\\Views\\data\\hcm\\index.php', 72)
 2 SYSTEMPATH\View\View.php(224): include('C:\\laragon\\www\\dashboard\\app\\Views\\data\\hcm\\index.php')
 3 SYSTEMPATH\View\View.php(227): CodeIgniter\View\View->CodeIgniter\View\{closure}()
 4 SYSTEMPATH\Common.php(1180): CodeIgniter\View\View->render('data/hcm/index', [], true)
 5 APPPATH\Controllers\Data.php(69): view('data/hcm/index', [...])
 6 SYSTEMPATH\CodeIgniter.php(932): App\Controllers\Data->hcm()
 7 SYSTEMPATH\CodeIgniter.php(497): CodeIgniter\CodeIgniter->runController(Object(App\Controllers\Data))
 8 SYSTEMPATH\CodeIgniter.php(366): CodeIgniter\CodeIgniter->handleRequest(null, Object(Config\Cache), false)
 9 FCPATH\index.php(67): CodeIgniter\CodeIgniter->run()
10 SYSTEMPATH\Commands\Server\rewrite.php(47): require_once('C:\\laragon\\www\\dashboard\\public\\index.php')
INFO - 2023-12-20 03:12:49 --> Session: Class initialized using 'CodeIgniter\Session\Handlers\FileHandler' driver.
CRITICAL - 2023-12-20 03:12:49 --> Undefined variable $hcm
in APPPATH\Views\data\hcm\index.php on line 72.
 1 APPPATH\Views\data\hcm\index.php(72): CodeIgniter\Debug\Exceptions->errorHandler(2, 'Undefined variable $hcm', 'C:\\laragon\\www\\dashboard\\app\\Views\\data\\hcm\\index.php', 72)
 2 SYSTEMPATH\View\View.php(224): include('C:\\laragon\\www\\dashboard\\app\\Views\\data\\hcm\\index.php')
 3 SYSTEMPATH\View\View.php(227): CodeIgniter\View\View->CodeIgniter\View\{closure}()
 4 SYSTEMPATH\Common.php(1180): CodeIgniter\View\View->render('data/hcm/index', [], true)
 5 APPPATH\Controllers\Data.php(69): view('data/hcm/index', [...])
 6 SYSTEMPATH\CodeIgniter.php(932): App\Controllers\Data->hcm()
 7 SYSTEMPATH\CodeIgniter.php(497): CodeIgniter\CodeIgniter->runController(Object(App\Controllers\Data))
 8 SYSTEMPATH\CodeIgniter.php(366): CodeIgniter\CodeIgniter->handleRequest(null, Object(Config\Cache), false)
 9 FCPATH\index.php(67): CodeIgniter\CodeIgniter->run()
10 SYSTEMPATH\Commands\Server\rewrite.php(47): require_once('C:\\laragon\\www\\dashboard\\public\\index.php')
INFO - 2023-12-20 03:14:30 --> Session: Class initialized using 'CodeIgniter\Session\Handlers\FileHandler' driver.
CRITICAL - 2023-12-20 03:14:31 --> Undefined variable $hcm
in APPPATH\Views\data\hcm\index.php on line 72.
 1 APPPATH\Views\data\hcm\index.php(72): CodeIgniter\Debug\Exceptions->errorHandler(2, 'Undefined variable $hcm', 'C:\\laragon\\www\\dashboard\\app\\Views\\data\\hcm\\index.php', 72)
 2 SYSTEMPATH\View\View.php(224): include('C:\\laragon\\www\\dashboard\\app\\Views\\data\\hcm\\index.php')
 3 SYSTEMPATH\View\View.php(227): CodeIgniter\View\View->CodeIgniter\View\{closure}()
 4 SYSTEMPATH\Common.php(1180): CodeIgniter\View\View->render('data/hcm/index', [], true)
 5 APPPATH\Controllers\Data.php(69): view('data/hcm/index', [...])
 6 SYSTEMPATH\CodeIgniter.php(932): App\Controllers\Data->hcm()
 7 SYSTEMPATH\CodeIgniter.php(497): CodeIgniter\CodeIgniter->runController(Object(App\Controllers\Data))
 8 SYSTEMPATH\CodeIgniter.php(366): CodeIgniter\CodeIgniter->handleRequest(null, Object(Config\Cache), false)
 9 FCPATH\index.php(67): CodeIgniter\CodeIgniter->run()
10 SYSTEMPATH\Commands\Server\rewrite.php(47): require_once('C:\\laragon\\www\\dashboard\\public\\index.php')
INFO - 2023-12-20 03:16:38 --> Session: Class initialized using 'CodeIgniter\Session\Handlers\FileHandler' driver.
CRITICAL - 2023-12-20 03:16:38 --> Undefined variable $hcm
in APPPATH\Views\data\hcm\index.php on line 72.
 1 APPPATH\Views\data\hcm\index.php(72): CodeIgniter\Debug\Exceptions->errorHandler(2, 'Undefined variable $hcm', 'C:\\laragon\\www\\dashboard\\app\\Views\\data\\hcm\\index.php', 72)
 2 SYSTEMPATH\View\View.php(224): include('C:\\laragon\\www\\dashboard\\app\\Views\\data\\hcm\\index.php')
 3 SYSTEMPATH\View\View.php(227): CodeIgniter\View\View->CodeIgniter\View\{closure}()
 4 SYSTEMPATH\Common.php(1180): CodeIgniter\View\View->render('data/hcm/index', [], true)
 5 APPPATH\Controllers\Data.php(69): view('data/hcm/index', [...])
 6 SYSTEMPATH\CodeIgniter.php(932): App\Controllers\Data->hcm()
 7 SYSTEMPATH\CodeIgniter.php(497): CodeIgniter\CodeIgniter->runController(Object(App\Controllers\Data))
 8 SYSTEMPATH\CodeIgniter.php(366): CodeIgniter\CodeIgniter->handleRequest(null, Object(Config\Cache), false)
 9 FCPATH\index.php(67): CodeIgniter\CodeIgniter->run()
10 SYSTEMPATH\Commands\Server\rewrite.php(47): require_once('C:\\laragon\\www\\dashboard\\public\\index.php')
CRITICAL - 2023-12-20 03:18:59 --> Unmatched '}'
in APPPATH\Controllers\Data.php on line 71.
 1 SYSTEMPATH\Autoloader\Autoloader.php(289): CodeIgniter\Autoloader\Autoloader->includeFile('C:\\laragon\\www\\dashboard\\app\\Controllers\\Data.php')
 2 SYSTEMPATH\Autoloader\Autoloader.php(267): CodeIgniter\Autoloader\Autoloader->loadInNamespace('App\\Controllers\\Data')
 3 [internal function]: CodeIgniter\Autoloader\Autoloader->loadClass('App\\Controllers\\Data')
 4 SYSTEMPATH\CodeIgniter.php(890): class_exists('\\App\\Controllers\\Data', true)
 5 SYSTEMPATH\CodeIgniter.php(484): CodeIgniter\CodeIgniter->startController()
 6 SYSTEMPATH\CodeIgniter.php(366): CodeIgniter\CodeIgniter->handleRequest(null, Object(Config\Cache), false)
 7 FCPATH\index.php(67): CodeIgniter\CodeIgniter->run()
 8 SYSTEMPATH\Commands\Server\rewrite.php(47): require_once('C:\\laragon\\www\\dashboard\\public\\index.php')
INFO - 2023-12-20 03:19:06 --> Session: Class initialized using 'CodeIgniter\Session\Handlers\FileHandler' driver.
CRITICAL - 2023-12-20 03:19:06 --> foreach() argument must be of type array|object, string given
in APPPATH\Views\data\hcm\index.php on line 72.
 1 APPPATH\Views\data\hcm\index.php(72): CodeIgniter\Debug\Exceptions->errorHandler(2, 'foreach() argument must be of type array|object, string given', 'C:\\laragon\\www\\dashboard\\app\\Views\\data\\hcm\\index.php', 72)
 2 SYSTEMPATH\View\View.php(224): include('C:\\laragon\\www\\dashboard\\app\\Views\\data\\hcm\\index.php')
 3 SYSTEMPATH\View\View.php(227): CodeIgniter\View\View->CodeIgniter\View\{closure}()
 4 SYSTEMPATH\Common.php(1180): CodeIgniter\View\View->render('data/hcm/index', [], true)
 5 APPPATH\Controllers\Data.php(68): view('data/hcm/index', [...])
 6 SYSTEMPATH\CodeIgniter.php(932): App\Controllers\Data->hcm()
 7 SYSTEMPATH\CodeIgniter.php(497): CodeIgniter\CodeIgniter->runController(Object(App\Controllers\Data))
 8 SYSTEMPATH\CodeIgniter.php(366): CodeIgniter\CodeIgniter->handleRequest(null, Object(Config\Cache), false)
 9 FCPATH\index.php(67): CodeIgniter\CodeIgniter->run()
10 SYSTEMPATH\Commands\Server\rewrite.php(47): require_once('C:\\laragon\\www\\dashboard\\public\\index.php')
INFO - 2023-12-20 03:19:46 --> Session: Class initialized using 'CodeIgniter\Session\Handlers\FileHandler' driver.
CRITICAL - 2023-12-20 03:19:46 --> foreach() argument must be of type array|object, null given
in APPPATH\Views\data\hcm\index.php on line 72.
 1 APPPATH\Views\data\hcm\index.php(72): CodeIgniter\Debug\Exceptions->errorHandler(2, 'foreach() argument must be of type array|object, null given', 'C:\\laragon\\www\\dashboard\\app\\Views\\data\\hcm\\index.php', 72)
 2 SYSTEMPATH\View\View.php(224): include('C:\\laragon\\www\\dashboard\\app\\Views\\data\\hcm\\index.php')
 3 SYSTEMPATH\View\View.php(227): CodeIgniter\View\View->CodeIgniter\View\{closure}()
 4 SYSTEMPATH\Common.php(1180): CodeIgniter\View\View->render('data/hcm/index', [], true)
 5 APPPATH\Controllers\Data.php(76): view('data/hcm/index', [...])
 6 SYSTEMPATH\CodeIgniter.php(932): App\Controllers\Data->hcm()
 7 SYSTEMPATH\CodeIgniter.php(497): CodeIgniter\CodeIgniter->runController(Object(App\Controllers\Data))
 8 SYSTEMPATH\CodeIgniter.php(366): CodeIgniter\CodeIgniter->handleRequest(null, Object(Config\Cache), false)
 9 FCPATH\index.php(67): CodeIgniter\CodeIgniter->run()
10 SYSTEMPATH\Commands\Server\rewrite.php(47): require_once('C:\\laragon\\www\\dashboard\\public\\index.php')
INFO - 2023-12-20 03:22:26 --> Session: Class initialized using 'CodeIgniter\Session\Handlers\FileHandler' driver.
CRITICAL - 2023-12-20 03:22:27 --> foreach() argument must be of type array|object, null given
in APPPATH\Views\data\hcm\index.php on line 72.
 1 APPPATH\Views\data\hcm\index.php(72): CodeIgniter\Debug\Exceptions->errorHandler(2, 'foreach() argument must be of type array|object, null given', 'C:\\laragon\\www\\dashboard\\app\\Views\\data\\hcm\\index.php', 72)
 2 SYSTEMPATH\View\View.php(224): include('C:\\laragon\\www\\dashboard\\app\\Views\\data\\hcm\\index.php')
 3 SYSTEMPATH\View\View.php(227): CodeIgniter\View\View->CodeIgniter\View\{closure}()
 4 SYSTEMPATH\Common.php(1180): CodeIgniter\View\View->render('data/hcm/index', [], true)
 5 APPPATH\Controllers\Data.php(76): view('data/hcm/index', [...])
 6 SYSTEMPATH\CodeIgniter.php(932): App\Controllers\Data->hcm()
 7 SYSTEMPATH\CodeIgniter.php(497): CodeIgniter\CodeIgniter->runController(Object(App\Controllers\Data))
 8 SYSTEMPATH\CodeIgniter.php(366): CodeIgniter\CodeIgniter->handleRequest(null, Object(Config\Cache), false)
 9 FCPATH\index.php(67): CodeIgniter\CodeIgniter->run()
10 SYSTEMPATH\Commands\Server\rewrite.php(47): require_once('C:\\laragon\\www\\dashboard\\public\\index.php')
INFO - 2023-12-20 03:23:11 --> Session: Class initialized using 'CodeIgniter\Session\Handlers\FileHandler' driver.
CRITICAL - 2023-12-20 03:23:12 --> Undefined variable $status
in APPPATH\Views\data\hcm\index.php on line 81.
 1 APPPATH\Views\data\hcm\index.php(81): CodeIgniter\Debug\Exceptions->errorHandler(2, 'Undefined variable $status', 'C:\\laragon\\www\\dashboard\\app\\Views\\data\\hcm\\index.php', 81)
 2 SYSTEMPATH\View\View.php(224): include('C:\\laragon\\www\\dashboard\\app\\Views\\data\\hcm\\index.php')
 3 SYSTEMPATH\View\View.php(227): CodeIgniter\View\View->CodeIgniter\View\{closure}()
 4 SYSTEMPATH\Common.php(1180): CodeIgniter\View\View->render('data/hcm/index', [], true)
 5 APPPATH\Controllers\Data.php(76): view('data/hcm/index', [...])
 6 SYSTEMPATH\CodeIgniter.php(932): App\Controllers\Data->hcm()
 7 SYSTEMPATH\CodeIgniter.php(497): CodeIgniter\CodeIgniter->runController(Object(App\Controllers\Data))
 8 SYSTEMPATH\CodeIgniter.php(366): CodeIgniter\CodeIgniter->handleRequest(null, Object(Config\Cache), false)
 9 FCPATH\index.php(67): CodeIgniter\CodeIgniter->run()
10 SYSTEMPATH\Commands\Server\rewrite.php(47): require_once('C:\\laragon\\www\\dashboard\\public\\index.php')
INFO - 2023-12-20 03:23:20 --> Session: Class initialized using 'CodeIgniter\Session\Handlers\FileHandler' driver.
CRITICAL - 2023-12-20 03:23:20 --> Undefined variable $r
in APPPATH\Views\data\hcm\index.php on line 79.
 1 APPPATH\Views\data\hcm\index.php(79): CodeIgniter\Debug\Exceptions->errorHandler(2, 'Undefined variable $r', 'C:\\laragon\\www\\dashboard\\app\\Views\\data\\hcm\\index.php', 79)
 2 SYSTEMPATH\View\View.php(224): include('C:\\laragon\\www\\dashboard\\app\\Views\\data\\hcm\\index.php')
 3 SYSTEMPATH\View\View.php(227): CodeIgniter\View\View->CodeIgniter\View\{closure}()
 4 SYSTEMPATH\Common.php(1180): CodeIgniter\View\View->render('data/hcm/index', [], true)
 5 APPPATH\Controllers\Data.php(76): view('data/hcm/index', [...])
 6 SYSTEMPATH\CodeIgniter.php(932): App\Controllers\Data->hcm()
 7 SYSTEMPATH\CodeIgniter.php(497): CodeIgniter\CodeIgniter->runController(Object(App\Controllers\Data))
 8 SYSTEMPATH\CodeIgniter.php(366): CodeIgniter\CodeIgniter->handleRequest(null, Object(Config\Cache), false)
 9 FCPATH\index.php(67): CodeIgniter\CodeIgniter->run()
10 SYSTEMPATH\Commands\Server\rewrite.php(47): require_once('C:\\laragon\\www\\dashboard\\public\\index.php')
INFO - 2023-12-20 03:23:32 --> Session: Class initialized using 'CodeIgniter\Session\Handlers\FileHandler' driver.
INFO - 2023-12-20 03:24:14 --> Session: Class initialized using 'CodeIgniter\Session\Handlers\FileHandler' driver.
INFO - 2023-12-20 03:24:36 --> Session: Class initialized using 'CodeIgniter\Session\Handlers\FileHandler' driver.
INFO - 2023-12-20 03:24:37 --> Session: Class initialized using 'CodeIgniter\Session\Handlers\FileHandler' driver.
INFO - 2023-12-20 03:26:26 --> Session: Class initialized using 'CodeIgniter\Session\Handlers\FileHandler' driver.
INFO - 2023-12-20 03:27:33 --> Session: Class initialized using 'CodeIgniter\Session\Handlers\FileHandler' driver.
INFO - 2023-12-20 03:27:38 --> Session: Class initialized using 'CodeIgniter\Session\Handlers\FileHandler' driver.
INFO - 2023-12-20 03:27:40 --> Session: Class initialized using 'CodeIgniter\Session\Handlers\FileHandler' driver.
INFO - 2023-12-20 03:30:00 --> Session: Class initialized using 'CodeIgniter\Session\Handlers\FileHandler' driver.
INFO - 2023-12-20 03:32:05 --> Session: Class initialized using 'CodeIgniter\Session\Handlers\FileHandler' driver.
INFO - 2023-12-20 03:32:31 --> Session: Class initialized using 'CodeIgniter\Session\Handlers\FileHandler' driver.
INFO - 2023-12-20 03:32:33 --> Session: Class initialized using 'CodeIgniter\Session\Handlers\FileHandler' driver.
INFO - 2023-12-20 03:32:44 --> Session: Class initialized using 'CodeIgniter\Session\Handlers\FileHandler' driver.
INFO - 2023-12-20 03:33:14 --> Session: Class initialized using 'CodeIgniter\Session\Handlers\FileHandler' driver.
INFO - 2023-12-20 03:40:12 --> Session: Class initialized using 'CodeIgniter\Session\Handlers\FileHandler' driver.
CRITICAL - 2023-12-20 03:40:12 --> Undefined variable $idadmin
in APPPATH\Controllers\Data.php on line 93.
 1 APPPATH\Controllers\Data.php(93): CodeIgniter\Debug\Exceptions->errorHandler(2, 'Undefined variable $idadmin', 'C:\\laragon\\www\\dashboard\\app\\Controllers\\Data.php', 93)
 2 SYSTEMPATH\CodeIgniter.php(932): App\Controllers\Data->absensi()
 3 SYSTEMPATH\CodeIgniter.php(497): CodeIgniter\CodeIgniter->runController(Object(App\Controllers\Data))
 4 SYSTEMPATH\CodeIgniter.php(366): CodeIgniter\CodeIgniter->handleRequest(null, Object(Config\Cache), false)
 5 FCPATH\index.php(67): CodeIgniter\CodeIgniter->run()
 6 SYSTEMPATH\Commands\Server\rewrite.php(47): require_once('C:\\laragon\\www\\dashboard\\public\\index.php')
INFO - 2023-12-20 03:41:10 --> Session: Class initialized using 'CodeIgniter\Session\Handlers\FileHandler' driver.
CRITICAL - 2023-12-20 03:41:11 --> Undefined property: App\Controllers\Data::$laporan_model
in APPPATH\Controllers\Data.php on line 125.
 1 APPPATH\Controllers\Data.php(125): CodeIgniter\Debug\Exceptions->errorHandler(2, 'Undefined property: App\\Controllers\\Data::$laporan_model', 'C:\\laragon\\www\\dashboard\\app\\Controllers\\Data.php', 125)
 2 SYSTEMPATH\CodeIgniter.php(932): App\Controllers\Data->absensi()
 3 SYSTEMPATH\CodeIgniter.php(497): CodeIgniter\CodeIgniter->runController(Object(App\Controllers\Data))
 4 SYSTEMPATH\CodeIgniter.php(366): CodeIgniter\CodeIgniter->handleRequest(null, Object(Config\Cache), false)
 5 FCPATH\index.php(67): CodeIgniter\CodeIgniter->run()
 6 SYSTEMPATH\Commands\Server\rewrite.php(47): require_once('C:\\laragon\\www\\dashboard\\public\\index.php')
INFO - 2023-12-20 03:41:31 --> Session: Class initialized using 'CodeIgniter\Session\Handlers\FileHandler' driver.
CRITICAL - 2023-12-20 03:41:31 --> Invalid file: "member/laporan/absensi.php"
in SYSTEMPATH\Exceptions\FrameworkException.php on line 33.
 1 SYSTEMPATH\View\View.php(212): CodeIgniter\Exceptions\FrameworkException::forInvalidFile('member/laporan/absensi.php')
 2 SYSTEMPATH\Common.php(1180): CodeIgniter\View\View->render('member/laporan/absensi', [], true)
 3 APPPATH\Controllers\Data.php(132): view('member/laporan/absensi', [...])
 4 SYSTEMPATH\CodeIgniter.php(932): App\Controllers\Data->absensi()
 5 SYSTEMPATH\CodeIgniter.php(497): CodeIgniter\CodeIgniter->runController(Object(App\Controllers\Data))
 6 SYSTEMPATH\CodeIgniter.php(366): CodeIgniter\CodeIgniter->handleRequest(null, Object(Config\Cache), false)
 7 FCPATH\index.php(67): CodeIgniter\CodeIgniter->run()
 8 SYSTEMPATH\Commands\Server\rewrite.php(47): require_once('C:\\laragon\\www\\dashboard\\public\\index.php')
INFO - 2023-12-20 03:41:45 --> Session: Class initialized using 'CodeIgniter\Session\Handlers\FileHandler' driver.
CRITICAL - 2023-12-20 03:41:45 --> Invalid file: "hcm/absensi.php"
in SYSTEMPATH\Exceptions\FrameworkException.php on line 33.
 1 SYSTEMPATH\View\View.php(212): CodeIgniter\Exceptions\FrameworkException::forInvalidFile('hcm/absensi.php')
 2 SYSTEMPATH\Common.php(1180): CodeIgniter\View\View->render('hcm/absensi', [], true)
 3 APPPATH\Controllers\Data.php(132): view('hcm/absensi', [...])
 4 SYSTEMPATH\CodeIgniter.php(932): App\Controllers\Data->absensi()
 5 SYSTEMPATH\CodeIgniter.php(497): CodeIgniter\CodeIgniter->runController(Object(App\Controllers\Data))
 6 SYSTEMPATH\CodeIgniter.php(366): CodeIgniter\CodeIgniter->handleRequest(null, Object(Config\Cache), false)
 7 FCPATH\index.php(67): CodeIgniter\CodeIgniter->run()
 8 SYSTEMPATH\Commands\Server\rewrite.php(47): require_once('C:\\laragon\\www\\dashboard\\public\\index.php')
INFO - 2023-12-20 03:41:51 --> Session: Class initialized using 'CodeIgniter\Session\Handlers\FileHandler' driver.
CRITICAL - 2023-12-20 03:41:51 --> Invalid file: "hcm/absensi.php"
in SYSTEMPATH\Exceptions\FrameworkException.php on line 33.
 1 SYSTEMPATH\View\View.php(212): CodeIgniter\Exceptions\FrameworkException::forInvalidFile('hcm/absensi.php')
 2 SYSTEMPATH\Common.php(1180): CodeIgniter\View\View->render('hcm/absensi', [], true)
 3 APPPATH\Controllers\Data.php(132): view('hcm/absensi', [...])
 4 SYSTEMPATH\CodeIgniter.php(932): App\Controllers\Data->absensi()
 5 SYSTEMPATH\CodeIgniter.php(497): CodeIgniter\CodeIgniter->runController(Object(App\Controllers\Data))
 6 SYSTEMPATH\CodeIgniter.php(366): CodeIgniter\CodeIgniter->handleRequest(null, Object(Config\Cache), false)
 7 FCPATH\index.php(67): CodeIgniter\CodeIgniter->run()
 8 SYSTEMPATH\Commands\Server\rewrite.php(47): require_once('C:\\laragon\\www\\dashboard\\public\\index.php')
INFO - 2023-12-20 03:42:02 --> Session: Class initialized using 'CodeIgniter\Session\Handlers\FileHandler' driver.
CRITICAL - 2023-12-20 03:42:02 --> Undefined variable $option_bulan
in APPPATH\Views\data\hcm\absensi.php on line 57.
 1 APPPATH\Views\data\hcm\absensi.php(57): CodeIgniter\Debug\Exceptions->errorHandler(2, 'Undefined variable $option_bulan', 'C:\\laragon\\www\\dashboard\\app\\Views\\data\\hcm\\absensi.php', 57)
 2 SYSTEMPATH\View\View.php(224): include('C:\\laragon\\www\\dashboard\\app\\Views\\data\\hcm\\absensi.php')
 3 SYSTEMPATH\View\View.php(227): CodeIgniter\View\View->CodeIgniter\View\{closure}()
 4 SYSTEMPATH\Common.php(1180): CodeIgniter\View\View->render('data/hcm/absensi', [], true)
 5 APPPATH\Controllers\Data.php(132): view('data/hcm/absensi', [...])
 6 SYSTEMPATH\CodeIgniter.php(932): App\Controllers\Data->absensi()
 7 SYSTEMPATH\CodeIgniter.php(497): CodeIgniter\CodeIgniter->runController(Object(App\Controllers\Data))
 8 SYSTEMPATH\CodeIgniter.php(366): CodeIgniter\CodeIgniter->handleRequest(null, Object(Config\Cache), false)
 9 FCPATH\index.php(67): CodeIgniter\CodeIgniter->run()
10 SYSTEMPATH\Commands\Server\rewrite.php(47): require_once('C:\\laragon\\www\\dashboard\\public\\index.php')
CRITICAL - 2023-12-20 03:44:39 --> Class "App\Controllers\LaporanModel" not found
in APPPATH\Controllers\Data.php on line 18.
 1 SYSTEMPATH\CodeIgniter.php(904): App\Controllers\Data->__construct()
 2 SYSTEMPATH\CodeIgniter.php(488): CodeIgniter\CodeIgniter->createController()
 3 SYSTEMPATH\CodeIgniter.php(366): CodeIgniter\CodeIgniter->handleRequest(null, Object(Config\Cache), false)
 4 FCPATH\index.php(67): CodeIgniter\CodeIgniter->run()
 5 SYSTEMPATH\Commands\Server\rewrite.php(47): require_once('C:\\laragon\\www\\dashboard\\public\\index.php')
INFO - 2023-12-20 03:45:03 --> Session: Class initialized using 'CodeIgniter\Session\Handlers\FileHandler' driver.
CRITICAL - 2023-12-20 03:45:03 --> Call to undefined method CodeIgniter\Database\MySQLi\Connection::where()
in APPPATH\Models\LaporanModel.php on line 58.
 1 APPPATH\Controllers\Data.php(122): App\Models\LaporanModel->view_laporan_absensi('0', '0', '00', '00')
 2 SYSTEMPATH\CodeIgniter.php(932): App\Controllers\Data->absensi()
 3 SYSTEMPATH\CodeIgniter.php(497): CodeIgniter\CodeIgniter->runController(Object(App\Controllers\Data))
 4 SYSTEMPATH\CodeIgniter.php(366): CodeIgniter\CodeIgniter->handleRequest(null, Object(Config\Cache), false)
 5 FCPATH\index.php(67): CodeIgniter\CodeIgniter->run()
 6 SYSTEMPATH\Commands\Server\rewrite.php(47): require_once('C:\\laragon\\www\\dashboard\\public\\index.php')
INFO - 2023-12-20 03:48:24 --> Session: Class initialized using 'CodeIgniter\Session\Handlers\FileHandler' driver.
CRITICAL - 2023-12-20 03:48:24 --> Call to undefined method CodeIgniter\Database\MySQLi\Result::row()
in APPPATH\Views\data\hcm\absensi.php on line 134.
 1 SYSTEMPATH\View\View.php(224): include()
 2 SYSTEMPATH\View\View.php(227): CodeIgniter\View\View->CodeIgniter\View\{closure}()
 3 SYSTEMPATH\Common.php(1180): CodeIgniter\View\View->render('data/hcm/absensi', [], true)
 4 APPPATH\Controllers\Data.php(134): view('data/hcm/absensi', [...])
 5 SYSTEMPATH\CodeIgniter.php(932): App\Controllers\Data->absensi()
 6 SYSTEMPATH\CodeIgniter.php(497): CodeIgniter\CodeIgniter->runController(Object(App\Controllers\Data))
 7 SYSTEMPATH\CodeIgniter.php(366): CodeIgniter\CodeIgniter->handleRequest(null, Object(Config\Cache), false)
 8 FCPATH\index.php(67): CodeIgniter\CodeIgniter->run()
 9 SYSTEMPATH\Commands\Server\rewrite.php(47): require_once('C:\\laragon\\www\\dashboard\\public\\index.php')
INFO - 2023-12-20 03:49:04 --> Session: Class initialized using 'CodeIgniter\Session\Handlers\FileHandler' driver.
CRITICAL - 2023-12-20 03:49:04 --> Undefined variable $kategori
in APPPATH\Views\layout\page_layout.php on line 105.
 1 APPPATH\Views\layout\page_layout.php(105): CodeIgniter\Debug\Exceptions->errorHandler(2, 'Undefined variable $kategori', 'C:\\laragon\\www\\dashboard\\app\\Views\\layout\\page_layout.php', 105)
 2 SYSTEMPATH\View\View.php(224): include('C:\\laragon\\www\\dashboard\\app\\Views\\layout\\page_layout.php')
 3 SYSTEMPATH\View\View.php(227): CodeIgniter\View\View->CodeIgniter\View\{closure}()
 4 SYSTEMPATH\View\View.php(240): CodeIgniter\View\View->render('layout/page_layout', [], true)
 5 SYSTEMPATH\Common.php(1180): CodeIgniter\View\View->render('data/hcm/absensi', [], true)
 6 APPPATH\Controllers\Data.php(134): view('data/hcm/absensi', [...])
 7 SYSTEMPATH\CodeIgniter.php(932): App\Controllers\Data->absensi()
 8 SYSTEMPATH\CodeIgniter.php(497): CodeIgniter\CodeIgniter->runController(Object(App\Controllers\Data))
 9 SYSTEMPATH\CodeIgniter.php(366): CodeIgniter\CodeIgniter->handleRequest(null, Object(Config\Cache), false)
10 FCPATH\index.php(67): CodeIgniter\CodeIgniter->run()
11 SYSTEMPATH\Commands\Server\rewrite.php(47): require_once('C:\\laragon\\www\\dashboard\\public\\index.php')
INFO - 2023-12-20 03:49:30 --> Session: Class initialized using 'CodeIgniter\Session\Handlers\FileHandler' driver.
INFO - 2023-12-20 03:57:15 --> Session: Class initialized using 'CodeIgniter\Session\Handlers\FileHandler' driver.
INFO - 2023-12-20 03:57:25 --> Session: Class initialized using 'CodeIgniter\Session\Handlers\FileHandler' driver.
INFO - 2023-12-20 04:02:28 --> Session: Class initialized using 'CodeIgniter\Session\Handlers\FileHandler' driver.
INFO - 2023-12-20 04:06:06 --> Session: Class initialized using 'CodeIgniter\Session\Handlers\FileHandler' driver.
INFO - 2023-12-20 04:06:18 --> Session: Class initialized using 'CodeIgniter\Session\Handlers\FileHandler' driver.
INFO - 2023-12-20 04:07:29 --> Session: Class initialized using 'CodeIgniter\Session\Handlers\FileHandler' driver.
INFO - 2023-12-20 04:07:34 --> Session: Class initialized using 'CodeIgniter\Session\Handlers\FileHandler' driver.
INFO - 2023-12-20 09:42:42 --> Session: Class initialized using 'CodeIgniter\Session\Handlers\FileHandler' driver.
CRITICAL - 2023-12-20 09:42:42 --> Attempt to read property "kategori_user" on null
in APPPATH\Controllers\Proyek.php on line 219.
 1 APPPATH\Controllers\Proyek.php(219): CodeIgniter\Debug\Exceptions->errorHandler(2, 'Attempt to read property "kategori_user" on null', 'C:\\laragon\\www\\dashboard\\app\\Controllers\\Proyek.php', 219)
 2 SYSTEMPATH\CodeIgniter.php(932): App\Controllers\Proyek->ktl2()
 3 SYSTEMPATH\CodeIgniter.php(497): CodeIgniter\CodeIgniter->runController(Object(App\Controllers\Proyek))
 4 SYSTEMPATH\CodeIgniter.php(366): CodeIgniter\CodeIgniter->handleRequest(null, Object(Config\Cache), false)
 5 FCPATH\index.php(67): CodeIgniter\CodeIgniter->run()
 6 SYSTEMPATH\Commands\Server\rewrite.php(47): require_once('C:\\laragon\\www\\dashboard\\public\\index.php')
INFO - 2023-12-20 09:42:47 --> Session: Class initialized using 'CodeIgniter\Session\Handlers\FileHandler' driver.
CRITICAL - 2023-12-20 16:42:47 --> Attempt to read property "kategori_user" on null
in APPPATH\Controllers\Dashboard.php on line 33.
 1 APPPATH\Controllers\Dashboard.php(33): CodeIgniter\Debug\Exceptions->errorHandler(2, 'Attempt to read property "kategori_user" on null', 'C:\\laragon\\www\\dashboard\\app\\Controllers\\Dashboard.php', 33)
 2 SYSTEMPATH\CodeIgniter.php(932): App\Controllers\Dashboard->index()
 3 SYSTEMPATH\CodeIgniter.php(497): CodeIgniter\CodeIgniter->runController(Object(App\Controllers\Dashboard))
 4 SYSTEMPATH\CodeIgniter.php(366): CodeIgniter\CodeIgniter->handleRequest(null, Object(Config\Cache), false)
 5 FCPATH\index.php(67): CodeIgniter\CodeIgniter->run()
 6 SYSTEMPATH\Commands\Server\rewrite.php(47): require_once('C:\\laragon\\www\\dashboard\\public\\index.php')
INFO - 2023-12-20 09:42:52 --> Session: Class initialized using 'CodeIgniter\Session\Handlers\FileHandler' driver.
INFO - 2023-12-20 09:42:57 --> Session: Class initialized using 'CodeIgniter\Session\Handlers\FileHandler' driver.
INFO - 2023-12-20 09:43:01 --> Session: Class initialized using 'CodeIgniter\Session\Handlers\FileHandler' driver.
INFO - 2023-12-20 09:43:08 --> Session: Class initialized using 'CodeIgniter\Session\Handlers\FileHandler' driver.
INFO - 2023-12-20 09:43:15 --> Session: Class initialized using 'CodeIgniter\Session\Handlers\FileHandler' driver.
INFO - 2023-12-20 10:19:07 --> Session: Class initialized using 'CodeIgniter\Session\Handlers\FileHandler' driver.
INFO - 2023-12-20 10:31:39 --> Session: Class initialized using 'CodeIgniter\Session\Handlers\FileHandler' driver.
INFO - 2023-12-20 10:31:43 --> Session: Class initialized using 'CodeIgniter\Session\Handlers\FileHandler' driver.
